This is pdfTeX, Version 3.141592653-2.6-1.40.22 (TeX Live 2022/dev/Debian) (preloaded format=pdflatex 2023.11.14)  21 NOV 2023 21:51
entering extended mode
 restricted \write18 enabled.
 %&-line parsing enabled.
**refman
(./refman.tex
LaTeX2e <2021-11-15> patch level 1
L3 programming layer <2022-01-21>
(/usr/share/texlive/texmf-dist/tex/latex/base/book.cls
Document Class: book 2021/10/04 v1.4n Standard LaTeX document class
(/usr/share/texlive/texmf-dist/tex/latex/base/bk10.clo
File: bk10.clo 2021/10/04 v1.4n Standard LaTeX file (size option)
)
\c@part=\count185
\c@chapter=\count186
\c@section=\count187
\c@subsection=\count188
\c@subsubsection=\count189
\c@paragraph=\count190
\c@subparagraph=\count191
\c@figure=\count192
\c@table=\count193
\abovecaptionskip=\skip47
\belowcaptionskip=\skip48
\bibindent=\dimen138
)
(/usr/share/texlive/texmf-dist/tex/latex/base/ifthen.sty
Package: ifthen 2020/11/24 v1.1c Standard LaTeX ifthen package (DPC)
)
(/usr/share/texlive/texmf-dist/tex/latex/tools/array.sty
Rollback for package 'array' requested -> date 2016-10-06.
         Best approximation is the release introduced on 2016-10-06.

(/usr/share/texlive/texmf-dist/tex/latex/tools/array-2016-10-06.sty
Package: array 2016/10/06 v2.4d Tabular extension package (FMi)
\col@sep=\dimen139
\extrarowheight=\dimen140
\NC@list=\toks16
\extratabsurround=\skip49
\backup@length=\skip50
))
(/usr/share/texlive/texmf-dist/tex/generic/infwarerr/infwarerr.sty
package info suppressed
)
(./doxygen.sty
Package: doxygen 
 (/usr/share/texlive/texmf-dist/tex/latex/base/alltt.sty
Package: alltt 2021/01/29 v2.0g defines alltt environment
)
(/usr/share/texlive/texmf-dist/tex/latex/tools/calc.sty
Package: calc 2017/05/25 v4.3 Infix arithmetic (KKT,FJ)
\calc@Acount=\count194
\calc@Bcount=\count195
\calc@Adimen=\dimen141
\calc@Bdimen=\dimen142
\calc@Askip=\skip51
\calc@Bskip=\skip52
LaTeX Info: Redefining \setlength on input line 80.
LaTeX Info: Redefining \addtolength on input line 81.
\calc@Ccount=\count196
\calc@Cskip=\skip53
)
(/usr/share/texlive/texmf-dist/tex/latex/float/float.sty
Package: float 2001/11/08 v1.3d Float enhancements (AL)
\c@float@type=\count197
\float@exts=\toks17
\float@box=\box50
\@float@everytoks=\toks18
\@floatcapt=\box51
)
(/usr/share/texlive/texmf-dist/tex/latex/tools/verbatim.sty
Package: verbatim 2020-07-07 v1.5u LaTeX2e package for verbatim enhancements
\every@verbatim=\toks19
\verbatim@line=\toks20
\verbatim@in@stream=\read2
)
(/usr/share/texlive/texmf-dist/tex/latex/xcolor/xcolor.sty
Package: xcolor 2021/10/31 v2.13 LaTeX color extensions (UK)

(/usr/share/texlive/texmf-dist/tex/latex/graphics-cfg/color.cfg
File: color.cfg 2016/01/02 v1.6 sample color configuration
)
Package xcolor Info: Driver file: pdftex.def on input line 227.

(/usr/share/texlive/texmf-dist/tex/latex/graphics-def/pdftex.def
File: pdftex.def 2020/10/05 v1.2a Graphics/color driver for pdftex
)
(/usr/share/texlive/texmf-dist/tex/latex/colortbl/colortbl.sty
Package: colortbl 2020/01/04 v1.0e Color table columns (DPC)
\everycr=\toks21
\minrowclearance=\skip54
)
\rownum=\count198
Package xcolor Info: Model `cmy' substituted by `cmy0' on input line 1352.
Package xcolor Info: Model `hsb' substituted by `rgb' on input line 1356.
Package xcolor Info: Model `RGB' extended on input line 1368.
Package xcolor Info: Model `HTML' substituted by `rgb' on input line 1370.
Package xcolor Info: Model `Hsb' substituted by `hsb' on input line 1371.
Package xcolor Info: Model `tHsb' substituted by `hsb' on input line 1372.
Package xcolor Info: Model `HSB' substituted by `hsb' on input line 1373.
Package xcolor Info: Model `Gray' substituted by `gray' on input line 1374.
Package xcolor Info: Model `wave' substituted by `hsb' on input line 1375.
)
(./longtable_doxygen.sty
Package: longtable_doxygen 2014/10/28 v4.11 Multi-page Table package (DPC) - fr
ozen version for doxygen
\LTleft=\skip55
\LTright=\skip56
\LTpre=\skip57
\LTpost=\skip58
\LTchunksize=\count199
\LTcapwidth=\dimen143
\LT@head=\box52
\LT@firsthead=\box53
\LT@foot=\box54
\LT@lastfoot=\box55
\LT@cols=\count266
\LT@rows=\count267
\c@LT@tables=\count268
\c@LT@chunks=\count269
\LT@p@ftn=\toks22
) (./tabu_doxygen.sty
Package: tabu_doxygen 2011/02/26 v2.8 - flexible LaTeX tabulars (FC), frozen ve
rsion for doxygen

(/usr/share/texlive/texmf-dist/tex/latex/varwidth/varwidth.sty
Package: varwidth 2009/03/30 ver 0.92;  Variable-width minipages
\@vwid@box=\box56
\sift@deathcycles=\count270
\@vwid@loff=\dimen144
\@vwid@roff=\dimen145
)
\c@taburow=\count271
\tabu@nbcols=\count272
\tabu@cnt=\count273
\tabu@Xcol=\count274
\tabu@alloc=\count275
\tabu@nested=\count276
\tabu@target=\dimen146
\tabu@spreadtarget=\dimen147
\tabu@naturalX=\dimen148
\tabucolX=\dimen149
\tabu@Xsum=\dimen150
\extrarowdepth=\dimen151
\abovetabulinesep=\dimen152
\belowtabulinesep=\dimen153
\tabustrutrule=\dimen154
\tabu@thebody=\toks23
\tabu@footnotes=\toks24
\tabu@box=\box57
\tabu@arstrutbox=\box58
\tabu@hleads=\box59
\tabu@vleads=\box60
\tabu@cellskip=\skip59
)
(/usr/share/texlive/texmf-dist/tex/latex/fancyvrb/fancyvrb.sty
Package: fancyvrb 2021/12/21 4.1b verbatim text (tvz,hv)

(/usr/share/texlive/texmf-dist/tex/latex/graphics/keyval.sty
Package: keyval 2014/10/28 v1.15 key=value parser (DPC)
\KV@toks@=\toks25
)
\FV@CodeLineNo=\count277
\FV@InFile=\read3
\FV@TabBox=\box61
\c@FancyVerbLine=\count278
\FV@StepNumber=\count279
\FV@OutFile=\write3
)
(/usr/share/texlive/texmf-dist/tex/latex/tools/tabularx.sty
Package: tabularx 2020/01/15 v2.11c `tabularx' package (DPC)
\TX@col@width=\dimen155
\TX@old@table=\dimen156
\TX@old@col=\dimen157
\TX@target=\dimen158
\TX@delta=\dimen159
\TX@cols=\count280
\TX@ftn=\toks26
)
(/usr/share/texlive/texmf-dist/tex/latex/tools/multicol.sty
Package: multicol 2021/10/28 v1.9b multicolumn formatting (FMi)
\c@tracingmulticols=\count281
\mult@box=\box62
\multicol@leftmargin=\dimen160
\c@unbalance=\count282
\c@collectmore=\count283
\doublecol@number=\count284
\multicoltolerance=\count285
\multicolpretolerance=\count286
\full@width=\dimen161
\page@free=\dimen162
\premulticols=\dimen163
\postmulticols=\dimen164
\multicolsep=\skip60
\multicolbaselineskip=\skip61
\partial@page=\box63
\last@line=\box64
\maxbalancingoverflow=\dimen165
\mult@rightbox=\box65
\mult@grightbox=\box66
\mult@firstbox=\box67
\mult@gfirstbox=\box68
\@tempa=\box69
\@tempa=\box70
\@tempa=\box71
\@tempa=\box72
\@tempa=\box73
\@tempa=\box74
\@tempa=\box75
\@tempa=\box76
\@tempa=\box77
\@tempa=\box78
\@tempa=\box79
\@tempa=\box80
\@tempa=\box81
\@tempa=\box82
\@tempa=\box83
\@tempa=\box84
\@tempa=\box85
\@tempa=\box86
\@tempa=\box87
\@tempa=\box88
\@tempa=\box89
\@tempa=\box90
\@tempa=\box91
\@tempa=\box92
\@tempa=\box93
\@tempa=\box94
\@tempa=\box95
\@tempa=\box96
\@tempa=\box97
\@tempa=\box98
\@tempa=\box99
\@tempa=\box100
\@tempa=\box101
\@tempa=\box102
\@tempa=\box103
\@tempa=\box104
\c@minrows=\count287
\c@columnbadness=\count288
\c@finalcolumnbadness=\count289
\last@try=\dimen166
\multicolovershoot=\dimen167
\multicolundershoot=\dimen168
\mult@nat@firstbox=\box105
\colbreak@box=\box106
\mc@col@check@num=\count290
)
(/usr/share/texlive/texmf-dist/tex/latex/multirow/multirow.sty
Package: multirow 2021/03/15 v2.8 Span multiple rows of a table
\multirow@colwidth=\skip62
\multirow@cntb=\count291
\multirow@dima=\skip63
\bigstrutjot=\dimen169
)
(/usr/share/texlive/texmf-dist/tex/latex/hanging/hanging.sty
Package: hanging 2009/09/02 v1.2b hanging paragraphs and punctuation
\h@ngcommawd=\skip64
\h@ngfstopwd=\skip65
\h@ngquotewd=\skip66
\h@ngdquotewd=\skip67
\h@ngquerywd=\skip68
\h@ngexclwd=\skip69
\h@ngcolonwd=\skip70
\h@ngscolonwd=\skip71
)
(/usr/share/texlive/texmf-dist/tex/generic/iftex/ifpdf.sty
Package: ifpdf 2019/10/25 v3.4 ifpdf legacy package. Use iftex instead.

(/usr/share/texlive/texmf-dist/tex/generic/iftex/iftex.sty
Package: iftex 2020/03/06 v1.0d TeX engine tests
))
(/usr/share/texlive/texmf-dist/tex/latex/adjustbox/adjustbox.sty
Package: adjustbox 2020/08/19 v1.3 Adjusting TeX boxes (trim, clip, ...)

(/usr/share/texlive/texmf-dist/tex/latex/xkeyval/xkeyval.sty
Package: xkeyval 2020/11/20 v2.8 package option processing (HA)

(/usr/share/texlive/texmf-dist/tex/generic/xkeyval/xkeyval.tex
(/usr/share/texlive/texmf-dist/tex/generic/xkeyval/xkvutils.tex
\XKV@toks=\toks27
\XKV@tempa@toks=\toks28
)
\XKV@depth=\count292
File: xkeyval.tex 2014/12/03 v2.7a key=value parser (HA)
))
(/usr/share/texlive/texmf-dist/tex/latex/adjustbox/adjcalc.sty
Package: adjcalc 2012/05/16 v1.1 Provides advanced setlength with multiple back
-ends (calc, etex, pgfmath)
)
(/usr/share/texlive/texmf-dist/tex/latex/adjustbox/trimclip.sty
Package: trimclip 2020/08/19 v1.2 Trim and clip general TeX material

(/usr/share/texlive/texmf-dist/tex/latex/graphics/graphicx.sty
Package: graphicx 2021/09/16 v1.2d Enhanced LaTeX Graphics (DPC,SPQR)

(/usr/share/texlive/texmf-dist/tex/latex/graphics/graphics.sty
Package: graphics 2021/03/04 v1.4d Standard LaTeX Graphics (DPC,SPQR)

(/usr/share/texlive/texmf-dist/tex/latex/graphics/trig.sty
Package: trig 2021/08/11 v1.11 sin cos tan (DPC)
)
(/usr/share/texlive/texmf-dist/tex/latex/graphics-cfg/graphics.cfg
File: graphics.cfg 2016/06/04 v1.11 sample graphics configuration
)
Package graphics Info: Driver file: pdftex.def on input line 107.
)
\Gin@req@height=\dimen170
\Gin@req@width=\dimen171
)
(/usr/share/texlive/texmf-dist/tex/latex/collectbox/collectbox.sty
Package: collectbox 2012/05/17 v0.4b Collect macro arguments as boxes
\collectedbox=\box107
)
\tc@llx=\dimen172
\tc@lly=\dimen173
\tc@urx=\dimen174
\tc@ury=\dimen175
Package trimclip Info: Using driver 'tc-pdftex.def'.

(/usr/share/texlive/texmf-dist/tex/latex/adjustbox/tc-pdftex.def
File: tc-pdftex.def 2019/01/04 v2.2 Clipping driver for pdftex
))
\adjbox@Width=\dimen176
\adjbox@Height=\dimen177
\adjbox@Depth=\dimen178
\adjbox@Totalheight=\dimen179
\adjbox@pwidth=\dimen180
\adjbox@pheight=\dimen181
\adjbox@pdepth=\dimen182
\adjbox@ptotalheight=\dimen183

(/usr/share/texlive/texmf-dist/tex/latex/ifoddpage/ifoddpage.sty
Package: ifoddpage 2016/04/23 v1.1 Conditionals for odd/even page detection
\c@checkoddpage=\count293
))
(/usr/share/texlive/texmf-dist/tex/latex/amsfonts/amssymb.sty
Package: amssymb 2013/01/14 v3.01 AMS font symbols

(/usr/share/texlive/texmf-dist/tex/latex/amsfonts/amsfonts.sty
Package: amsfonts 2013/01/14 v3.01 Basic AMSFonts support
\@emptytoks=\toks29
\symAMSa=\mathgroup4
\symAMSb=\mathgroup5
LaTeX Font Info:    Redeclaring math symbol \hbar on input line 98.
LaTeX Font Info:    Overwriting math alphabet `\mathfrak' in version `bold'
(Font)                  U/euf/m/n --> U/euf/b/n on input line 106.
))
(/usr/share/texlive/texmf-dist/tex/latex/stackengine/stackengine.sty
Package: stackengine 2021/07/22 v4.11\ Stacking text and objects in convenient 
ways

(/usr/share/texlive/texmf-dist/tex/latex/etoolbox/etoolbox.sty
Package: etoolbox 2020/10/05 v2.5k e-TeX tools for LaTeX (JAW)
\etb@tempcnta=\count294
)
(/usr/share/texlive/texmf-dist/tex/generic/listofitems/listofitems.sty
(/usr/share/texlive/texmf-dist/tex/generic/listofitems/listofitems.tex
\loi_cnt_foreach_nest=\count295
\loi_nestcnt=\count296
)
Package: listofitems 2019/08/21 v1.63 Grab items in lists using user-specified 
sep char (CT)
)
\c@@stackindex=\count297
\@boxshift=\skip72
\stack@tmplength=\skip73
\temp@stkl=\skip74
\@stackedboxwidth=\skip75
\@addedbox=\box108
\@anchorbox=\box109
\@insetbox=\box110
\se@backgroundbox=\box111
\stackedbox=\box112
\@centerbox=\box113
\c@ROWcellindex@=\count298
)
(/usr/share/texlive/texmf-dist/tex/latex/enumitem/enumitem.sty
Package: enumitem 2019/06/20 v3.9 Customized lists
\labelindent=\skip76
\enit@outerparindent=\dimen184
\enit@toks=\toks30
\enit@inbox=\box114
\enit@count@id=\count299
\enitdp@description=\count300
)
(/usr/share/texlive/texmf-dist/tex/generic/alphalph/alphalph.sty
Package: alphalph 2019/12/09 v2.6 Convert numbers to letters (HO)

(/usr/share/texlive/texmf-dist/tex/generic/intcalc/intcalc.sty
Package: intcalc 2019/12/15 v1.3 Expandable calculations with integers (HO)
))
(/usr/share/texlive/texmf-dist/tex/generic/ulem/ulem.sty
\UL@box=\box115
\UL@hyphenbox=\box116
\UL@skip=\skip77
\UL@hook=\toks31
\UL@height=\dimen185
\UL@pe=\count301
\UL@pixel=\dimen186
\ULC@box=\box117
Package: ulem 2019/11/18
\ULdepth=\dimen187
)
\xrefbox=\box118
\xreflength=\skip78
\CodeWidthChar=\skip79
\CodeHeightChar=\skip80
\DoxyCodeWidth=\skip81
\c@DoxyEnumeratei=\count302
\c@DoxyEnumerateii=\count303
\c@DoxyEnumerateiii=\count304
\c@DoxyEnumerateiv=\count305
\c@DoxyEnumeratev=\count306
\c@DoxyEnumeratevi=\count307
\c@DoxyEnumeratevii=\count308
\c@DoxyEnumerateviii=\count309
\c@DoxyEnumerateix=\count310
\c@DoxyEnumeratex=\count311
\c@DoxyEnumeratexi=\count312
\c@DoxyEnumeratexii=\count313
\enitdp@DoxyEnumerate=\count314
\enitdp@DoxyItemize=\count315
\c@subsubsubsection=\count316
\c@subsubsubsubsection=\count317
\c@subsubsubsubsubsection=\count318
\c@subsubsubsubsubsubsection=\count319
)
(/usr/share/texlive/texmf-dist/tex/latex/base/inputenc.sty
Package: inputenc 2021/02/14 v1.3d Input encoding file
\inpenc@prehook=\toks32
\inpenc@posthook=\toks33
)
(/usr/share/texlive/texmf-dist/tex/latex/base/makeidx.sty
Package: makeidx 2021/10/04 v1.0m Standard LaTeX package
)
(/usr/share/texlive/texmf-dist/tex/latex/base/textcomp.sty
Package: textcomp 2020/02/02 v2.0n Standard LaTeX package
)
(/usr/share/texlive/texmf-dist/tex/latex/wasysym/wasysym.sty
Package: wasysym 2020/01/19 v2.4 Wasy-2 symbol support package
\symwasy=\mathgroup6
LaTeX Font Info:    Overwriting symbol font `wasy' in version `bold'
(Font)                  U/wasy/m/n --> U/wasy/b/n on input line 93.
)
(/usr/share/texlive/texmf-dist/tex/generic/iftex/ifxetex.sty
Package: ifxetex 2019/10/25 v0.7 ifxetex legacy package. Use iftex instead.
)
(/usr/share/texlive/texmf-dist/tex/latex/base/fontenc.sty
Package: fontenc 2021/04/29 v2.0v Standard LaTeX package
)
(/usr/share/texlive/texmf-dist/tex/latex/psnfss/helvet.sty
Package: helvet 2020/03/25 PSNFSS-v9.3 (WaS) 
)
(/usr/share/texlive/texmf-dist/tex/latex/psnfss/courier.sty
Package: courier 2020/03/25 PSNFSS-v9.3 (WaS) 
)
(/usr/share/texlive/texmf-dist/tex/latex/geometry/geometry.sty
Package: geometry 2020/01/02 v5.9 Page Geometry

(/usr/share/texlive/texmf-dist/tex/generic/iftex/ifvtex.sty
Package: ifvtex 2019/10/25 v1.7 ifvtex legacy package. Use iftex instead.
)
\Gm@cnth=\count320
\Gm@cntv=\count321
\c@Gm@tempcnt=\count322
\Gm@bindingoffset=\dimen188
\Gm@wd@mp=\dimen189
\Gm@odd@mp=\dimen190
\Gm@even@mp=\dimen191
\Gm@layoutwidth=\dimen192
\Gm@layoutheight=\dimen193
\Gm@layouthoffset=\dimen194
\Gm@layoutvoffset=\dimen195
\Gm@dimlist=\toks34
)
(/usr/share/texlive/texmf-dist/tex/latex/changepage/changepage.sty
Package: changepage 2009/10/20 v1.0c check page and change page layout
\c@cp@cntr=\count323
\cp@tempcnt=\count324
LaTeX Info: Redefining \checkoddpage on input line 59.
)
(/usr/share/texlive/texmf-dist/tex/latex/fancyhdr/fancyhdr.sty
Package: fancyhdr 2021/01/28 v4.0.1 Extensive control of page headers and foote
rs
\f@nch@headwidth=\skip82
\f@nch@O@elh=\skip83
\f@nch@O@erh=\skip84
\f@nch@O@olh=\skip85
\f@nch@O@orh=\skip86
\f@nch@O@elf=\skip87
\f@nch@O@erf=\skip88
\f@nch@O@olf=\skip89
\f@nch@O@orf=\skip90
)
(/usr/share/texlive/texmf-dist/tex/latex/natbib/natbib.sty
Package: natbib 2010/09/13 8.31b (PWD, AO)
\bibhang=\skip91
\bibsep=\skip92
LaTeX Info: Redefining \cite on input line 694.
\c@NAT@ctr=\count325
)
(/usr/share/texlive/texmf-dist/tex/latex/tocloft/tocloft.sty
Package: tocloft 2017/08/31 v2.3i parameterised ToC, etc., typesetting
Package tocloft Info: The document has chapter divisions on input line 51.
\cftparskip=\skip93
\cftbeforetoctitleskip=\skip94
\cftaftertoctitleskip=\skip95
\cftbeforepartskip=\skip96
\cftpartnumwidth=\skip97
\cftpartindent=\skip98
\cftbeforechapskip=\skip99
\cftchapindent=\skip100
\cftchapnumwidth=\skip101
\cftbeforesecskip=\skip102
\cftsecindent=\skip103
\cftsecnumwidth=\skip104
\cftbeforesubsecskip=\skip105
\cftsubsecindent=\skip106
\cftsubsecnumwidth=\skip107
\cftbeforesubsubsecskip=\skip108
\cftsubsubsecindent=\skip109
\cftsubsubsecnumwidth=\skip110
\cftbeforeparaskip=\skip111
\cftparaindent=\skip112
\cftparanumwidth=\skip113
\cftbeforesubparaskip=\skip114
\cftsubparaindent=\skip115
\cftsubparanumwidth=\skip116
\cftbeforeloftitleskip=\skip117
\cftafterloftitleskip=\skip118
\cftbeforefigskip=\skip119
\cftfigindent=\skip120
\cftfignumwidth=\skip121
\c@lofdepth=\count326
\c@lotdepth=\count327
\cftbeforelottitleskip=\skip122
\cftafterlottitleskip=\skip123
\cftbeforetabskip=\skip124
\cfttabindent=\skip125
\cfttabnumwidth=\skip126
)
\@indexfile=\write4
\openout4 = `refman.idx'.


Writing index file refman.idx
(/usr/share/texlive/texmf-dist/tex/latex/newunicodechar/newunicodechar.sty
Package: newunicodechar 2018/04/08 v1.2 Defining Unicode characters
)
(/usr/share/texlive/texmf-dist/tex/latex/hyperref/hyperref.sty
Package: hyperref 2021-06-07 v7.00m Hypertext links for LaTeX

(/usr/share/texlive/texmf-dist/tex/generic/ltxcmds/ltxcmds.sty
Package: ltxcmds 2020-05-10 v1.25 LaTeX kernel commands for general use (HO)
)
(/usr/share/texlive/texmf-dist/tex/generic/pdftexcmds/pdftexcmds.sty
Package: pdftexcmds 2020-06-27 v0.33 Utility functions of pdfTeX for LuaTeX (HO
)
Package pdftexcmds Info: \pdf@primitive is available.
Package pdftexcmds Info: \pdf@ifprimitive is available.
Package pdftexcmds Info: \pdfdraftmode found.
)
(/usr/share/texlive/texmf-dist/tex/generic/kvsetkeys/kvsetkeys.sty
Package: kvsetkeys 2019/12/15 v1.18 Key value parser (HO)
)
(/usr/share/texlive/texmf-dist/tex/generic/kvdefinekeys/kvdefinekeys.sty
Package: kvdefinekeys 2019-12-19 v1.6 Define keys (HO)
)
(/usr/share/texlive/texmf-dist/tex/generic/pdfescape/pdfescape.sty
Package: pdfescape 2019/12/09 v1.15 Implements pdfTeX's escape features (HO)
)
(/usr/share/texlive/texmf-dist/tex/latex/hycolor/hycolor.sty
Package: hycolor 2020-01-27 v1.10 Color options for hyperref/bookmark (HO)
)
(/usr/share/texlive/texmf-dist/tex/latex/letltxmacro/letltxmacro.sty
Package: letltxmacro 2019/12/03 v1.6 Let assignment for LaTeX macros (HO)
)
(/usr/share/texlive/texmf-dist/tex/latex/auxhook/auxhook.sty
Package: auxhook 2019-12-17 v1.6 Hooks for auxiliary files (HO)
)
(/usr/share/texlive/texmf-dist/tex/latex/kvoptions/kvoptions.sty
Package: kvoptions 2020-10-07 v3.14 Key value format for package options (HO)
)
\@linkdim=\dimen196
\Hy@linkcounter=\count328
\Hy@pagecounter=\count329

(/usr/share/texlive/texmf-dist/tex/latex/hyperref/pd1enc.def
File: pd1enc.def 2021-06-07 v7.00m Hyperref: PDFDocEncoding definition (HO)
Now handling font encoding PD1 ...
... no UTF-8 mapping file for font encoding PD1
)
(/usr/share/texlive/texmf-dist/tex/latex/hyperref/hyperref-langpatches.def
File: hyperref-langpatches.def 2021-06-07 v7.00m Hyperref: patches for babel la
nguages
)
(/usr/share/texlive/texmf-dist/tex/generic/etexcmds/etexcmds.sty
Package: etexcmds 2019/12/15 v1.7 Avoid name clashes with e-TeX commands (HO)
)
\Hy@SavedSpaceFactor=\count330

(/usr/share/texlive/texmf-dist/tex/latex/hyperref/puenc.def
File: puenc.def 2021-06-07 v7.00m Hyperref: PDF Unicode definition (HO)
Now handling font encoding PU ...
... no UTF-8 mapping file for font encoding PU
)
Package hyperref Info: Hyper figures OFF on input line 4192.
Package hyperref Info: Link nesting OFF on input line 4197.
Package hyperref Info: Hyper index ON on input line 4200.
Package hyperref Info: Plain pages OFF on input line 4207.
Package hyperref Info: Backreferencing ON on input line 4210.
Package hyperref Info: Implicit mode ON; LaTeX internals redefined.
Package hyperref Info: Bookmarks ON on input line 4445.

(/usr/share/texlive/texmf-dist/tex/latex/hyperref/backref.sty
Package: backref 2021/02/04 v1.41 Bibliographical back referencing

(/usr/share/texlive/texmf-dist/tex/latex/rerunfilecheck/rerunfilecheck.sty
Package: rerunfilecheck 2019/12/05 v1.9 Rerun checks for auxiliary files (HO)

(/usr/share/texlive/texmf-dist/tex/latex/base/atveryend-ltx.sty
Package: atveryend-ltx 2020/08/19 v1.0a Emulation of the original atveryend pac
kage
with kernel methods
)
(/usr/share/texlive/texmf-dist/tex/generic/uniquecounter/uniquecounter.sty
Package: uniquecounter 2019/12/15 v1.4 Provide unlimited unique counter (HO)

(/usr/share/texlive/texmf-dist/tex/generic/bigintcalc/bigintcalc.sty
Package: bigintcalc 2019/12/15 v1.5 Expandable calculations on big integers (HO
)
))
Package uniquecounter Info: New unique counter `rerunfilecheck' on input line 2
86.
))
\c@Hy@tempcnt=\count331

(/usr/share/texlive/texmf-dist/tex/latex/url/url.sty
\Urlmuskip=\muskip16
Package: url 2013/09/16  ver 3.4  Verb mode for urls, etc.
)
LaTeX Info: Redefining \url on input line 4804.
\XeTeXLinkMargin=\dimen197

(/usr/share/texlive/texmf-dist/tex/generic/bitset/bitset.sty
Package: bitset 2019/12/09 v1.3 Handle bit-vector datatype (HO)
)
\Fld@menulength=\count332
\Field@Width=\dimen198
\Fld@charsize=\dimen199
Package hyperref Info: Hyper figures OFF on input line 6076.
Package hyperref Info: Link nesting OFF on input line 6081.
Package hyperref Info: Hyper index ON on input line 6084.
Package hyperref Info: backreferencing ON on input line 6089.
Package hyperref Info: Link coloring OFF on input line 6096.
Package hyperref Info: Link coloring with OCG OFF on input line 6101.
Package hyperref Info: PDF/A mode OFF on input line 6106.
LaTeX Info: Redefining \ref on input line 6146.
LaTeX Info: Redefining \pageref on input line 6150.

(/usr/share/texlive/texmf-dist/tex/latex/base/atbegshi-ltx.sty
Package: atbegshi-ltx 2021/01/10 v1.0c Emulation of the original atbegshi
package with kernel methods
)
\Hy@abspage=\count333
\c@Item=\count334
\c@Hfootnote=\count335
)
Package hyperref Info: Driver: hpdftex.

(/usr/share/texlive/texmf-dist/tex/latex/hyperref/hpdftex.def
File: hpdftex.def 2021-06-07 v7.00m Hyperref driver for pdfTeX
\Fld@listcount=\count336
\c@bookmark@seq@number=\count337
\Hy@SectionHShift=\skip127
)
Package hyperref Info: Option `colorlinks' set `true' on input line 161.
Package hyperref Info: Option `unicode' set `true' on input line 161.

(/usr/share/texlive/texmf-dist/tex/latex/caption/caption.sty
Package: caption 2020/10/26 v3.5g Customizing captions (AR)

(/usr/share/texlive/texmf-dist/tex/latex/caption/caption3.sty
Package: caption3 2020/10/21 v2.2e caption3 kernel (AR)
\captionmargin=\dimen256
\captionmargin@=\dimen257
\captionwidth=\dimen258
\caption@tempdima=\dimen259
\caption@indent=\dimen260
\caption@parindent=\dimen261
\caption@hangindent=\dimen262
Package caption Info: Standard document class detected.
)
\c@caption@flags=\count338
\c@continuedfloat=\count339
Package caption Info: changepage package is loaded.
\caption@adjustwidth@hsize=\dimen263
\caption@adjustwidth@linewidth=\dimen264
Package caption Info: float package is loaded.
Package caption Info: hyperref package is loaded.
Package caption Info: longtable package is loaded.

(/usr/share/texlive/texmf-dist/tex/latex/caption/ltcaption.sty
Package: ltcaption 2020/05/30 v1.4b longtable captions (AR)
))
(./etoc_doxygen.sty
Package: etoc_doxygen 2023/07/01 v1.2b Completely customisable TOCs (JFB)
\Etoc@toctoks=\toks35
\c@etoc@tocid=\count340
\etoc@framed@titlebox=\box119
\etoc@framed@contentsbox=\box120
)
LaTeX Font Info:    Trying to load font information for T1+phv on input line 18
3.
 (/usr/share/texlive/texmf-dist/tex/latex/psnfss/t1phv.fd
File: t1phv.fd 2020/03/25 scalable font definitions for T1/phv.
)
LaTeX Font Info:    Font shape `T1/phv/m/n' will be
(Font)              scaled to size 8.99994pt on input line 183.

(/usr/share/texlive/texmf-dist/tex/latex/l3backend/l3backend-pdftex.def
File: l3backend-pdftex.def 2022-01-12 L3 backend support: PDF output (pdfTeX)
\l__color_backend_stack_int=\count341
\l__pdf_internal_box=\box121
)
No file refman.aux.
\openout1 = `refman.aux'.

LaTeX Font Info:    Checking defaults for OML/cmm/m/it on input line 183.
LaTeX Font Info:    ... okay on input line 183.
LaTeX Font Info:    Checking defaults for OMS/cmsy/m/n on input line 183.
LaTeX Font Info:    ... okay on input line 183.
LaTeX Font Info:    Checking defaults for OT1/cmr/m/n on input line 183.
LaTeX Font Info:    ... okay on input line 183.
LaTeX Font Info:    Checking defaults for T1/cmr/m/n on input line 183.
LaTeX Font Info:    ... okay on input line 183.
LaTeX Font Info:    Checking defaults for TS1/cmr/m/n on input line 183.
LaTeX Font Info:    ... okay on input line 183.
LaTeX Font Info:    Checking defaults for OMX/cmex/m/n on input line 183.
LaTeX Font Info:    ... okay on input line 183.
LaTeX Font Info:    Checking defaults for U/cmr/m/n on input line 183.
LaTeX Font Info:    ... okay on input line 183.
LaTeX Font Info:    Checking defaults for PD1/pdf/m/n on input line 183.
LaTeX Font Info:    ... okay on input line 183.
LaTeX Font Info:    Checking defaults for PU/pdf/m/n on input line 183.
LaTeX Font Info:    ... okay on input line 183.
(/usr/share/texlive/texmf-dist/tex/context/base/mkii/supp-pdf.mkii
[Loading MPS to PDF converter (version 2006.09.02).]
\scratchcounter=\count342
\scratchdimen=\dimen265
\scratchbox=\box122
\nofMPsegments=\count343
\nofMParguments=\count344
\everyMPshowfont=\toks36
\MPscratchCnt=\count345
\MPscratchDim=\dimen266
\MPnumerator=\count346
\makeMPintoPDFobject=\count347
\everyMPtoPDFconversion=\toks37
) (/usr/share/texlive/texmf-dist/tex/latex/epstopdf-pkg/epstopdf-base.sty
Package: epstopdf-base 2020-01-24 v2.11 Base part for package epstopdf
Package epstopdf-base Info: Redefining graphics rule for `.eps' on input line 4
85.

(/usr/share/texlive/texmf-dist/tex/latex/latexconfig/epstopdf-sys.cfg
File: epstopdf-sys.cfg 2010/07/13 v1.3 Configuration of (r)epstopdf for TeX Liv
e
))
*geometry* driver: auto-detecting
*geometry* detected driver: pdftex
*geometry* verbose mode - [ preamble ] result:
* driver: pdftex
* paper: a4paper
* layout: <same size as paper>
* layoutoffset:(h,v)=(0.0pt,0.0pt)
* modes: twoside 
* h-part:(L,W,R)=(71.13188pt, 455.24411pt, 71.13188pt)
* v-part:(T,H,B)=(71.13188pt, 702.78308pt, 71.13188pt)
* \paperwidth=597.50787pt
* \paperheight=845.04684pt
* \textwidth=455.24411pt
* \textheight=702.78308pt
* \oddsidemargin=-1.1381pt
* \evensidemargin=-1.1381pt
* \topmargin=-31.2056pt
* \headheight=12.0pt
* \headsep=18.06749pt
* \topskip=10.0pt
* \footskip=25.29494pt
* \marginparwidth=125.0pt
* \marginparsep=7.0pt
* \columnsep=10.0pt
* \skip\footins=9.0pt plus 4.0pt minus 2.0pt
* \hoffset=0.0pt
* \voffset=0.0pt
* \mag=1000
* \@twocolumnfalse
* \@twosidetrue
* \@mparswitchtrue
* \@reversemarginfalse
* (1in=72.27pt=25.4mm, 1cm=28.453pt)

Package hyperref Info: Link coloring ON on input line 183.
(/usr/share/texlive/texmf-dist/tex/latex/hyperref/nameref.sty
Package: nameref 2021-04-02 v2.47 Cross-referencing by name of section

(/usr/share/texlive/texmf-dist/tex/latex/refcount/refcount.sty
Package: refcount 2019/12/15 v3.6 Data extraction from label references (HO)
)
(/usr/share/texlive/texmf-dist/tex/generic/gettitlestring/gettitlestring.sty
Package: gettitlestring 2019/12/15 v1.6 Cleanup title references (HO)
)
\c@section@level=\count348
)
LaTeX Info: Redefining \ref on input line 183.
LaTeX Info: Redefining \pageref on input line 183.
LaTeX Info: Redefining \nameref on input line 183.
\@outlinefile=\write5
\openout5 = `refman.out'.

Package backref Info: ** backref set up for natbib ** on input line 183.
Package caption Info: Begin \AtBeginDocument code.
Package caption Info: End \AtBeginDocument code.

No file refman.toc.
Package hyperref Info: Option `pageanchor' set `false' on input line 191.
Package hyperref Info: Option `bookmarksnumbered' set `true' on input line 191.

Package hyperref Info: Option `unicode' set `true' on input line 191.
LaTeX Font Info:    Font shape `T1/phv/m/n' will be
(Font)              scaled to size 12.9599pt on input line 196.
LaTeX Font Info:    Font shape `T1/phv/m/n' will be
(Font)              scaled to size 10.79993pt on input line 198.
[1


{/var/lib/texmf/fonts/map/pdftex/updmap/pdftex.map}] [2

]
\tf@toc=\write6
\openout6 = `refman.toc'.

Package hyperref Info: Option `pageanchor' set `true' on input line 207.

Chapter 1.
LaTeX Font Info:    Font shape `T1/phv/m/n' will be
(Font)              scaled to size 18.66588pt on input line 209.
LaTeX Font Info:    Font shape `T1/phv/b/n' will be
(Font)              scaled to size 18.66588pt on input line 209.
LaTeX Font Info:    Font shape `T1/phv/b/n' will be
(Font)              scaled to size 22.39185pt on input line 209.
(./hierarchy.tex
LaTeX Font Info:    Font shape `T1/phv/b/n' will be
(Font)              scaled to size 12.9599pt on input line 1.
LaTeX Font Info:    Font shape `T1/phv/m/n' will be
(Font)              scaled to size 6.29996pt on input line 2.
LaTeX Font Info:    Trying to load font information for U+msa on input line 2.
 (/usr/share/texlive/texmf-dist/tex/latex/amsfonts/umsa.fd
File: umsa.fd 2013/01/14 v3.01 AMS symbols A
)
LaTeX Font Info:    Trying to load font information for U+msb on input line 2.

(/usr/share/texlive/texmf-dist/tex/latex/amsfonts/umsb.fd
File: umsb.fd 2013/01/14 v3.01 AMS symbols B
)
LaTeX Font Info:    Trying to load font information for U+wasy on input line 2.


(/usr/share/texlive/texmf-dist/tex/latex/wasysym/uwasy.fd
File: uwasy.fd 2020/01/19 v2.4 Wasy-2 symbol font definitions
)
LaTeX Font Info:    Font shape `T1/phv/b/n' will be
(Font)              scaled to size 8.99994pt on input line 3.


LaTeX Warning: Reference `classFlow' on page 1 undefined on input line 3.


LaTeX Warning: Reference `classFlowIMP' on page 1 undefined on input line 5.


LaTeX Warning: Reference `classExponencial' on page 1 undefined on input line 7
.


LaTeX Warning: Reference `classLogistical' on page 1 undefined on input line 8.



LaTeX Warning: Reference `classModel' on page 1 undefined on input line 11.


LaTeX Warning: Reference `classModelIMP' on page 1 undefined on input line 13.


LaTeX Warning: Reference `classSystem' on page 1 undefined on input line 15.


LaTeX Warning: Reference `classSystemIMP' on page 1 undefined on input line 17.


)
LaTeX Font Info:    Font shape `T1/phv/b/n' will be
(Font)              scaled to size 6.29996pt on input line 211.
 [1


] [2

]
Chapter 2.
(./annotated.tex

LaTeX Warning: Reference `classExponencial' on page 3 undefined on input line 3
.


LaTeX Warning: Reference `classFlow' on page 3 undefined on input line 4.


LaTeX Warning: Reference `classFlowIMP' on page 3 undefined on input line 5.


LaTeX Warning: Reference `classLogistical' on page 3 undefined on input line 6.



LaTeX Warning: Reference `classModel' on page 3 undefined on input line 7.


LaTeX Warning: Reference `classModelIMP' on page 3 undefined on input line 8.


LaTeX Warning: Reference `classSystem' on page 3 undefined on input line 9.


LaTeX Warning: Reference `classSystemIMP' on page 3 undefined on input line 10.


) [3] [4

]
Chapter 3.
(./files.tex

LaTeX Warning: Reference `Flow_8h' on page 5 undefined on input line 3.


LaTeX Warning: Reference `FlowIMP_8cpp' on page 5 undefined on input line 4.


LaTeX Warning: Reference `FlowIMP_8h' on page 5 undefined on input line 5.


LaTeX Warning: Reference `Model_8h' on page 5 undefined on input line 6.


LaTeX Warning: Reference `ModelIMP_8cpp' on page 5 undefined on input line 7.


Underfull \hbox (badness 10000) in paragraph at lines 7--7
 []  
 []


LaTeX Warning: Reference `ModelIMP_8h' on page 5 undefined on input line 8.


LaTeX Warning: Reference `System_8h' on page 5 undefined on input line 9.


LaTeX Warning: Reference `SystemIMP_8cpp' on page 5 undefined on input line 10.



Underfull \hbox (badness 10000) in paragraph at lines 10--10
 []  
 []


LaTeX Warning: Reference `SystemIMP_8h' on page 5 undefined on input line 11.


LaTeX Warning: Reference `Exponencial_8cpp' on page 5 undefined on input line 1
2.


LaTeX Warning: Reference `Exponencial_8h' on page 5 undefined on input line 13.



LaTeX Warning: Reference `Functional__tests_8cpp' on page 5 undefined on input 
line 14.


LaTeX Warning: Reference `Functional__tests_8h' on page 5 undefined on input li
ne 15.


LaTeX Warning: Reference `Logistical_8cpp' on page 5 undefined on input line 16
.


LaTeX Warning: Reference `Logistical_8h' on page 5 undefined on input line 17.


LaTeX Warning: Reference `main_8cpp' on page 5 undefined on input line 18.

) [5] [6

]
Chapter 4.
(./classExponencial.tex
LaTeX Font Info:    Trying to load font information for T1+pcr on input line 5.


(/usr/share/texlive/texmf-dist/tex/latex/psnfss/t1pcr.fd
File: t1pcr.fd 2001/06/04 font definitions for T1/pcr.
) <./classExponencial__inherit__graph.pdf>
<classExponencial__inherit__graph.pdf, id=95, 253.94875pt x 826.08624pt>
File: classExponencial__inherit__graph.pdf Graphic file (type pdf)
<use classExponencial__inherit__graph.pdf>
Package pdftex.def Info: classExponencial__inherit__graph.pdf  used on input li
ne 14.
(pdftex.def)             Requested size: 169.07916pt x 550.0pt.
 [7] <./classExponencial__coll__graph.pdf>
<classExponencial__coll__graph.pdf, id=111, 469.755pt x 819.06pt>
File: classExponencial__coll__graph.pdf Graphic file (type pdf)
<use classExponencial__coll__graph.pdf>
Package pdftex.def Info: classExponencial__coll__graph.pdf  used on input line 
24.
(pdftex.def)             Requested size: 315.45818pt x 550.0pt.
 [8]
LaTeX Font Info:    Trying to load font information for TS1+phv on input line 3
0.

(/usr/share/texlive/texmf-dist/tex/latex/psnfss/ts1phv.fd
File: ts1phv.fd 2020/03/25 scalable font definitions for TS1/phv.
)
LaTeX Font Info:    Font shape `TS1/phv/m/n' will be
(Font)              scaled to size 8.99994pt on input line 30.
LaTeX Font Info:    Font shape `T1/phv/m/n' will be
(Font)              scaled to size 8.09995pt on input line 31.
LaTeX Font Info:    Font shape `T1/phv/m/it' in size <9> not available
(Font)              Font shape `T1/phv/m/sl' tried instead on input line 31.
LaTeX Font Info:    Font shape `T1/phv/m/sl' will be
(Font)              scaled to size 8.09995pt on input line 31.
LaTeX Font Info:    Font shape `T1/phv/b/n' will be
(Font)              scaled to size 10.79993pt on input line 36.
 [9]
LaTeX Font Info:    Font shape `TS1/phv/m/it' in size <9> not available
(Font)              Font shape `TS1/phv/m/sl' tried instead on input line 54.
LaTeX Font Info:    Font shape `TS1/phv/m/sl' will be
(Font)              scaled to size 8.09995pt on input line 54.
LaTeX Font Info:    Font shape `T1/phv/b/n' will be
(Font)              scaled to size 7.19995pt on input line 81.
LaTeX Font Info:    Font shape `T1/phv/m/n' will be
(Font)              scaled to size 7.19995pt on input line 82.
LaTeX Font Info:    Font shape `T1/pcr/m/it' in size <8> not available
(Font)              Font shape `T1/pcr/m/sl' tried instead on input line 82.
 [10]

Package longtable Warning: Column widths have changed
(longtable)                in table 4.1 on input line 92.

LaTeX Font Info:    Font shape `T1/pcr/m/it' in size <7> not available
(Font)              Font shape `T1/pcr/m/sl' tried instead on input line 110.

Package longtable Warning: Column widths have changed
(longtable)                in table 4.2 on input line 124.


Underfull \hbox (badness 10000) detected at line 166
[][][]
 []

 <./classExponencial_a35c08ff8bd300f778d559da818190ae6_cgraph.pdf>
<classExponencial_a35c08ff8bd300f778d559da818190ae6_cgraph.pdf, id=236, 350.308
75pt x 136.51pt>
File: classExponencial_a35c08ff8bd300f778d559da818190ae6_cgraph.pdf Graphic fil
e (type pdf)
<use classExponencial_a35c08ff8bd300f778d559da818190ae6_cgraph.pdf>
Package pdftex.def Info: classExponencial_a35c08ff8bd300f778d559da818190ae6_cgr
aph.pdf  used on input line 189.
(pdftex.def)             Requested size: 349.0pt x 136.00974pt.
 [11]
Underfull \hbox (badness 10000) in paragraph at lines 196--197
[]\T1/phv/m/n/10 /home/pedro/[]Downloads/[]UFOP/[]Periodo6/[]Eng[]Software1/[]E
ngenharia[]_[]de[]_[][]Software1[]_[]tp1/tests/functional[]_[]
 []


Underfull \hbox (badness 10000) in paragraph at lines 197--197
[]\T1/phv/m/n/10 /home/pedro/[]Downloads/[]UFOP/[]Periodo6/[]Eng[]Software1/[]E
ngenharia[]_[]de[]_[][]Software1[]_[]tp1/tests/functional[]_[]
 []

) (./classFlow.tex <./classFlow__inherit__graph.pdf>
<classFlow__inherit__graph.pdf, id=259, 451.6875pt x 826.08624pt>
File: classFlow__inherit__graph.pdf Graphic file (type pdf)
<use classFlow__inherit__graph.pdf>
Package pdftex.def Info: classFlow__inherit__graph.pdf  used on input line 14.
(pdftex.def)             Requested size: 300.73369pt x 550.0pt.
 [12] <./classFlow__coll__graph.pdf>
<classFlow__coll__graph.pdf, id=283, 233.87375pt x 301.125pt>
File: classFlow__coll__graph.pdf Graphic file (type pdf)
<use classFlow__coll__graph.pdf>
Package pdftex.def Info: classFlow__coll__graph.pdf  used on input line 24.
(pdftex.def)             Requested size: 233.0pt x 300.0169pt.
 [13] [14]
Underfull \hbox (badness 10000) detected at line 77
[][][]
 []


Underfull \hbox (badness 10000) detected at line 94
[][][]
 []


Underfull \hbox (badness 10000) detected at line 111
[][][]
 []


Underfull \hbox (badness 10000) detected at line 128
[][][]
 []

[15]

Package longtable Warning: Column widths have changed
(longtable)                in table 4.3 on input line 149.


Package longtable Warning: Column widths have changed
(longtable)                in table 4.4 on input line 168.


Package longtable Warning: Column widths have changed
(longtable)                in table 4.5 on input line 187.

) (./classFlowIMP.tex <./classFlowIMP__inherit__graph.pdf>
<classFlowIMP__inherit__graph.pdf, id=351, 451.6875pt x 826.08624pt>
File: classFlowIMP__inherit__graph.pdf Graphic file (type pdf)
<use classFlowIMP__inherit__graph.pdf>
Package pdftex.def Info: classFlowIMP__inherit__graph.pdf  used on input line 1
4.
(pdftex.def)             Requested size: 300.73369pt x 550.0pt.
 [16] <./classFlowIMP__coll__graph.pdf>
<classFlowIMP__coll__graph.pdf, id=376, 469.755pt x 632.3625pt>
File: classFlowIMP__coll__graph.pdf Graphic file (type pdf)
<use classFlowIMP__coll__graph.pdf>
Package pdftex.def Info: classFlowIMP__coll__graph.pdf  used on input line 24.
(pdftex.def)             Requested size: 350.0pt x 471.15407pt.
 [17] [18]
Underfull \hbox (badness 10000) detected at line 103
[][][]
 []

[19]
Underfull \hbox (badness 10000) detected at line 124
[][][]
 []


Underfull \hbox (badness 10000) detected at line 150
[][][]
 []

 <./classFlowIMP_a503ef582e613bb99ac6ad1637ea134e9_icgraph.pdf>
<classFlowIMP_a503ef582e613bb99ac6ad1637ea134e9_icgraph.pdf, id=452, 350.30875p
t x 99.37125pt>
File: classFlowIMP_a503ef582e613bb99ac6ad1637ea134e9_icgraph.pdf Graphic file (
type pdf)
<use classFlowIMP_a503ef582e613bb99ac6ad1637ea134e9_icgraph.pdf>
Package pdftex.def Info: classFlowIMP_a503ef582e613bb99ac6ad1637ea134e9_icgraph
.pdf  used on input line 175.
(pdftex.def)             Requested size: 349.0pt x 99.00708pt.
 [20]
Underfull \hbox (badness 10000) detected at line 188
[][][]
 []

 <./classFlowIMP_a9d80f991fb1b26baef56f0d1195d6b23_icgraph.pdf>
<classFlowIMP_a9d80f991fb1b26baef56f0d1195d6b23_icgraph.pdf, id=475, 334.24875p
t x 99.37125pt>
File: classFlowIMP_a9d80f991fb1b26baef56f0d1195d6b23_icgraph.pdf Graphic file (
type pdf)
<use classFlowIMP_a9d80f991fb1b26baef56f0d1195d6b23_icgraph.pdf>
Package pdftex.def Info: classFlowIMP_a9d80f991fb1b26baef56f0d1195d6b23_icgraph
.pdf  used on input line 213.
(pdftex.def)             Requested size: 333.0pt x 99.0086pt.


Package longtable Warning: Column widths have changed
(longtable)                in table 4.6 on input line 230.


Underfull \hbox (badness 10000) detected at line 231
[][][]
 []

[21]

Package longtable Warning: Column widths have changed
(longtable)                in table 4.7 on input line 263.


Underfull \hbox (badness 10000) detected at line 264
[][][]
 []


Package longtable Warning: Column widths have changed
(longtable)                in table 4.8 on input line 292.


Package longtable Warning: Column widths have changed
(longtable)                in table 4.9 on input line 320.

[22]

Package longtable Warning: Column widths have changed
(longtable)                in table 4.10 on input line 348.


Package longtable Warning: Column widths have changed
(longtable)                in table 4.11 on input line 381.


Underfull \hbox (badness 10000) detected at line 382
[][][]
 []


Underfull \hbox (badness 4492) in paragraph at lines 405--406
[]\T1/phv/m/n/10 Referenced by [], [], [], [],
 []

[23]
Underfull \hbox (badness 2781) in paragraph at lines 415--416
[]\T1/phv/m/n/10 Referenced by [], [], [], [],
 []


Underfull \hbox (badness 4084) in paragraph at lines 425--426
[]\T1/phv/m/n/10 Referenced by [], [], [], [],
 []

) (./classLogistical.tex <./classLogistical__inherit__graph.pdf>
<classLogistical__inherit__graph.pdf, id=586, 258.9675pt x 826.08624pt>
File: classLogistical__inherit__graph.pdf Graphic file (type pdf)
<use classLogistical__inherit__graph.pdf>
Package pdftex.def Info: classLogistical__inherit__graph.pdf  used on input lin
e 14.
(pdftex.def)             Requested size: 172.42064pt x 550.0pt.
 [24] <./classLogistical__coll__graph.pdf>
<classLogistical__coll__graph.pdf, id=601, 469.755pt x 819.06pt>
File: classLogistical__coll__graph.pdf Graphic file (type pdf)
<use classLogistical__coll__graph.pdf>
Package pdftex.def Info: classLogistical__coll__graph.pdf  used on input line 2
4.
(pdftex.def)             Requested size: 315.45818pt x 550.0pt.
 [25] [26] [27]

Package longtable Warning: Column widths have changed
(longtable)                in table 4.12 on input line 92.


Package longtable Warning: Column widths have changed
(longtable)                in table 4.13 on input line 124.


Underfull \hbox (badness 10000) detected at line 166
[][][]
 []

 <./classLogistical_af7262017be238ab749989cd5728aaaa7_cgraph.pdf>
<classLogistical_af7262017be238ab749989cd5728aaaa7_cgraph.pdf, id=716, 334.2487
5pt x 136.51pt>
File: classLogistical_af7262017be238ab749989cd5728aaaa7_cgraph.pdf Graphic file
 (type pdf)
<use classLogistical_af7262017be238ab749989cd5728aaaa7_cgraph.pdf>
Package pdftex.def Info: classLogistical_af7262017be238ab749989cd5728aaaa7_cgra
ph.pdf  used on input line 189.
(pdftex.def)             Requested size: 333.0pt x 136.01183pt.
 [28]
Underfull \hbox (badness 10000) in paragraph at lines 196--197
[]\T1/phv/m/n/10 /home/pedro/[]Downloads/[]UFOP/[]Periodo6/[]Eng[]Software1/[]E
ngenharia[]_[]de[]_[][]Software1[]_[]tp1/tests/functional[]_[]
 []


Underfull \hbox (badness 10000) in paragraph at lines 197--197
[]\T1/phv/m/n/10 /home/pedro/[]Downloads/[]UFOP/[]Periodo6/[]Eng[]Software1/[]E
ngenharia[]_[]de[]_[][]Software1[]_[]tp1/tests/functional[]_[]
 []

) (./classModel.tex <./classModel__inherit__graph.pdf>
<classModel__inherit__graph.pdf, id=736, 250.9375pt x 1016.79875pt>
File: classModel__inherit__graph.pdf Graphic file (type pdf)
<use classModel__inherit__graph.pdf>
Package pdftex.def Info: classModel__inherit__graph.pdf  used on input line 14.

(pdftex.def)             Requested size: 135.7378pt x 550.0pt.
 [29] <./classModel__coll__graph.pdf>
<classModel__coll__graph.pdf, id=760, 241.90375pt x 442.65375pt>
File: classModel__coll__graph.pdf Graphic file (type pdf)
<use classModel__coll__graph.pdf>
Package pdftex.def Info: classModel__coll__graph.pdf  used on input line 24.
(pdftex.def)             Requested size: 241.0pt x 441.0181pt.
 [30]
LaTeX Font Info:    Font shape `T1/phv/m/it' in size <7> not available
(Font)              Font shape `T1/phv/m/sl' tried instead on input line 44.
LaTeX Font Info:    Font shape `T1/phv/m/sl' will be
(Font)              scaled to size 6.29996pt on input line 44.
 [31] [32]

Package longtable Warning: Column widths have changed
(longtable)                in table 4.14 on input line 117.


Package longtable Warning: Column widths have changed
(longtable)                in table 4.15 on input line 136.


Underfull \hbox (badness 10000) detected at line 151
[][][]
 []


Underfull \hbox (badness 10000) detected at line 168
[][][]
 []


Underfull \hbox (badness 10000) detected at line 185
[][][]
 []

[33]

Package longtable Warning: Column widths have changed
(longtable)                in table 4.16 on input line 206.


Underfull \hbox (badness 10000) detected at line 207
[][][]
 []


Package longtable Warning: Column widths have changed
(longtable)                in table 4.17 on input line 228.


Underfull \hbox (badness 10000) detected at line 229
[][][]
 []

[34]
Underfull \hbox (badness 10000) detected at line 246
[][][]
 []


Package longtable Warning: Column widths have changed
(longtable)                in table 4.18 on input line 267.


Package longtable Warning: Column widths have changed
(longtable)                in table 4.19 on input line 286.


Package longtable Warning: Column widths have changed
(longtable)                in table 4.20 on input line 305.

[35]

Package longtable Warning: Column widths have changed
(longtable)                in table 4.21 on input line 326.

) (./classModelIMP.tex <./classModelIMP__inherit__graph.pdf>
<classModelIMP__inherit__graph.pdf, id=940, 250.9375pt x 1016.79875pt>
File: classModelIMP__inherit__graph.pdf Graphic file (type pdf)
<use classModelIMP__inherit__graph.pdf>
Package pdftex.def Info: classModelIMP__inherit__graph.pdf  used on input line 
14.
(pdftex.def)             Requested size: 135.7378pt x 550.0pt.
 [36] <./classModelIMP__coll__graph.pdf>
<classModelIMP__coll__graph.pdf, id=964, 596.2275pt x 956.57375pt>
File: classModelIMP__coll__graph.pdf Graphic file (type pdf)
<use classModelIMP__coll__graph.pdf>
Package pdftex.def Info: classModelIMP__coll__graph.pdf  used on input line 24.

(pdftex.def)             Requested size: 342.80995pt x 550.0pt.
 [37] [38] [39]

Package longtable Warning: Column widths have changed
(longtable)                in table 4.22 on input line 115.


Package longtable Warning: Column widths have changed
(longtable)                in table 4.23 on input line 148.

[40]

Package longtable Warning: Column widths have changed
(longtable)                in table 4.24 on input line 190.


Package longtable Warning: Column widths have changed
(longtable)                in table 4.25 on input line 218.

 <./classModelIMP_adca396efe286751e1ef60a16493ffc00_icgraph.pdf>
<classModelIMP_adca396efe286751e1ef60a16493ffc00_icgraph.pdf, id=1143, 404.5112
5pt x 173.64874pt>
File: classModelIMP_adca396efe286751e1ef60a16493ffc00_icgraph.pdf Graphic file 
(type pdf)
<use classModelIMP_adca396efe286751e1ef60a16493ffc00_icgraph.pdf>
Package pdftex.def Info: classModelIMP_adca396efe286751e1ef60a16493ffc00_icgrap
h.pdf  used on input line 241.
(pdftex.def)             Requested size: 350.0pt x 150.25179pt.
 [41]
Underfull \hbox (badness 10000) detected at line 254
[][][]
 []


Underfull \hbox (badness 10000) detected at line 280
[][][]
 []


Underfull \hbox (badness 10000) detected at line 306
[][][]
 []

[42]

Package longtable Warning: Column widths have changed
(longtable)                in table 4.26 on input line 336.


Underfull \hbox (badness 10000) detected at line 337
[][][]
 []


Package longtable Warning: Column widths have changed
(longtable)                in table 4.27 on input line 374.

[43]
Underfull \hbox (badness 10000) detected at line 375
[][][]
 []


Package longtable Warning: Column widths have changed
(longtable)                in table 4.28 on input line 403.


Underfull \hbox (badness 10000) detected at line 404
[][][]
 []


Package longtable Warning: Column widths have changed
(longtable)                in table 4.29 on input line 434.


Underfull \hbox (badness 10000) detected at line 435
[][][]
 []

[44]
Underfull \hbox (badness 10000) detected at line 461
[][][]
 []

 <./classModelIMP_a57978a30a8bc32f3d144e78521f43dba_icgraph.pdf>
<classModelIMP_a57978a30a8bc32f3d144e78521f43dba_icgraph.pdf, id=1278, 401.5pt 
x 173.64874pt>
File: classModelIMP_a57978a30a8bc32f3d144e78521f43dba_icgraph.pdf Graphic file 
(type pdf)
<use classModelIMP_a57978a30a8bc32f3d144e78521f43dba_icgraph.pdf>
Package pdftex.def Info: classModelIMP_a57978a30a8bc32f3d144e78521f43dba_icgrap
h.pdf  used on input line 518.
(pdftex.def)             Requested size: 350.0pt x 151.38583pt.
 [45]

Package longtable Warning: Column widths have changed
(longtable)                in table 4.30 on input line 535.


Package longtable Warning: Column widths have changed
(longtable)                in table 4.31 on input line 563.


Package longtable Warning: Column widths have changed
(longtable)                in table 4.32 on input line 591.

[46]

Package longtable Warning: Column widths have changed
(longtable)                in table 4.33 on input line 621.


Package longtable Warning: Column widths have changed
(longtable)                in table 4.34 on input line 654.


Underfull \hbox (badness 10000) detected at line 655
[][][]
 []

[47]) (./classSystem.tex <./classSystem__inherit__graph.pdf>
<classSystem__inherit__graph.pdf, id=1375, 244.915pt x 543.02875pt>
File: classSystem__inherit__graph.pdf Graphic file (type pdf)
<use classSystem__inherit__graph.pdf>
Package pdftex.def Info: classSystem__inherit__graph.pdf  used on input line 14
.
(pdftex.def)             Requested size: 244.0pt x 541.01392pt.
 [48] <./classSystem__coll__graph.pdf>
<classSystem__coll__graph.pdf, id=1391, 240.9pt x 233.87375pt>
File: classSystem__coll__graph.pdf Graphic file (type pdf)
<use classSystem__coll__graph.pdf>
Package pdftex.def Info: classSystem__coll__graph.pdf  used on input line 24.
(pdftex.def)             Requested size: 240.0pt x 233.00597pt.
 [49]
Underfull \hbox (badness 10000) detected at line 71
[][][]
 []

[50]
Underfull \hbox (badness 10000) detected at line 88
[][][]
 []

 <./classSystem_a41b673faa6c199eb8e4f204639fab4f2_icgraph.pdf>
<classSystem_a41b673faa6c199eb8e4f204639fab4f2_icgraph.pdf, id=1429, 339.2675pt
 x 136.51pt>
File: classSystem_a41b673faa6c199eb8e4f204639fab4f2_icgraph.pdf Graphic file (t
ype pdf)
<use classSystem_a41b673faa6c199eb8e4f204639fab4f2_icgraph.pdf>
Package pdftex.def Info: classSystem_a41b673faa6c199eb8e4f204639fab4f2_icgraph.
pdf  used on input line 104.
(pdftex.def)             Requested size: 338.0pt x 136.00557pt.


Package longtable Warning: Column widths have changed
(longtable)                in table 4.35 on input line 121.

[51]

Package longtable Warning: Column widths have changed
(longtable)                in table 4.36 on input line 140.

) (./classSystemIMP.tex <./classSystemIMP__inherit__graph.pdf>
<classSystemIMP__inherit__graph.pdf, id=1453, 244.915pt x 543.02875pt>
File: classSystemIMP__inherit__graph.pdf Graphic file (type pdf)
<use classSystemIMP__inherit__graph.pdf>
Package pdftex.def Info: classSystemIMP__inherit__graph.pdf  used on input line
 14.
(pdftex.def)             Requested size: 244.0pt x 541.01392pt.
 [52] <./classSystemIMP__coll__graph.pdf>
<classSystemIMP__coll__graph.pdf, id=1468, 363.3575pt x 539.01375pt>
File: classSystemIMP__coll__graph.pdf Graphic file (type pdf)
<use classSystemIMP__coll__graph.pdf>
Package pdftex.def Info: classSystemIMP__coll__graph.pdf  used on input line 24
.
(pdftex.def)             Requested size: 350.0pt x 519.21562pt.
 [53] [54]

Package longtable Warning: Column widths have changed
(longtable)                in table 4.37 on input line 85.

[55]

Package longtable Warning: Column widths have changed
(longtable)                in table 4.38 on input line 107.


Underfull \hbox (badness 10000) detected at line 141
[][][]
 []


Underfull \hbox (badness 10000) detected at line 167
[][][]
 []

 <./classSystemIMP_a623e879e776efbaff2f52e1b73290179_icgraph.pdf>
<classSystemIMP_a623e879e776efbaff2f52e1b73290179_icgraph.pdf, id=1557, 435.627
5pt x 173.64874pt>
File: classSystemIMP_a623e879e776efbaff2f52e1b73290179_icgraph.pdf Graphic file
 (type pdf)
<use classSystemIMP_a623e879e776efbaff2f52e1b73290179_icgraph.pdf>
Package pdftex.def Info: classSystemIMP_a623e879e776efbaff2f52e1b73290179_icgra
ph.pdf  used on input line 192.
(pdftex.def)             Requested size: 350.0pt x 139.51535pt.
 [56]

Package longtable Warning: Column widths have changed
(longtable)                in table 4.39 on input line 209.


Underfull \hbox (badness 10000) detected at line 210
[][][]
 []

[57]

Package longtable Warning: Column widths have changed
(longtable)                in table 4.40 on input line 241.


Underfull \hbox (badness 10000) detected at line 242
[][][]
 []


Package longtable Warning: Column widths have changed
(longtable)                in table 4.41 on input line 271.


Package longtable Warning: Column widths have changed
(longtable)                in table 4.42 on input line 299.

[58]

Package longtable Warning: Column widths have changed
(longtable)                in table 4.43 on input line 332.


Underfull \hbox (badness 10000) detected at line 333
[][][]
 []

) [59] [60

]
Chapter 5.
(./Flow_8h.tex <./Flow_8h__incl.pdf>
<Flow_8h__incl.pdf, id=1644, 242.9075pt x 242.9075pt>
File: Flow_8h__incl.pdf Graphic file (type pdf)
<use Flow_8h__incl.pdf>
Package pdftex.def Info: Flow_8h__incl.pdf  used on input line 10.
(pdftex.def)             Requested size: 242.0pt x 241.9988pt.
 <./Flow_8h__dep__incl.pdf>
<Flow_8h__dep__incl.pdf, id=1652, 858.20625pt x 518.93875pt>
File: Flow_8h__dep__incl.pdf Graphic file (type pdf)
<use Flow_8h__dep__incl.pdf>
Package pdftex.def Info: Flow_8h__dep__incl.pdf  used on input line 18.
(pdftex.def)             Requested size: 350.0pt x 211.63394pt.
 [61])
(./Flow_8h_source.tex) (./FlowIMP_8cpp.tex <./FlowIMP_8cpp__incl.pdf>
<FlowIMP_8cpp__incl.pdf, id=1685, 250.9375pt x 353.32pt>
File: FlowIMP_8cpp__incl.pdf Graphic file (type pdf)
<use FlowIMP_8cpp__incl.pdf>
Package pdftex.def Info: FlowIMP_8cpp__incl.pdf  used on input line 9.
(pdftex.def)             Requested size: 250.0pt x 352.01985pt.
 [62]

Package longtable Warning: Column widths have changed
(longtable)                in table 5.1 on input line 32.


Overfull \vbox (5.41994pt too high) has occurred while \output is active []



Package fancyhdr Warning: \headheight is too small (12.0pt): 
(fancyhdr)                Make it at least 33.97194pt, for example:
(fancyhdr)                \setlength{\headheight}{33.97194pt}.
(fancyhdr)                You might also make \topmargin smaller to compensate:

(fancyhdr)                \addtolength{\topmargin}{-21.97194pt}.

[63]
Underfull \hbox (badness 10000) detected at line 33
[][][]
 []

) (./FlowIMP_8h.tex <./FlowIMP_8h__incl.pdf>
<FlowIMP_8h__incl.pdf, id=1722, 250.9375pt x 298.11375pt>
File: FlowIMP_8h__incl.pdf Graphic file (type pdf)
<use FlowIMP_8h__incl.pdf>
Package pdftex.def Info: FlowIMP_8h__incl.pdf  used on input line 11.
(pdftex.def)             Requested size: 250.0pt x 297.01674pt.
 <./FlowIMP_8h__dep__incl.pdf>
<FlowIMP_8h__dep__incl.pdf, id=1730, 713.66624pt x 430.60875pt>
File: FlowIMP_8h__dep__incl.pdf Graphic file (type pdf)
<use FlowIMP_8h__dep__incl.pdf>
Package pdftex.def Info: FlowIMP_8h__dep__incl.pdf  used on input line 19.
(pdftex.def)             Requested size: 350.0pt x 211.17752pt.

[64]) (./FlowIMP_8h_source.tex [65]) (./Model_8h.tex <./Model_8h__incl.pdf>
<Model_8h__incl.pdf, id=1787, 334.24875pt x 298.11375pt>
File: Model_8h__incl.pdf Graphic file (type pdf)
<use Model_8h__incl.pdf>
Package pdftex.def Info: Model_8h__incl.pdf  used on input line 12.
(pdftex.def)             Requested size: 333.0pt x 297.02583pt.
 <./Model_8h__dep__incl.pdf>
<Model_8h__dep__incl.pdf, id=1796, 513.92pt x 419.5675pt>
File: Model_8h__dep__incl.pdf Graphic file (type pdf)
<use Model_8h__dep__incl.pdf>
Package pdftex.def Info: Model_8h__dep__incl.pdf  used on input line 20.
(pdftex.def)             Requested size: 350.0pt x 285.74387pt.
 [66]) (./Model_8h_source.tex
Overfull \hbox (48.75552pt too wide) in paragraph at lines 20--20
[]\T1/pcr/m/n/7 /**************************************************************
***************************************************[]  
 []


Overfull \hbox (48.75552pt too wide) in paragraph at lines 22--22
[]\T1/pcr/m/n/7 ***************************************************************
**************************************************/[]  
 []

[67]) (./ModelIMP_8cpp.tex <./ModelIMP_8cpp__incl.pdf>
<ModelIMP_8cpp__incl.pdf, id=1844, 353.32pt x 408.52625pt>
File: ModelIMP_8cpp__incl.pdf Graphic file (type pdf)
<use ModelIMP_8cpp__incl.pdf>
Package pdftex.def Info: ModelIMP_8cpp__incl.pdf  used on input line 9.
(pdftex.def)             Requested size: 350.0pt x 404.69157pt.
 [68]

Package fancyhdr Warning: \headheight is too small (12.0pt): 
(fancyhdr)                Make it at least 33.97194pt, for example:
(fancyhdr)                \setlength{\headheight}{33.97194pt}.
(fancyhdr)                You might also make \topmargin smaller to compensate:

(fancyhdr)                \addtolength{\topmargin}{-21.97194pt}.

[69]

Package longtable Warning: Column widths have changed
(longtable)                in table 5.2 on input line 32.


Underfull \hbox (badness 10000) detected at line 33
[][][]
 []

) (./ModelIMP_8h.tex <./ModelIMP_8h__incl.pdf>
<ModelIMP_8h__incl.pdf, id=1871, 353.32pt x 353.32pt>
File: ModelIMP_8h__incl.pdf Graphic file (type pdf)
<use ModelIMP_8h__incl.pdf>
Package pdftex.def Info: ModelIMP_8h__incl.pdf  used on input line 12.
(pdftex.def)             Requested size: 350.0pt x 350.00352pt.
 <./ModelIMP_8h__dep__incl.pdf>
<ModelIMP_8h__dep__incl.pdf, id=1879, 513.92pt x 331.2375pt>
File: ModelIMP_8h__dep__incl.pdf Graphic file (type pdf)
<use ModelIMP_8h__dep__incl.pdf>
Package pdftex.def Info: ModelIMP_8h__dep__incl.pdf  used on input line 20.
(pdftex.def)             Requested size: 350.0pt x 225.58725pt.

[70]) (./ModelIMP_8h_source.tex [71]) (./System_8h.tex <./System_8h__incl.pdf>
<System_8h__incl.pdf, id=1951, 242.9075pt x 187.70125pt>
File: System_8h__incl.pdf Graphic file (type pdf)
<use System_8h__incl.pdf>
Package pdftex.def Info: System_8h__incl.pdf  used on input line 9.
(pdftex.def)             Requested size: 242.0pt x 186.99908pt.
 <./System_8h__dep__incl.pdf>
<System_8h__dep__incl.pdf, id=1959, 877.2775pt x 607.26875pt>
File: System_8h__dep__incl.pdf Graphic file (type pdf)
<use System_8h__dep__incl.pdf>
Package pdftex.def Info: System_8h__dep__incl.pdf  used on input line 17.
(pdftex.def)             Requested size: 350.0pt x 242.28236pt.
 [72]) (./System_8h_source.tex)
(./SystemIMP_8cpp.tex <./SystemIMP_8cpp__incl.pdf>
<SystemIMP_8cpp__incl.pdf, id=1982, 242.9075pt x 298.11375pt>
File: SystemIMP_8cpp__incl.pdf Graphic file (type pdf)
<use SystemIMP_8cpp__incl.pdf>
Package pdftex.def Info: SystemIMP_8cpp__incl.pdf  used on input line 9.
(pdftex.def)             Requested size: 242.0pt x 296.99855pt.
 [73]

Package longtable Warning: Column widths have changed
(longtable)                in table 5.3 on input line 32.

[74]
Underfull \hbox (badness 10000) detected at line 33
[][][]
 []

) (./SystemIMP_8h.tex <./SystemIMP_8h__incl.pdf>
<SystemIMP_8h__incl.pdf, id=2016, 242.9075pt x 242.9075pt>
File: SystemIMP_8h__incl.pdf Graphic file (type pdf)
<use SystemIMP_8h__incl.pdf>
Package pdftex.def Info: SystemIMP_8h__incl.pdf  used on input line 11.
(pdftex.def)             Requested size: 242.0pt x 241.9988pt.
 <./SystemIMP_8h__dep__incl.pdf>
<SystemIMP_8h__dep__incl.pdf, id=2025, 513.92pt x 331.2375pt>
File: SystemIMP_8h__dep__incl.pdf Graphic file (type pdf)
<use SystemIMP_8h__dep__incl.pdf>
Package pdftex.def Info: SystemIMP_8h__dep__incl.pdf  used on input line 19.
(pdftex.def)             Requested size: 350.0pt x 225.58725pt.


Package fancyhdr Warning: \headheight is too small (12.0pt): 
(fancyhdr)                Make it at least 33.97194pt, for example:
(fancyhdr)                \setlength{\headheight}{33.97194pt}.
(fancyhdr)                You might also make \topmargin smaller to compensate:

(fancyhdr)                \addtolength{\topmargin}{-21.97194pt}.

[75]) (./SystemIMP_8h_source.tex [76]) (./Exponencial_8cpp.tex <./Exponencial_8
cpp__incl.pdf>
<Exponencial_8cpp__incl.pdf, id=2075, 301.125pt x 419.5675pt>
File: Exponencial_8cpp__incl.pdf Graphic file (type pdf)
<use Exponencial_8cpp__incl.pdf>
Package pdftex.def Info: Exponencial_8cpp__incl.pdf  used on input line 9.
(pdftex.def)             Requested size: 300.0pt x 418.03636pt.
) (./Exponencial_8h.tex <./Exponencial_8h__incl.pdf>
<Exponencial_8h__incl.pdf, id=2083, 301.125pt x 364.36125pt>
File: Exponencial_8h__incl.pdf Graphic file (type pdf)
<use Exponencial_8h__incl.pdf>
Package pdftex.def Info: Exponencial_8h__incl.pdf  used on input line 10.
(pdftex.def)             Requested size: 300.0pt x 363.03157pt.


Package fancyhdr Warning: \headheight is too small (12.0pt): 
(fancyhdr)                Make it at least 22.16548pt, for example:
(fancyhdr)                \setlength{\headheight}{22.16548pt}.
(fancyhdr)                You might also make \topmargin smaller to compensate:

(fancyhdr)                \addtolength{\topmargin}{-10.16548pt}.

[77] <./Exponencial_8h__dep__incl.pdf>
<Exponencial_8h__dep__incl.pdf, id=2099, 513.92pt x 342.27875pt>
File: Exponencial_8h__dep__incl.pdf Graphic file (type pdf)
<use Exponencial_8h__dep__incl.pdf>
Package pdftex.def Info: Exponencial_8h__dep__incl.pdf  used on input line 17.
(pdftex.def)             Requested size: 350.0pt x 233.10683pt.
 [78]) (./Exponencial_8h_source.tex
Overfull \hbox (86.5555pt too wide) in paragraph at lines 17--17
[]\T1/pcr/m/n/7 /**************************************************************
************************************************************[]  
 []


! LaTeX Error: Unicode character  (U+200B)
               not set up for use with LaTeX.

See the LaTeX manual or LaTeX Companion for explanation.
Type  H <return>  for immediate help.
 ...                                              
                                                  
l.18 ...\ from\ one\ system\ to\ another\ }}
                                                  
? 

! LaTeX Error: Unicode character  (U+200B)
               not set up for use with LaTeX.

See the LaTeX manual or LaTeX Companion for explanation.
Type  H <return>  for immediate help.
 ...                                              
                                                  
l.18 ...\ from\ one\ system\ to\ another\ }}
                                                  
? 

Overfull \hbox (86.5555pt too wide) in paragraph at lines 19--19
[]\T1/pcr/m/n/7 ***************************************************************
***********************************************************/[]  
 []

) (./Functional__tests_8cpp.tex <./Functional__tests_8cpp__incl.pdf>
<Functional__tests_8cpp__incl.pdf, id=2129, 827.09pt x 474.77374pt>
File: Functional__tests_8cpp__incl.pdf Graphic file (type pdf)
<use Functional__tests_8cpp__incl.pdf>
Package pdftex.def Info: Functional__tests_8cpp__incl.pdf  used on input line 9
.
(pdftex.def)             Requested size: 350.0pt x 200.91046pt.
 [79]
[80] <./Functional__tests_8cpp_ad1f284ae5215afa271c632ab3e02992c_cgraph.pdf>
<Functional__tests_8cpp_ad1f284ae5215afa271c632ab3e02992c_cgraph.pdf, id=2205, 
342.27875pt x 173.64874pt>
File: Functional__tests_8cpp_ad1f284ae5215afa271c632ab3e02992c_cgraph.pdf Graph
ic file (type pdf)
<use Functional__tests_8cpp_ad1f284ae5215afa271c632ab3e02992c_cgraph.pdf>
Package pdftex.def Info: Functional__tests_8cpp_ad1f284ae5215afa271c632ab3e0299
2c_cgraph.pdf  used on input line 102.
(pdftex.def)             Requested size: 341.0pt x 173.01239pt.
 <./Functional__tests_8cpp_ad1f284ae5215afa271c632ab3e02992c_icgraph.pdf>
<Functional__tests_8cpp_ad1f284ae5215afa271c632ab3e02992c_icgraph.pdf, id=2213,
 262.9825pt x 99.37125pt>
File: Functional__tests_8cpp_ad1f284ae5215afa271c632ab3e02992c_icgraph.pdf Grap
hic file (type pdf)
<use Functional__tests_8cpp_ad1f284ae5215afa271c632ab3e02992c_icgraph.pdf>
Package pdftex.def Info: Functional__tests_8cpp_ad1f284ae5215afa271c632ab3e0299
2c_icgraph.pdf  used on input line 109.
(pdftex.def)             Requested size: 262.0pt x 99.00406pt.


Package fancyhdr Warning: \headheight is too small (12.0pt): 
(fancyhdr)                Make it at least 22.16548pt, for example:
(fancyhdr)                \setlength{\headheight}{22.16548pt}.
(fancyhdr)                You might also make \topmargin smaller to compensate:

(fancyhdr)                \addtolength{\topmargin}{-10.16548pt}.

[81] <./Functional__tests_8cpp_a84ea8bb324c37c6b0d570e76d85f2db2_cgraph.pdf>
<Functional__tests_8cpp_a84ea8bb324c37c6b0d570e76d85f2db2_cgraph.pdf, id=2247, 
358.33875pt x 173.64874pt>
File: Functional__tests_8cpp_a84ea8bb324c37c6b0d570e76d85f2db2_cgraph.pdf Graph
ic file (type pdf)
<use Functional__tests_8cpp_a84ea8bb324c37c6b0d570e76d85f2db2_cgraph.pdf>
Package pdftex.def Info: Functional__tests_8cpp_a84ea8bb324c37c6b0d570e76d85f2d
b2_cgraph.pdf  used on input line 165.
(pdftex.def)             Requested size: 350.0pt x 169.61816pt.
 <./Functional__tests_8cpp_a84ea8bb324c37c6b0d570e76d85f2db2_icgraph.pdf>
<Functional__tests_8cpp_a84ea8bb324c37c6b0d570e76d85f2db2_icgraph.pdf, id=2255,
 279.0425pt x 99.37125pt>
File: Functional__tests_8cpp_a84ea8bb324c37c6b0d570e76d85f2db2_icgraph.pdf Grap
hic file (type pdf)
<use Functional__tests_8cpp_a84ea8bb324c37c6b0d570e76d85f2db2_icgraph.pdf>
Package pdftex.def Info: Functional__tests_8cpp_a84ea8bb324c37c6b0d570e76d85f2d
b2_icgraph.pdf  used on input line 172.
(pdftex.def)             Requested size: 278.0pt x 99.00253pt.
 [82] <./Functional__tests_8cpp_ac5a362dfeb59aa1326005e0caee1b51e_cgraph.pdf>
<Functional__tests_8cpp_ac5a362dfeb59aa1326005e0caee1b51e_cgraph.pdf, id=2290, 
343.2825pt x 173.64874pt>
File: Functional__tests_8cpp_ac5a362dfeb59aa1326005e0caee1b51e_cgraph.pdf Graph
ic file (type pdf)
<use Functional__tests_8cpp_ac5a362dfeb59aa1326005e0caee1b51e_cgraph.pdf>
Package pdftex.def Info: Functional__tests_8cpp_ac5a362dfeb59aa1326005e0caee1b5
1e_cgraph.pdf  used on input line 226.
(pdftex.def)             Requested size: 342.0pt x 172.99915pt.
 <./Functional__tests_8cpp_ac5a362dfeb59aa1326005e0caee1b51e_icgraph.pdf>
<Functional__tests_8cpp_ac5a362dfeb59aa1326005e0caee1b51e_icgraph.pdf, id=2298,
 263.98625pt x 99.37125pt>
File: Functional__tests_8cpp_ac5a362dfeb59aa1326005e0caee1b51e_icgraph.pdf Grap
hic file (type pdf)
<use Functional__tests_8cpp_ac5a362dfeb59aa1326005e0caee1b51e_icgraph.pdf>
Package pdftex.def Info: Functional__tests_8cpp_ac5a362dfeb59aa1326005e0caee1b5
1e_icgraph.pdf  used on input line 233.
(pdftex.def)             Requested size: 263.0pt x 99.00557pt.
)
(./Functional__tests_8h.tex <./Functional__tests_8h__incl.pdf>
<Functional__tests_8h__incl.pdf, id=2306, 827.09pt x 419.5675pt>
File: Functional__tests_8h__incl.pdf Graphic file (type pdf)
<use Functional__tests_8h__incl.pdf>
Package pdftex.def Info: Functional__tests_8h__incl.pdf  used on input line 17.

(pdftex.def)             Requested size: 350.0pt x 177.54877pt.


Package fancyhdr Warning: \headheight is too small (12.0pt): 
(fancyhdr)                Make it at least 22.16548pt, for example:
(fancyhdr)                \setlength{\headheight}{22.16548pt}.
(fancyhdr)                You might also make \topmargin smaller to compensate:

(fancyhdr)                \addtolength{\topmargin}{-10.16548pt}.

[83] <./Functional__tests_8h__dep__incl.pdf>
<Functional__tests_8h__dep__incl.pdf, id=2323, 423.5825pt x 242.9075pt>
File: Functional__tests_8h__dep__incl.pdf Graphic file (type pdf)
<use Functional__tests_8h__dep__incl.pdf>
Package pdftex.def Info: Functional__tests_8h__dep__incl.pdf  used on input lin
e 24.
(pdftex.def)             Requested size: 350.0pt x 200.71619pt.
 [84] <./Functional__tests_8h_ad1f284ae5215afa271c632ab3e02992c_cgraph.pdf>
<Functional__tests_8h_ad1f284ae5215afa271c632ab3e02992c_cgraph.pdf, id=2389, 34
2.27875pt x 173.64874pt>
File: Functional__tests_8h_ad1f284ae5215afa271c632ab3e02992c_cgraph.pdf Graphic
 file (type pdf)
<use Functional__tests_8h_ad1f284ae5215afa271c632ab3e02992c_cgraph.pdf>
Package pdftex.def Info: Functional__tests_8h_ad1f284ae5215afa271c632ab3e02992c
_cgraph.pdf  used on input line 117.
(pdftex.def)             Requested size: 341.0pt x 173.01239pt.


Package fancyhdr Warning: \headheight is too small (12.0pt): 
(fancyhdr)                Make it at least 22.16548pt, for example:
(fancyhdr)                \setlength{\headheight}{22.16548pt}.
(fancyhdr)                You might also make \topmargin smaller to compensate:

(fancyhdr)                \addtolength{\topmargin}{-10.16548pt}.

[85] <./Functional__tests_8h_ad1f284ae5215afa271c632ab3e02992c_icgraph.pdf>
<Functional__tests_8h_ad1f284ae5215afa271c632ab3e02992c_icgraph.pdf, id=2406, 2
62.9825pt x 99.37125pt>
File: Functional__tests_8h_ad1f284ae5215afa271c632ab3e02992c_icgraph.pdf Graphi
c file (type pdf)
<use Functional__tests_8h_ad1f284ae5215afa271c632ab3e02992c_icgraph.pdf>
Package pdftex.def Info: Functional__tests_8h_ad1f284ae5215afa271c632ab3e02992c
_icgraph.pdf  used on input line 124.
(pdftex.def)             Requested size: 262.0pt x 99.00406pt.
 <./Functional__tests_8h_a84ea8bb324c37c6b0d570e76d85f2db2_cgraph.pdf>
<Functional__tests_8h_a84ea8bb324c37c6b0d570e76d85f2db2_cgraph.pdf, id=2432, 35
8.33875pt x 173.64874pt>
File: Functional__tests_8h_a84ea8bb324c37c6b0d570e76d85f2db2_cgraph.pdf Graphic
 file (type pdf)
<use Functional__tests_8h_a84ea8bb324c37c6b0d570e76d85f2db2_cgraph.pdf>
Package pdftex.def Info: Functional__tests_8h_a84ea8bb324c37c6b0d570e76d85f2db2
_cgraph.pdf  used on input line 180.
(pdftex.def)             Requested size: 350.0pt x 169.61816pt.
 [86] <./Functional__tests_8h_a84ea8bb324c37c6b0d570e76d85f2db2_icgraph.pdf>
<Functional__tests_8h_a84ea8bb324c37c6b0d570e76d85f2db2_icgraph.pdf, id=2448, 2
79.0425pt x 99.37125pt>
File: Functional__tests_8h_a84ea8bb324c37c6b0d570e76d85f2db2_icgraph.pdf Graphi
c file (type pdf)
<use Functional__tests_8h_a84ea8bb324c37c6b0d570e76d85f2db2_icgraph.pdf>
Package pdftex.def Info: Functional__tests_8h_a84ea8bb324c37c6b0d570e76d85f2db2
_icgraph.pdf  used on input line 187.
(pdftex.def)             Requested size: 278.0pt x 99.00253pt.
 <./Functional__tests_8h_ac5a362dfeb59aa1326005e0caee1b51e_cgraph.pdf>
<Functional__tests_8h_ac5a362dfeb59aa1326005e0caee1b51e_cgraph.pdf, id=2474, 34
3.2825pt x 173.64874pt>
File: Functional__tests_8h_ac5a362dfeb59aa1326005e0caee1b51e_cgraph.pdf Graphic
 file (type pdf)
<use Functional__tests_8h_ac5a362dfeb59aa1326005e0caee1b51e_cgraph.pdf>
Package pdftex.def Info: Functional__tests_8h_ac5a362dfeb59aa1326005e0caee1b51e
_cgraph.pdf  used on input line 241.
(pdftex.def)             Requested size: 342.0pt x 172.99915pt.


Package fancyhdr Warning: \headheight is too small (12.0pt): 
(fancyhdr)                Make it at least 22.16548pt, for example:
(fancyhdr)                \setlength{\headheight}{22.16548pt}.
(fancyhdr)                You might also make \topmargin smaller to compensate:

(fancyhdr)                \addtolength{\topmargin}{-10.16548pt}.

[87] <./Functional__tests_8h_ac5a362dfeb59aa1326005e0caee1b51e_icgraph.pdf>
<Functional__tests_8h_ac5a362dfeb59aa1326005e0caee1b51e_icgraph.pdf, id=2491, 2
63.98625pt x 99.37125pt>
File: Functional__tests_8h_ac5a362dfeb59aa1326005e0caee1b51e_icgraph.pdf Graphi
c file (type pdf)
<use Functional__tests_8h_ac5a362dfeb59aa1326005e0caee1b51e_icgraph.pdf>
Package pdftex.def Info: Functional__tests_8h_ac5a362dfeb59aa1326005e0caee1b51e
_icgraph.pdf  used on input line 248.
(pdftex.def)             Requested size: 263.0pt x 99.00557pt.
)
(./Functional__tests_8h_source.tex) (./Logistical_8cpp.tex <./Logistical_8cpp__
incl.pdf>
<Logistical_8cpp__incl.pdf, id=2508, 301.125pt x 419.5675pt>
File: Logistical_8cpp__incl.pdf Graphic file (type pdf)
<use Logistical_8cpp__incl.pdf>
Package pdftex.def Info: Logistical_8cpp__incl.pdf  used on input line 9.
(pdftex.def)             Requested size: 300.0pt x 418.03636pt.
) (./Logistical_8h.tex [88] <./Logistical_8h__incl.pdf>
<Logistical_8h__incl.pdf, id=2525, 301.125pt x 364.36125pt>
File: Logistical_8h__incl.pdf Graphic file (type pdf)
<use Logistical_8h__incl.pdf>
Package pdftex.def Info: Logistical_8h__incl.pdf  used on input line 10.
(pdftex.def)             Requested size: 300.0pt x 363.03157pt.


Package fancyhdr Warning: \headheight is too small (12.0pt): 
(fancyhdr)                Make it at least 22.16548pt, for example:
(fancyhdr)                \setlength{\headheight}{22.16548pt}.
(fancyhdr)                You might also make \topmargin smaller to compensate:

(fancyhdr)                \addtolength{\topmargin}{-10.16548pt}.

[89] <./Logistical_8h__dep__incl.pdf>
<Logistical_8h__dep__incl.pdf, id=2542, 513.92pt x 342.27875pt>
File: Logistical_8h__dep__incl.pdf Graphic file (type pdf)
<use Logistical_8h__dep__incl.pdf>
Package pdftex.def Info: Logistical_8h__dep__incl.pdf  used on input line 17.
(pdftex.def)             Requested size: 350.0pt x 233.10683pt.
 [90]) (./Logistical_8h_source.tex)
(./main_8cpp.tex <./main_8cpp__incl.pdf>
<main_8cpp__incl.pdf, id=2572, 827.09pt x 474.77374pt>
File: main_8cpp__incl.pdf Graphic file (type pdf)
<use main_8cpp__incl.pdf>
Package pdftex.def Info: main_8cpp__incl.pdf  used on input line 9.
(pdftex.def)             Requested size: 350.0pt x 200.91046pt.
 [91] <./main_8cpp_ae66f6b31b5ad750f1fe042a706a4e3d4_cgraph.pdf>
<main_8cpp_ae66f6b31b5ad750f1fe042a706a4e3d4_cgraph.pdf, id=2597, 435.6275pt x 
173.64874pt>
File: main_8cpp_ae66f6b31b5ad750f1fe042a706a4e3d4_cgraph.pdf Graphic file (type
 pdf)
<use main_8cpp_ae66f6b31b5ad750f1fe042a706a4e3d4_cgraph.pdf>
Package pdftex.def Info: main_8cpp_ae66f6b31b5ad750f1fe042a706a4e3d4_cgraph.pdf
  used on input line 45.
(pdftex.def)             Requested size: 350.0pt x 139.51535pt.
) [92]
No file refman.ind.

Package longtable Warning: Table widths have changed. Rerun LaTeX.

(./refman.aux)

LaTeX Warning: There were undefined references.


LaTeX Warning: Label(s) may have changed. Rerun to get cross-references right.


Package rerunfilecheck Warning: File `refman.out' has changed.
(rerunfilecheck)                Rerun to get outlines right
(rerunfilecheck)                or use package `bookmark'.

Package rerunfilecheck Info: Checksums for `refman.out':
(rerunfilecheck)             Before: <no file>
(rerunfilecheck)             After:  3A58654BF2DACA8833B8F16B7D3F05E4;39341.
 ) 
Here is how much of TeX's memory you used:
 19233 strings out of 480247
 330007 string characters out of 5896150
 609123 words of memory out of 5000000
 36229 multiletter control sequences out of 15000+600000
 526236 words of font info for 105 fonts, out of 8000000 for 9000
 14 hyphenation exceptions out of 8191
 99i,16n,117p,1376b,636s stack positions out of 5000i,500n,10000p,200000b,80000s
{/usr/share/texlive/texmf-dist/fonts/enc/dvips/base/8r.enc}</usr/share/texliv
e/texmf-dist/fonts/type1/public/amsfonts/cm/cmmi10.pfb></usr/share/texlive/texm
f-dist/fonts/type1/public/amsfonts/cm/cmmi7.pfb></usr/share/texlive/texmf-dist/
fonts/type1/public/amsfonts/cm/cmmi8.pfb></usr/share/texlive/texmf-dist/fonts/t
ype1/public/amsfonts/cm/cmmi9.pfb></usr/share/texlive/texmf-dist/fonts/type1/pu
blic/amsfonts/cm/cmsy10.pfb></usr/share/texlive/texmf-dist/fonts/type1/public/a
msfonts/cm/cmsy7.pfb></usr/share/texlive/texmf-dist/fonts/type1/public/amsfonts
/cm/cmsy8.pfb></usr/share/texlive/texmf-dist/fonts/type1/urw/courier/ucrb8a.pfb
></usr/share/texlive/texmf-dist/fonts/type1/urw/courier/ucrr8a.pfb></usr/share/
texlive/texmf-dist/fonts/type1/urw/courier/ucrro8a.pfb></usr/share/texlive/texm
f-dist/fonts/type1/urw/helvetic/uhvb8a.pfb></usr/share/texlive/texmf-dist/fonts
/type1/urw/helvetic/uhvb8ac.pfb></usr/share/texlive/texmf-dist/fonts/type1/urw/
helvetic/uhvr8a.pfb></usr/share/texlive/texmf-dist/fonts/type1/urw/helvetic/uhv
ro8a.pfb>
Output written on refman.pdf (94 pages, 835559 bytes).
PDF statistics:
 2791 PDF objects out of 2984 (max. 8388607)
 2382 compressed objects within 24 object streams
 542 named destinations out of 1000 (max. 500000)
 311 words of extra memory for PDF output out of 10000 (max. 10000000)

