\BOOKMARK [0][-]{chapter.1}{\376\377\0001\000\040\000H\000i\000e\000r\000a\000r\000c\000h\000i\000c\000a\000l\000\040\000I\000n\000d\000e\000x}{}% 1
\BOOKMARK [1][-]{section.1.1}{\376\377\0001\000.\0001\000\040\000C\000l\000a\000s\000s\000\040\000H\000i\000e\000r\000a\000r\000c\000h\000y}{chapter.1}% 2
\BOOKMARK [0][-]{chapter.2}{\376\377\0002\000\040\000C\000l\000a\000s\000s\000\040\000I\000n\000d\000e\000x}{}% 3
\BOOKMARK [1][-]{section.2.1}{\376\377\0002\000.\0001\000\040\000C\000l\000a\000s\000s\000\040\000L\000i\000s\000t}{chapter.2}% 4
\BOOKMARK [0][-]{chapter.3}{\376\377\0003\000\040\000F\000i\000l\000e\000\040\000I\000n\000d\000e\000x}{}% 5
\BOOKMARK [1][-]{section.3.1}{\376\377\0003\000.\0001\000\040\000F\000i\000l\000e\000\040\000L\000i\000s\000t}{chapter.3}% 6
\BOOKMARK [0][-]{chapter.4}{\376\377\0004\000\040\000C\000l\000a\000s\000s\000\040\000D\000o\000c\000u\000m\000e\000n\000t\000a\000t\000i\000o\000n}{}% 7
\BOOKMARK [1][-]{section.4.1}{\376\377\0004\000.\0001\000\040\000E\000x\000p\000o\000n\000e\000n\000c\000i\000a\000l\000\040\000C\000l\000a\000s\000s\000\040\000R\000e\000f\000e\000r\000e\000n\000c\000e}{chapter.4}% 8
\BOOKMARK [2][-]{subsection.4.1.1}{\376\377\0004\000.\0001\000.\0001\000\040\000C\000o\000n\000s\000t\000r\000u\000c\000t\000o\000r\000\040\000\046\000\040\000D\000e\000s\000t\000r\000u\000c\000t\000o\000r\000\040\000D\000o\000c\000u\000m\000e\000n\000t\000a\000t\000i\000o\000n}{section.4.1}% 9
\BOOKMARK [3][-]{subsubsection.4.1.1.1}{\376\377\0004\000.\0001\000.\0001\000.\0001\000\040\000E\000x\000p\000o\000n\000e\000n\000c\000i\000a\000l\000\050\000\051\000\040\000[\0001\000/\0002\000]}{subsection.4.1.1}% 10
\BOOKMARK [3][-]{subsubsection.4.1.1.2}{\376\377\0004\000.\0001\000.\0001\000.\0002\000\040\000E\000x\000p\000o\000n\000e\000n\000c\000i\000a\000l\000\050\000\051\000\040\000[\0002\000/\0002\000]}{subsection.4.1.1}% 11
\BOOKMARK [3][-]{subsubsection.4.1.1.3}{\376\377\0004\000.\0001\000.\0001\000.\0003\000\040\000~\000E\000x\000p\000o\000n\000e\000n\000c\000i\000a\000l\000\050\000\051}{subsection.4.1.1}% 12
\BOOKMARK [2][-]{subsection.4.1.2}{\376\377\0004\000.\0001\000.\0002\000\040\000M\000e\000m\000b\000e\000r\000\040\000F\000u\000n\000c\000t\000i\000o\000n\000\040\000D\000o\000c\000u\000m\000e\000n\000t\000a\000t\000i\000o\000n}{section.4.1}% 13
\BOOKMARK [3][-]{subsubsection.4.1.2.1}{\376\377\0004\000.\0001\000.\0002\000.\0001\000\040\000e\000x\000e\000c\000u\000t\000e\000\050\000\051}{subsection.4.1.2}% 14
\BOOKMARK [1][-]{section.4.2}{\376\377\0004\000.\0002\000\040\000F\000l\000o\000w\000\040\000C\000l\000a\000s\000s\000\040\000R\000e\000f\000e\000r\000e\000n\000c\000e}{chapter.4}% 15
\BOOKMARK [2][-]{subsection.4.2.1}{\376\377\0004\000.\0002\000.\0001\000\040\000C\000o\000n\000s\000t\000r\000u\000c\000t\000o\000r\000\040\000\046\000\040\000D\000e\000s\000t\000r\000u\000c\000t\000o\000r\000\040\000D\000o\000c\000u\000m\000e\000n\000t\000a\000t\000i\000o\000n}{section.4.2}% 16
\BOOKMARK [3][-]{subsubsection.4.2.1.1}{\376\377\0004\000.\0002\000.\0001\000.\0001\000\040\000~\000F\000l\000o\000w\000\050\000\051}{subsection.4.2.1}% 17
\BOOKMARK [2][-]{subsection.4.2.2}{\376\377\0004\000.\0002\000.\0002\000\040\000M\000e\000m\000b\000e\000r\000\040\000F\000u\000n\000c\000t\000i\000o\000n\000\040\000D\000o\000c\000u\000m\000e\000n\000t\000a\000t\000i\000o\000n}{section.4.2}% 18
\BOOKMARK [3][-]{subsubsection.4.2.2.1}{\376\377\0004\000.\0002\000.\0002\000.\0001\000\040\000e\000x\000e\000c\000u\000t\000e\000\050\000\051}{subsection.4.2.2}% 19
\BOOKMARK [3][-]{subsubsection.4.2.2.2}{\376\377\0004\000.\0002\000.\0002\000.\0002\000\040\000g\000e\000t\000N\000a\000m\000e\000\050\000\051}{subsection.4.2.2}% 20
\BOOKMARK [3][-]{subsubsection.4.2.2.3}{\376\377\0004\000.\0002\000.\0002\000.\0003\000\040\000g\000e\000t\000S\000o\000u\000r\000c\000e\000\050\000\051}{subsection.4.2.2}% 21
\BOOKMARK [3][-]{subsubsection.4.2.2.4}{\376\377\0004\000.\0002\000.\0002\000.\0004\000\040\000g\000e\000t\000T\000a\000r\000g\000e\000t\000\050\000\051}{subsection.4.2.2}% 22
\BOOKMARK [3][-]{subsubsection.4.2.2.5}{\376\377\0004\000.\0002\000.\0002\000.\0005\000\040\000s\000e\000t\000N\000a\000m\000e\000\050\000\051}{subsection.4.2.2}% 23
\BOOKMARK [3][-]{subsubsection.4.2.2.6}{\376\377\0004\000.\0002\000.\0002\000.\0006\000\040\000s\000e\000t\000S\000o\000u\000r\000c\000e\000\050\000\051}{subsection.4.2.2}% 24
\BOOKMARK [3][-]{subsubsection.4.2.2.7}{\376\377\0004\000.\0002\000.\0002\000.\0007\000\040\000s\000e\000t\000T\000a\000r\000g\000e\000t\000\050\000\051}{subsection.4.2.2}% 25
\BOOKMARK [1][-]{section.4.3}{\376\377\0004\000.\0003\000\040\000F\000l\000o\000w\000\137\000u\000n\000i\000t\000\137\000t\000e\000s\000t\000\040\000C\000l\000a\000s\000s\000\040\000R\000e\000f\000e\000r\000e\000n\000c\000e}{chapter.4}% 26
\BOOKMARK [2][-]{subsection.4.3.1}{\376\377\0004\000.\0003\000.\0001\000\040\000C\000o\000n\000s\000t\000r\000u\000c\000t\000o\000r\000\040\000\046\000\040\000D\000e\000s\000t\000r\000u\000c\000t\000o\000r\000\040\000D\000o\000c\000u\000m\000e\000n\000t\000a\000t\000i\000o\000n}{section.4.3}% 27
\BOOKMARK [3][-]{subsubsection.4.3.1.1}{\376\377\0004\000.\0003\000.\0001\000.\0001\000\040\000F\000l\000o\000w\000\137\000u\000n\000i\000t\000\137\000t\000e\000s\000t\000\050\000\051\000\040\000[\0001\000/\0002\000]}{subsection.4.3.1}% 28
\BOOKMARK [3][-]{subsubsection.4.3.1.2}{\376\377\0004\000.\0003\000.\0001\000.\0002\000\040\000F\000l\000o\000w\000\137\000u\000n\000i\000t\000\137\000t\000e\000s\000t\000\050\000\051\000\040\000[\0002\000/\0002\000]}{subsection.4.3.1}% 29
\BOOKMARK [3][-]{subsubsection.4.3.1.3}{\376\377\0004\000.\0003\000.\0001\000.\0003\000\040\000~\000F\000l\000o\000w\000\137\000u\000n\000i\000t\000\137\000t\000e\000s\000t\000\050\000\051}{subsection.4.3.1}% 30
\BOOKMARK [2][-]{subsection.4.3.2}{\376\377\0004\000.\0003\000.\0002\000\040\000M\000e\000m\000b\000e\000r\000\040\000F\000u\000n\000c\000t\000i\000o\000n\000\040\000D\000o\000c\000u\000m\000e\000n\000t\000a\000t\000i\000o\000n}{section.4.3}% 31
\BOOKMARK [3][-]{subsubsection.4.3.2.1}{\376\377\0004\000.\0003\000.\0002\000.\0001\000\040\000e\000x\000e\000c\000u\000t\000e\000\050\000\051}{subsection.4.3.2}% 32
\BOOKMARK [1][-]{section.4.4}{\376\377\0004\000.\0004\000\040\000F\000l\000o\000w\000I\000M\000P\000\040\000C\000l\000a\000s\000s\000\040\000R\000e\000f\000e\000r\000e\000n\000c\000e}{chapter.4}% 33
\BOOKMARK [2][-]{subsection.4.4.1}{\376\377\0004\000.\0004\000.\0001\000\040\000C\000o\000n\000s\000t\000r\000u\000c\000t\000o\000r\000\040\000\046\000\040\000D\000e\000s\000t\000r\000u\000c\000t\000o\000r\000\040\000D\000o\000c\000u\000m\000e\000n\000t\000a\000t\000i\000o\000n}{section.4.4}% 34
\BOOKMARK [3][-]{subsubsection.4.4.1.1}{\376\377\0004\000.\0004\000.\0001\000.\0001\000\040\000~\000F\000l\000o\000w\000I\000M\000P\000\050\000\051}{subsection.4.4.1}% 35
\BOOKMARK [2][-]{subsection.4.4.2}{\376\377\0004\000.\0004\000.\0002\000\040\000M\000e\000m\000b\000e\000r\000\040\000F\000u\000n\000c\000t\000i\000o\000n\000\040\000D\000o\000c\000u\000m\000e\000n\000t\000a\000t\000i\000o\000n}{section.4.4}% 36
\BOOKMARK [3][-]{subsubsection.4.4.2.1}{\376\377\0004\000.\0004\000.\0002\000.\0001\000\040\000e\000x\000e\000c\000u\000t\000e\000\050\000\051}{subsection.4.4.2}% 37
\BOOKMARK [3][-]{subsubsection.4.4.2.2}{\376\377\0004\000.\0004\000.\0002\000.\0002\000\040\000g\000e\000t\000N\000a\000m\000e\000\050\000\051}{subsection.4.4.2}% 38
\BOOKMARK [3][-]{subsubsection.4.4.2.3}{\376\377\0004\000.\0004\000.\0002\000.\0003\000\040\000g\000e\000t\000S\000o\000u\000r\000c\000e\000\050\000\051}{subsection.4.4.2}% 39
\BOOKMARK [3][-]{subsubsection.4.4.2.4}{\376\377\0004\000.\0004\000.\0002\000.\0004\000\040\000g\000e\000t\000T\000a\000r\000g\000e\000t\000\050\000\051}{subsection.4.4.2}% 40
\BOOKMARK [3][-]{subsubsection.4.4.2.5}{\376\377\0004\000.\0004\000.\0002\000.\0005\000\040\000o\000p\000e\000r\000a\000t\000o\000r\000!\000=\000\050\000\051}{subsection.4.4.2}% 41
\BOOKMARK [3][-]{subsubsection.4.4.2.6}{\376\377\0004\000.\0004\000.\0002\000.\0006\000\040\000o\000p\000e\000r\000a\000t\000o\000r\000=\000\050\000\051}{subsection.4.4.2}% 42
\BOOKMARK [3][-]{subsubsection.4.4.2.7}{\376\377\0004\000.\0004\000.\0002\000.\0007\000\040\000o\000p\000e\000r\000a\000t\000o\000r\000=\000=\000\050\000\051}{subsection.4.4.2}% 43
\BOOKMARK [3][-]{subsubsection.4.4.2.8}{\376\377\0004\000.\0004\000.\0002\000.\0008\000\040\000s\000e\000t\000N\000a\000m\000e\000\050\000\051}{subsection.4.4.2}% 44
\BOOKMARK [3][-]{subsubsection.4.4.2.9}{\376\377\0004\000.\0004\000.\0002\000.\0009\000\040\000s\000e\000t\000S\000o\000u\000r\000c\000e\000\050\000\051}{subsection.4.4.2}% 45
\BOOKMARK [3][-]{subsubsection.4.4.2.10}{\376\377\0004\000.\0004\000.\0002\000.\0001\0000\000\040\000s\000e\000t\000T\000a\000r\000g\000e\000t\000\050\000\051}{subsection.4.4.2}% 46
\BOOKMARK [2][-]{subsection.4.4.3}{\376\377\0004\000.\0004\000.\0003\000\040\000M\000e\000m\000b\000e\000r\000\040\000D\000a\000t\000a\000\040\000D\000o\000c\000u\000m\000e\000n\000t\000a\000t\000i\000o\000n}{section.4.4}% 47
\BOOKMARK [3][-]{subsubsection.4.4.3.1}{\376\377\0004\000.\0004\000.\0003\000.\0001\000\040\000n\000a\000m\000e}{subsection.4.4.3}% 48
\BOOKMARK [3][-]{subsubsection.4.4.3.2}{\376\377\0004\000.\0004\000.\0003\000.\0002\000\040\000s\000o\000u\000r\000c\000e}{subsection.4.4.3}% 49
\BOOKMARK [3][-]{subsubsection.4.4.3.3}{\376\377\0004\000.\0004\000.\0003\000.\0003\000\040\000t\000a\000r\000g\000e\000t}{subsection.4.4.3}% 50
\BOOKMARK [1][-]{section.4.5}{\376\377\0004\000.\0005\000\040\000L\000o\000g\000i\000s\000t\000i\000c\000a\000l\000\040\000C\000l\000a\000s\000s\000\040\000R\000e\000f\000e\000r\000e\000n\000c\000e}{chapter.4}% 51
\BOOKMARK [2][-]{subsection.4.5.1}{\376\377\0004\000.\0005\000.\0001\000\040\000C\000o\000n\000s\000t\000r\000u\000c\000t\000o\000r\000\040\000\046\000\040\000D\000e\000s\000t\000r\000u\000c\000t\000o\000r\000\040\000D\000o\000c\000u\000m\000e\000n\000t\000a\000t\000i\000o\000n}{section.4.5}% 52
\BOOKMARK [3][-]{subsubsection.4.5.1.1}{\376\377\0004\000.\0005\000.\0001\000.\0001\000\040\000L\000o\000g\000i\000s\000t\000i\000c\000a\000l\000\050\000\051\000\040\000[\0001\000/\0002\000]}{subsection.4.5.1}% 53
\BOOKMARK [3][-]{subsubsection.4.5.1.2}{\376\377\0004\000.\0005\000.\0001\000.\0002\000\040\000L\000o\000g\000i\000s\000t\000i\000c\000a\000l\000\050\000\051\000\040\000[\0002\000/\0002\000]}{subsection.4.5.1}% 54
\BOOKMARK [3][-]{subsubsection.4.5.1.3}{\376\377\0004\000.\0005\000.\0001\000.\0003\000\040\000~\000L\000o\000g\000i\000s\000t\000i\000c\000a\000l\000\050\000\051}{subsection.4.5.1}% 55
\BOOKMARK [2][-]{subsection.4.5.2}{\376\377\0004\000.\0005\000.\0002\000\040\000M\000e\000m\000b\000e\000r\000\040\000F\000u\000n\000c\000t\000i\000o\000n\000\040\000D\000o\000c\000u\000m\000e\000n\000t\000a\000t\000i\000o\000n}{section.4.5}% 56
\BOOKMARK [3][-]{subsubsection.4.5.2.1}{\376\377\0004\000.\0005\000.\0002\000.\0001\000\040\000e\000x\000e\000c\000u\000t\000e\000\050\000\051}{subsection.4.5.2}% 57
\BOOKMARK [1][-]{section.4.6}{\376\377\0004\000.\0006\000\040\000M\000o\000d\000e\000l\000\040\000C\000l\000a\000s\000s\000\040\000R\000e\000f\000e\000r\000e\000n\000c\000e}{chapter.4}% 58
\BOOKMARK [2][-]{subsection.4.6.1}{\376\377\0004\000.\0006\000.\0001\000\040\000M\000e\000m\000b\000e\000r\000\040\000T\000y\000p\000e\000d\000e\000f\000\040\000D\000o\000c\000u\000m\000e\000n\000t\000a\000t\000i\000o\000n}{section.4.6}% 59
\BOOKMARK [3][-]{subsubsection.4.6.1.1}{\376\377\0004\000.\0006\000.\0001\000.\0001\000\040\000f\000l\000o\000w\000I\000t\000e\000r\000a\000t\000o\000r}{subsection.4.6.1}% 60
\BOOKMARK [3][-]{subsubsection.4.6.1.2}{\376\377\0004\000.\0006\000.\0001\000.\0002\000\040\000s\000y\000s\000t\000e\000m\000I\000t\000e\000r\000a\000t\000o\000r}{subsection.4.6.1}% 61
\BOOKMARK [2][-]{subsection.4.6.2}{\376\377\0004\000.\0006\000.\0002\000\040\000C\000o\000n\000s\000t\000r\000u\000c\000t\000o\000r\000\040\000\046\000\040\000D\000e\000s\000t\000r\000u\000c\000t\000o\000r\000\040\000D\000o\000c\000u\000m\000e\000n\000t\000a\000t\000i\000o\000n}{section.4.6}% 62
\BOOKMARK [3][-]{subsubsection.4.6.2.1}{\376\377\0004\000.\0006\000.\0002\000.\0001\000\040\000~\000M\000o\000d\000e\000l\000\050\000\051}{subsection.4.6.2}% 63
\BOOKMARK [2][-]{subsection.4.6.3}{\376\377\0004\000.\0006\000.\0003\000\040\000M\000e\000m\000b\000e\000r\000\040\000F\000u\000n\000c\000t\000i\000o\000n\000\040\000D\000o\000c\000u\000m\000e\000n\000t\000a\000t\000i\000o\000n}{section.4.6}% 64
\BOOKMARK [3][-]{subsubsection.4.6.3.1}{\376\377\0004\000.\0006\000.\0003\000.\0001\000\040\000a\000d\000d\000\050\000\051\000\040\000[\0001\000/\0002\000]}{subsection.4.6.3}% 65
\BOOKMARK [3][-]{subsubsection.4.6.3.2}{\376\377\0004\000.\0006\000.\0003\000.\0002\000\040\000a\000d\000d\000\050\000\051\000\040\000[\0002\000/\0002\000]}{subsection.4.6.3}% 66
\BOOKMARK [3][-]{subsubsection.4.6.3.3}{\376\377\0004\000.\0006\000.\0003\000.\0003\000\040\000g\000e\000t\000E\000n\000d\000T\000i\000m\000e\000\050\000\051}{subsection.4.6.3}% 67
\BOOKMARK [3][-]{subsubsection.4.6.3.4}{\376\377\0004\000.\0006\000.\0003\000.\0004\000\040\000g\000e\000t\000F\000l\000o\000w\000s\000\050\000\051}{subsection.4.6.3}% 68
\BOOKMARK [3][-]{subsubsection.4.6.3.5}{\376\377\0004\000.\0006\000.\0003\000.\0005\000\040\000g\000e\000t\000N\000a\000m\000e\000\050\000\051}{subsection.4.6.3}% 69
\BOOKMARK [3][-]{subsubsection.4.6.3.6}{\376\377\0004\000.\0006\000.\0003\000.\0006\000\040\000g\000e\000t\000S\000t\000a\000r\000t\000T\000i\000m\000e\000\050\000\051}{subsection.4.6.3}% 70
\BOOKMARK [3][-]{subsubsection.4.6.3.7}{\376\377\0004\000.\0006\000.\0003\000.\0007\000\040\000g\000e\000t\000S\000y\000s\000t\000e\000m\000s\000\050\000\051}{subsection.4.6.3}% 71
\BOOKMARK [3][-]{subsubsection.4.6.3.8}{\376\377\0004\000.\0006\000.\0003\000.\0008\000\040\000r\000m\000v\000\050\000\051\000\040\000[\0001\000/\0002\000]}{subsection.4.6.3}% 72
\BOOKMARK [3][-]{subsubsection.4.6.3.9}{\376\377\0004\000.\0006\000.\0003\000.\0009\000\040\000r\000m\000v\000\050\000\051\000\040\000[\0002\000/\0002\000]}{subsection.4.6.3}% 73
\BOOKMARK [3][-]{subsubsection.4.6.3.10}{\376\377\0004\000.\0006\000.\0003\000.\0001\0000\000\040\000r\000u\000n\000\050\000\051}{subsection.4.6.3}% 74
\BOOKMARK [3][-]{subsubsection.4.6.3.11}{\376\377\0004\000.\0006\000.\0003\000.\0001\0001\000\040\000s\000e\000t\000E\000n\000d\000T\000i\000m\000e\000\050\000\051}{subsection.4.6.3}% 75
\BOOKMARK [3][-]{subsubsection.4.6.3.12}{\376\377\0004\000.\0006\000.\0003\000.\0001\0002\000\040\000s\000e\000t\000F\000l\000o\000w\000s\000\050\000\051}{subsection.4.6.3}% 76
\BOOKMARK [3][-]{subsubsection.4.6.3.13}{\376\377\0004\000.\0006\000.\0003\000.\0001\0003\000\040\000s\000e\000t\000N\000a\000m\000e\000\050\000\051}{subsection.4.6.3}% 77
\BOOKMARK [3][-]{subsubsection.4.6.3.14}{\376\377\0004\000.\0006\000.\0003\000.\0001\0004\000\040\000s\000e\000t\000S\000t\000a\000r\000t\000T\000i\000m\000e\000\050\000\051}{subsection.4.6.3}% 78
\BOOKMARK [3][-]{subsubsection.4.6.3.15}{\376\377\0004\000.\0006\000.\0003\000.\0001\0005\000\040\000s\000e\000t\000S\000y\000s\000t\000e\000m\000s\000\050\000\051}{subsection.4.6.3}% 79
\BOOKMARK [3][-]{subsubsection.4.6.3.16}{\376\377\0004\000.\0006\000.\0003\000.\0001\0006\000\040\000s\000e\000t\000T\000i\000m\000e\000\050\000\051}{subsection.4.6.3}% 80
\BOOKMARK [1][-]{section.4.7}{\376\377\0004\000.\0007\000\040\000M\000o\000d\000e\000l\000I\000M\000P\000\040\000C\000l\000a\000s\000s\000\040\000R\000e\000f\000e\000r\000e\000n\000c\000e}{chapter.4}% 81
\BOOKMARK [2][-]{subsection.4.7.1}{\376\377\0004\000.\0007\000.\0001\000\040\000C\000o\000n\000s\000t\000r\000u\000c\000t\000o\000r\000\040\000\046\000\040\000D\000e\000s\000t\000r\000u\000c\000t\000o\000r\000\040\000D\000o\000c\000u\000m\000e\000n\000t\000a\000t\000i\000o\000n}{section.4.7}% 82
\BOOKMARK [3][-]{subsubsection.4.7.1.1}{\376\377\0004\000.\0007\000.\0001\000.\0001\000\040\000M\000o\000d\000e\000l\000I\000M\000P\000\050\000\051\000\040\000[\0001\000/\0002\000]}{subsection.4.7.1}% 83
\BOOKMARK [3][-]{subsubsection.4.7.1.2}{\376\377\0004\000.\0007\000.\0001\000.\0002\000\040\000M\000o\000d\000e\000l\000I\000M\000P\000\050\000\051\000\040\000[\0002\000/\0002\000]}{subsection.4.7.1}% 84
\BOOKMARK [3][-]{subsubsection.4.7.1.3}{\376\377\0004\000.\0007\000.\0001\000.\0003\000\040\000~\000M\000o\000d\000e\000l\000I\000M\000P\000\050\000\051}{subsection.4.7.1}% 85
\BOOKMARK [2][-]{subsection.4.7.2}{\376\377\0004\000.\0007\000.\0002\000\040\000M\000e\000m\000b\000e\000r\000\040\000F\000u\000n\000c\000t\000i\000o\000n\000\040\000D\000o\000c\000u\000m\000e\000n\000t\000a\000t\000i\000o\000n}{section.4.7}% 86
\BOOKMARK [3][-]{subsubsection.4.7.2.1}{\376\377\0004\000.\0007\000.\0002\000.\0001\000\040\000a\000d\000d\000\050\000\051\000\040\000[\0001\000/\0002\000]}{subsection.4.7.2}% 87
\BOOKMARK [3][-]{subsubsection.4.7.2.2}{\376\377\0004\000.\0007\000.\0002\000.\0002\000\040\000a\000d\000d\000\050\000\051\000\040\000[\0002\000/\0002\000]}{subsection.4.7.2}% 88
\BOOKMARK [3][-]{subsubsection.4.7.2.3}{\376\377\0004\000.\0007\000.\0002\000.\0003\000\040\000g\000e\000t\000E\000n\000d\000T\000i\000m\000e\000\050\000\051}{subsection.4.7.2}% 89
\BOOKMARK [3][-]{subsubsection.4.7.2.4}{\376\377\0004\000.\0007\000.\0002\000.\0004\000\040\000g\000e\000t\000F\000l\000o\000w\000s\000\050\000\051}{subsection.4.7.2}% 90
\BOOKMARK [3][-]{subsubsection.4.7.2.5}{\376\377\0004\000.\0007\000.\0002\000.\0005\000\040\000g\000e\000t\000N\000a\000m\000e\000\050\000\051}{subsection.4.7.2}% 91
\BOOKMARK [3][-]{subsubsection.4.7.2.6}{\376\377\0004\000.\0007\000.\0002\000.\0006\000\040\000g\000e\000t\000S\000t\000a\000r\000t\000T\000i\000m\000e\000\050\000\051}{subsection.4.7.2}% 92
\BOOKMARK [3][-]{subsubsection.4.7.2.7}{\376\377\0004\000.\0007\000.\0002\000.\0007\000\040\000g\000e\000t\000S\000y\000s\000t\000e\000m\000s\000\050\000\051}{subsection.4.7.2}% 93
\BOOKMARK [3][-]{subsubsection.4.7.2.8}{\376\377\0004\000.\0007\000.\0002\000.\0008\000\040\000o\000p\000e\000r\000a\000t\000o\000r\000!\000=\000\050\000\051}{subsection.4.7.2}% 94
\BOOKMARK [3][-]{subsubsection.4.7.2.9}{\376\377\0004\000.\0007\000.\0002\000.\0009\000\040\000o\000p\000e\000r\000a\000t\000o\000r\000=\000\050\000\051}{subsection.4.7.2}% 95
\BOOKMARK [3][-]{subsubsection.4.7.2.10}{\376\377\0004\000.\0007\000.\0002\000.\0001\0000\000\040\000o\000p\000e\000r\000a\000t\000o\000r\000=\000=\000\050\000\051}{subsection.4.7.2}% 96
\BOOKMARK [3][-]{subsubsection.4.7.2.11}{\376\377\0004\000.\0007\000.\0002\000.\0001\0001\000\040\000r\000m\000v\000\050\000\051\000\040\000[\0001\000/\0002\000]}{subsection.4.7.2}% 97
\BOOKMARK [3][-]{subsubsection.4.7.2.12}{\376\377\0004\000.\0007\000.\0002\000.\0001\0002\000\040\000r\000m\000v\000\050\000\051\000\040\000[\0002\000/\0002\000]}{subsection.4.7.2}% 98
\BOOKMARK [3][-]{subsubsection.4.7.2.13}{\376\377\0004\000.\0007\000.\0002\000.\0001\0003\000\040\000r\000u\000n\000\050\000\051}{subsection.4.7.2}% 99
\BOOKMARK [3][-]{subsubsection.4.7.2.14}{\376\377\0004\000.\0007\000.\0002\000.\0001\0004\000\040\000s\000e\000t\000E\000n\000d\000T\000i\000m\000e\000\050\000\051}{subsection.4.7.2}% 100
\BOOKMARK [3][-]{subsubsection.4.7.2.15}{\376\377\0004\000.\0007\000.\0002\000.\0001\0005\000\040\000s\000e\000t\000F\000l\000o\000w\000s\000\050\000\051}{subsection.4.7.2}% 101
\BOOKMARK [3][-]{subsubsection.4.7.2.16}{\376\377\0004\000.\0007\000.\0002\000.\0001\0006\000\040\000s\000e\000t\000N\000a\000m\000e\000\050\000\051}{subsection.4.7.2}% 102
\BOOKMARK [3][-]{subsubsection.4.7.2.17}{\376\377\0004\000.\0007\000.\0002\000.\0001\0007\000\040\000s\000e\000t\000S\000t\000a\000r\000t\000T\000i\000m\000e\000\050\000\051}{subsection.4.7.2}% 103
\BOOKMARK [3][-]{subsubsection.4.7.2.18}{\376\377\0004\000.\0007\000.\0002\000.\0001\0008\000\040\000s\000e\000t\000S\000y\000s\000t\000e\000m\000s\000\050\000\051}{subsection.4.7.2}% 104
\BOOKMARK [3][-]{subsubsection.4.7.2.19}{\376\377\0004\000.\0007\000.\0002\000.\0001\0009\000\040\000s\000e\000t\000T\000i\000m\000e\000\050\000\051}{subsection.4.7.2}% 105
\BOOKMARK [2][-]{subsection.4.7.3}{\376\377\0004\000.\0007\000.\0003\000\040\000M\000e\000m\000b\000e\000r\000\040\000D\000a\000t\000a\000\040\000D\000o\000c\000u\000m\000e\000n\000t\000a\000t\000i\000o\000n}{section.4.7}% 106
\BOOKMARK [3][-]{subsubsection.4.7.3.1}{\376\377\0004\000.\0007\000.\0003\000.\0001\000\040\000e\000n\000d\000T\000i\000m\000e}{subsection.4.7.3}% 107
\BOOKMARK [3][-]{subsubsection.4.7.3.2}{\376\377\0004\000.\0007\000.\0003\000.\0002\000\040\000f\000l\000o\000w\000s}{subsection.4.7.3}% 108
\BOOKMARK [3][-]{subsubsection.4.7.3.3}{\376\377\0004\000.\0007\000.\0003\000.\0003\000\040\000n\000a\000m\000e}{subsection.4.7.3}% 109
\BOOKMARK [3][-]{subsubsection.4.7.3.4}{\376\377\0004\000.\0007\000.\0003\000.\0004\000\040\000s\000t\000a\000r\000t\000T\000i\000m\000e}{subsection.4.7.3}% 110
\BOOKMARK [3][-]{subsubsection.4.7.3.5}{\376\377\0004\000.\0007\000.\0003\000.\0005\000\040\000s\000y\000s\000t\000e\000m\000s}{subsection.4.7.3}% 111
\BOOKMARK [1][-]{section.4.8}{\376\377\0004\000.\0008\000\040\000M\000y\000V\000e\000n\000s\000i\000m\000\040\000C\000l\000a\000s\000s\000\040\000R\000e\000f\000e\000r\000e\000n\000c\000e}{chapter.4}% 112
\BOOKMARK [2][-]{subsection.4.8.1}{\376\377\0004\000.\0008\000.\0001\000\040\000M\000e\000m\000b\000e\000r\000\040\000T\000y\000p\000e\000d\000e\000f\000\040\000D\000o\000c\000u\000m\000e\000n\000t\000a\000t\000i\000o\000n}{section.4.8}% 113
\BOOKMARK [3][-]{subsubsection.4.8.1.1}{\376\377\0004\000.\0008\000.\0001\000.\0001\000\040\000f\000l\000o\000w\000I\000t\000e\000r\000a\000t\000o\000r}{subsection.4.8.1}% 114
\BOOKMARK [3][-]{subsubsection.4.8.1.2}{\376\377\0004\000.\0008\000.\0001\000.\0002\000\040\000m\000o\000d\000e\000l\000I\000t\000e\000r\000a\000t\000o\000r}{subsection.4.8.1}% 115
\BOOKMARK [3][-]{subsubsection.4.8.1.3}{\376\377\0004\000.\0008\000.\0001\000.\0003\000\040\000s\000y\000s\000t\000e\000m\000I\000t\000e\000r\000a\000t\000o\000r}{subsection.4.8.1}% 116
\BOOKMARK [2][-]{subsection.4.8.2}{\376\377\0004\000.\0008\000.\0002\000\040\000C\000o\000n\000s\000t\000r\000u\000c\000t\000o\000r\000\040\000\046\000\040\000D\000e\000s\000t\000r\000u\000c\000t\000o\000r\000\040\000D\000o\000c\000u\000m\000e\000n\000t\000a\000t\000i\000o\000n}{section.4.8}% 117
\BOOKMARK [3][-]{subsubsection.4.8.2.1}{\376\377\0004\000.\0008\000.\0002\000.\0001\000\040\000~\000M\000y\000V\000e\000n\000s\000i\000m\000\050\000\051}{subsection.4.8.2}% 118
\BOOKMARK [2][-]{subsection.4.8.3}{\376\377\0004\000.\0008\000.\0003\000\040\000M\000e\000m\000b\000e\000r\000\040\000F\000u\000n\000c\000t\000i\000o\000n\000\040\000D\000o\000c\000u\000m\000e\000n\000t\000a\000t\000i\000o\000n}{section.4.8}% 119
\BOOKMARK [3][-]{subsubsection.4.8.3.1}{\376\377\0004\000.\0008\000.\0003\000.\0001\000\040\000a\000d\000d\000\050\000\051\000\040\000[\0001\000/\0003\000]}{subsection.4.8.3}% 120
\BOOKMARK [3][-]{subsubsection.4.8.3.2}{\376\377\0004\000.\0008\000.\0003\000.\0002\000\040\000a\000d\000d\000\050\000\051\000\040\000[\0002\000/\0003\000]}{subsection.4.8.3}% 121
\BOOKMARK [3][-]{subsubsection.4.8.3.3}{\376\377\0004\000.\0008\000.\0003\000.\0003\000\040\000a\000d\000d\000\050\000\051\000\040\000[\0003\000/\0003\000]}{subsection.4.8.3}% 122
\BOOKMARK [3][-]{subsubsection.4.8.3.4}{\376\377\0004\000.\0008\000.\0003\000.\0004\000\040\000c\000r\000e\000a\000t\000e\000F\000l\000o\000w\000\050\000\051}{subsection.4.8.3}% 123
\BOOKMARK [3][-]{subsubsection.4.8.3.5}{\376\377\0004\000.\0008\000.\0003\000.\0005\000\040\000c\000r\000e\000a\000t\000e\000M\000o\000d\000e\000l\000\050\000\051}{subsection.4.8.3}% 124
\BOOKMARK [3][-]{subsubsection.4.8.3.6}{\376\377\0004\000.\0008\000.\0003\000.\0006\000\040\000c\000r\000e\000a\000t\000e\000S\000y\000s\000t\000e\000m\000\050\000\051}{subsection.4.8.3}% 125
\BOOKMARK [3][-]{subsubsection.4.8.3.7}{\376\377\0004\000.\0008\000.\0003\000.\0007\000\040\000g\000e\000t\000F\000l\000o\000w\000s\000\050\000\051}{subsection.4.8.3}% 126
\BOOKMARK [3][-]{subsubsection.4.8.3.8}{\376\377\0004\000.\0008\000.\0003\000.\0008\000\040\000g\000e\000t\000M\000o\000d\000e\000l\000s\000\050\000\051}{subsection.4.8.3}% 127
\BOOKMARK [3][-]{subsubsection.4.8.3.9}{\376\377\0004\000.\0008\000.\0003\000.\0009\000\040\000g\000e\000t\000N\000a\000m\000e\000\050\000\051}{subsection.4.8.3}% 128
\BOOKMARK [3][-]{subsubsection.4.8.3.10}{\376\377\0004\000.\0008\000.\0003\000.\0001\0000\000\040\000g\000e\000t\000S\000y\000s\000t\000e\000m\000s\000\050\000\051}{subsection.4.8.3}% 129
\BOOKMARK [3][-]{subsubsection.4.8.3.11}{\376\377\0004\000.\0008\000.\0003\000.\0001\0001\000\040\000r\000m\000v\000\050\000\051\000\040\000[\0001\000/\0003\000]}{subsection.4.8.3}% 130
\BOOKMARK [3][-]{subsubsection.4.8.3.12}{\376\377\0004\000.\0008\000.\0003\000.\0001\0002\000\040\000r\000m\000v\000\050\000\051\000\040\000[\0002\000/\0003\000]}{subsection.4.8.3}% 131
\BOOKMARK [3][-]{subsubsection.4.8.3.13}{\376\377\0004\000.\0008\000.\0003\000.\0001\0003\000\040\000r\000m\000v\000\050\000\051\000\040\000[\0003\000/\0003\000]}{subsection.4.8.3}% 132
\BOOKMARK [3][-]{subsubsection.4.8.3.14}{\376\377\0004\000.\0008\000.\0003\000.\0001\0004\000\040\000r\000u\000n\000\050\000\051}{subsection.4.8.3}% 133
\BOOKMARK [3][-]{subsubsection.4.8.3.15}{\376\377\0004\000.\0008\000.\0003\000.\0001\0005\000\040\000s\000e\000t\000F\000l\000o\000w\000s\000\050\000\051}{subsection.4.8.3}% 134
\BOOKMARK [3][-]{subsubsection.4.8.3.16}{\376\377\0004\000.\0008\000.\0003\000.\0001\0006\000\040\000s\000e\000t\000M\000o\000d\000e\000l\000s\000\050\000\051}{subsection.4.8.3}% 135
\BOOKMARK [3][-]{subsubsection.4.8.3.17}{\376\377\0004\000.\0008\000.\0003\000.\0001\0007\000\040\000s\000e\000t\000N\000a\000m\000e\000\050\000\051}{subsection.4.8.3}% 136
\BOOKMARK [3][-]{subsubsection.4.8.3.18}{\376\377\0004\000.\0008\000.\0003\000.\0001\0008\000\040\000s\000e\000t\000S\000y\000s\000t\000e\000m\000s\000\050\000\051}{subsection.4.8.3}% 137
\BOOKMARK [1][-]{section.4.9}{\376\377\0004\000.\0009\000\040\000M\000y\000V\000e\000n\000s\000i\000m\000I\000M\000P\000\040\000C\000l\000a\000s\000s\000\040\000R\000e\000f\000e\000r\000e\000n\000c\000e}{chapter.4}% 138
\BOOKMARK [2][-]{subsection.4.9.1}{\376\377\0004\000.\0009\000.\0001\000\040\000C\000o\000n\000s\000t\000r\000u\000c\000t\000o\000r\000\040\000\046\000\040\000D\000e\000s\000t\000r\000u\000c\000t\000o\000r\000\040\000D\000o\000c\000u\000m\000e\000n\000t\000a\000t\000i\000o\000n}{section.4.9}% 139
\BOOKMARK [3][-]{subsubsection.4.9.1.1}{\376\377\0004\000.\0009\000.\0001\000.\0001\000\040\000M\000y\000V\000e\000n\000s\000i\000m\000I\000M\000P\000\050\000\051\000\040\000[\0001\000/\0002\000]}{subsection.4.9.1}% 140
\BOOKMARK [3][-]{subsubsection.4.9.1.2}{\376\377\0004\000.\0009\000.\0001\000.\0002\000\040\000M\000y\000V\000e\000n\000s\000i\000m\000I\000M\000P\000\050\000\051\000\040\000[\0002\000/\0002\000]}{subsection.4.9.1}% 141
\BOOKMARK [3][-]{subsubsection.4.9.1.3}{\376\377\0004\000.\0009\000.\0001\000.\0003\000\040\000~\000M\000y\000V\000e\000n\000s\000i\000m\000I\000M\000P\000\050\000\051}{subsection.4.9.1}% 142
\BOOKMARK [2][-]{subsection.4.9.2}{\376\377\0004\000.\0009\000.\0002\000\040\000M\000e\000m\000b\000e\000r\000\040\000F\000u\000n\000c\000t\000i\000o\000n\000\040\000D\000o\000c\000u\000m\000e\000n\000t\000a\000t\000i\000o\000n}{section.4.9}% 143
\BOOKMARK [3][-]{subsubsection.4.9.2.1}{\376\377\0004\000.\0009\000.\0002\000.\0001\000\040\000a\000d\000d\000\050\000\051\000\040\000[\0001\000/\0003\000]}{subsection.4.9.2}% 144
\BOOKMARK [3][-]{subsubsection.4.9.2.2}{\376\377\0004\000.\0009\000.\0002\000.\0002\000\040\000a\000d\000d\000\050\000\051\000\040\000[\0002\000/\0003\000]}{subsection.4.9.2}% 145
\BOOKMARK [3][-]{subsubsection.4.9.2.3}{\376\377\0004\000.\0009\000.\0002\000.\0003\000\040\000a\000d\000d\000\050\000\051\000\040\000[\0003\000/\0003\000]}{subsection.4.9.2}% 146
\BOOKMARK [3][-]{subsubsection.4.9.2.4}{\376\377\0004\000.\0009\000.\0002\000.\0004\000\040\000c\000r\000e\000a\000t\000e\000M\000o\000d\000e\000l\000\050\000\051}{subsection.4.9.2}% 147
\BOOKMARK [3][-]{subsubsection.4.9.2.5}{\376\377\0004\000.\0009\000.\0002\000.\0005\000\040\000c\000r\000e\000a\000t\000e\000S\000y\000s\000t\000e\000m\000\050\000\051}{subsection.4.9.2}% 148
\BOOKMARK [3][-]{subsubsection.4.9.2.6}{\376\377\0004\000.\0009\000.\0002\000.\0006\000\040\000g\000e\000t\000F\000l\000o\000w\000s\000\050\000\051}{subsection.4.9.2}% 149
\BOOKMARK [3][-]{subsubsection.4.9.2.7}{\376\377\0004\000.\0009\000.\0002\000.\0007\000\040\000g\000e\000t\000M\000o\000d\000e\000l\000s\000\050\000\051}{subsection.4.9.2}% 150
\BOOKMARK [3][-]{subsubsection.4.9.2.8}{\376\377\0004\000.\0009\000.\0002\000.\0008\000\040\000g\000e\000t\000N\000a\000m\000e\000\050\000\051}{subsection.4.9.2}% 151
\BOOKMARK [3][-]{subsubsection.4.9.2.9}{\376\377\0004\000.\0009\000.\0002\000.\0009\000\040\000g\000e\000t\000S\000y\000s\000t\000e\000m\000s\000\050\000\051}{subsection.4.9.2}% 152
\BOOKMARK [3][-]{subsubsection.4.9.2.10}{\376\377\0004\000.\0009\000.\0002\000.\0001\0000\000\040\000o\000p\000e\000r\000a\000t\000o\000r\000!\000=\000\050\000\051}{subsection.4.9.2}% 153
\BOOKMARK [3][-]{subsubsection.4.9.2.11}{\376\377\0004\000.\0009\000.\0002\000.\0001\0001\000\040\000o\000p\000e\000r\000a\000t\000o\000r\000=\000\050\000\051}{subsection.4.9.2}% 154
\BOOKMARK [3][-]{subsubsection.4.9.2.12}{\376\377\0004\000.\0009\000.\0002\000.\0001\0002\000\040\000o\000p\000e\000r\000a\000t\000o\000r\000=\000=\000\050\000\051}{subsection.4.9.2}% 155
\BOOKMARK [3][-]{subsubsection.4.9.2.13}{\376\377\0004\000.\0009\000.\0002\000.\0001\0003\000\040\000r\000m\000v\000\050\000\051\000\040\000[\0001\000/\0003\000]}{subsection.4.9.2}% 156
\BOOKMARK [3][-]{subsubsection.4.9.2.14}{\376\377\0004\000.\0009\000.\0002\000.\0001\0004\000\040\000r\000m\000v\000\050\000\051\000\040\000[\0002\000/\0003\000]}{subsection.4.9.2}% 157
\BOOKMARK [3][-]{subsubsection.4.9.2.15}{\376\377\0004\000.\0009\000.\0002\000.\0001\0005\000\040\000r\000m\000v\000\050\000\051\000\040\000[\0003\000/\0003\000]}{subsection.4.9.2}% 158
\BOOKMARK [3][-]{subsubsection.4.9.2.16}{\376\377\0004\000.\0009\000.\0002\000.\0001\0006\000\040\000r\000u\000n\000\050\000\051}{subsection.4.9.2}% 159
\BOOKMARK [3][-]{subsubsection.4.9.2.17}{\376\377\0004\000.\0009\000.\0002\000.\0001\0007\000\040\000s\000e\000t\000F\000l\000o\000w\000s\000\050\000\051}{subsection.4.9.2}% 160
\BOOKMARK [3][-]{subsubsection.4.9.2.18}{\376\377\0004\000.\0009\000.\0002\000.\0001\0008\000\040\000s\000e\000t\000M\000o\000d\000e\000l\000s\000\050\000\051}{subsection.4.9.2}% 161
\BOOKMARK [3][-]{subsubsection.4.9.2.19}{\376\377\0004\000.\0009\000.\0002\000.\0001\0009\000\040\000s\000e\000t\000N\000a\000m\000e\000\050\000\051}{subsection.4.9.2}% 162
\BOOKMARK [3][-]{subsubsection.4.9.2.20}{\376\377\0004\000.\0009\000.\0002\000.\0002\0000\000\040\000s\000e\000t\000S\000y\000s\000t\000e\000m\000s\000\050\000\051}{subsection.4.9.2}% 163
\BOOKMARK [2][-]{subsection.4.9.3}{\376\377\0004\000.\0009\000.\0003\000\040\000M\000e\000m\000b\000e\000r\000\040\000D\000a\000t\000a\000\040\000D\000o\000c\000u\000m\000e\000n\000t\000a\000t\000i\000o\000n}{section.4.9}% 164
\BOOKMARK [3][-]{subsubsection.4.9.3.1}{\376\377\0004\000.\0009\000.\0003\000.\0001\000\040\000f\000l\000o\000w\000s}{subsection.4.9.3}% 165
\BOOKMARK [3][-]{subsubsection.4.9.3.2}{\376\377\0004\000.\0009\000.\0003\000.\0002\000\040\000m\000o\000d\000e\000l\000s}{subsection.4.9.3}% 166
\BOOKMARK [3][-]{subsubsection.4.9.3.3}{\376\377\0004\000.\0009\000.\0003\000.\0003\000\040\000n\000a\000m\000e}{subsection.4.9.3}% 167
\BOOKMARK [3][-]{subsubsection.4.9.3.4}{\376\377\0004\000.\0009\000.\0003\000.\0004\000\040\000s\000y\000s\000t\000e\000m\000s}{subsection.4.9.3}% 168
\BOOKMARK [1][-]{section.4.10}{\376\377\0004\000.\0001\0000\000\040\000S\000y\000s\000t\000e\000m\000\040\000C\000l\000a\000s\000s\000\040\000R\000e\000f\000e\000r\000e\000n\000c\000e}{chapter.4}% 169
\BOOKMARK [2][-]{subsection.4.10.1}{\376\377\0004\000.\0001\0000\000.\0001\000\040\000C\000o\000n\000s\000t\000r\000u\000c\000t\000o\000r\000\040\000\046\000\040\000D\000e\000s\000t\000r\000u\000c\000t\000o\000r\000\040\000D\000o\000c\000u\000m\000e\000n\000t\000a\000t\000i\000o\000n}{section.4.10}% 170
\BOOKMARK [3][-]{subsubsection.4.10.1.1}{\376\377\0004\000.\0001\0000\000.\0001\000.\0001\000\040\000~\000S\000y\000s\000t\000e\000m\000\050\000\051}{subsection.4.10.1}% 171
\BOOKMARK [2][-]{subsection.4.10.2}{\376\377\0004\000.\0001\0000\000.\0002\000\040\000M\000e\000m\000b\000e\000r\000\040\000F\000u\000n\000c\000t\000i\000o\000n\000\040\000D\000o\000c\000u\000m\000e\000n\000t\000a\000t\000i\000o\000n}{section.4.10}% 172
\BOOKMARK [3][-]{subsubsection.4.10.2.1}{\376\377\0004\000.\0001\0000\000.\0002\000.\0001\000\040\000g\000e\000t\000N\000a\000m\000e\000\050\000\051}{subsection.4.10.2}% 173
\BOOKMARK [3][-]{subsubsection.4.10.2.2}{\376\377\0004\000.\0001\0000\000.\0002\000.\0002\000\040\000g\000e\000t\000V\000a\000l\000u\000e\000\050\000\051}{subsection.4.10.2}% 174
\BOOKMARK [3][-]{subsubsection.4.10.2.3}{\376\377\0004\000.\0001\0000\000.\0002\000.\0003\000\040\000s\000e\000t\000N\000a\000m\000e\000\050\000\051}{subsection.4.10.2}% 175
\BOOKMARK [3][-]{subsubsection.4.10.2.4}{\376\377\0004\000.\0001\0000\000.\0002\000.\0004\000\040\000s\000e\000t\000V\000a\000l\000u\000e\000\050\000\051}{subsection.4.10.2}% 176
\BOOKMARK [1][-]{section.4.11}{\376\377\0004\000.\0001\0001\000\040\000S\000y\000s\000t\000e\000m\000I\000M\000P\000\040\000C\000l\000a\000s\000s\000\040\000R\000e\000f\000e\000r\000e\000n\000c\000e}{chapter.4}% 177
\BOOKMARK [2][-]{subsection.4.11.1}{\376\377\0004\000.\0001\0001\000.\0001\000\040\000C\000o\000n\000s\000t\000r\000u\000c\000t\000o\000r\000\040\000\046\000\040\000D\000e\000s\000t\000r\000u\000c\000t\000o\000r\000\040\000D\000o\000c\000u\000m\000e\000n\000t\000a\000t\000i\000o\000n}{section.4.11}% 178
\BOOKMARK [3][-]{subsubsection.4.11.1.1}{\376\377\0004\000.\0001\0001\000.\0001\000.\0001\000\040\000S\000y\000s\000t\000e\000m\000I\000M\000P\000\050\000\051\000\040\000[\0001\000/\0002\000]}{subsection.4.11.1}% 179
\BOOKMARK [3][-]{subsubsection.4.11.1.2}{\376\377\0004\000.\0001\0001\000.\0001\000.\0002\000\040\000S\000y\000s\000t\000e\000m\000I\000M\000P\000\050\000\051\000\040\000[\0002\000/\0002\000]}{subsection.4.11.1}% 180
\BOOKMARK [3][-]{subsubsection.4.11.1.3}{\376\377\0004\000.\0001\0001\000.\0001\000.\0003\000\040\000~\000S\000y\000s\000t\000e\000m\000I\000M\000P\000\050\000\051}{subsection.4.11.1}% 181
\BOOKMARK [2][-]{subsection.4.11.2}{\376\377\0004\000.\0001\0001\000.\0002\000\040\000M\000e\000m\000b\000e\000r\000\040\000F\000u\000n\000c\000t\000i\000o\000n\000\040\000D\000o\000c\000u\000m\000e\000n\000t\000a\000t\000i\000o\000n}{section.4.11}% 182
\BOOKMARK [3][-]{subsubsection.4.11.2.1}{\376\377\0004\000.\0001\0001\000.\0002\000.\0001\000\040\000g\000e\000t\000N\000a\000m\000e\000\050\000\051}{subsection.4.11.2}% 183
\BOOKMARK [3][-]{subsubsection.4.11.2.2}{\376\377\0004\000.\0001\0001\000.\0002\000.\0002\000\040\000g\000e\000t\000V\000a\000l\000u\000e\000\050\000\051}{subsection.4.11.2}% 184
\BOOKMARK [3][-]{subsubsection.4.11.2.3}{\376\377\0004\000.\0001\0001\000.\0002\000.\0003\000\040\000o\000p\000e\000r\000a\000t\000o\000r\000!\000=\000\050\000\051}{subsection.4.11.2}% 185
\BOOKMARK [3][-]{subsubsection.4.11.2.4}{\376\377\0004\000.\0001\0001\000.\0002\000.\0004\000\040\000o\000p\000e\000r\000a\000t\000o\000r\000=\000\050\000\051}{subsection.4.11.2}% 186
\BOOKMARK [3][-]{subsubsection.4.11.2.5}{\376\377\0004\000.\0001\0001\000.\0002\000.\0005\000\040\000o\000p\000e\000r\000a\000t\000o\000r\000=\000=\000\050\000\051}{subsection.4.11.2}% 187
\BOOKMARK [3][-]{subsubsection.4.11.2.6}{\376\377\0004\000.\0001\0001\000.\0002\000.\0006\000\040\000s\000e\000t\000N\000a\000m\000e\000\050\000\051}{subsection.4.11.2}% 188
\BOOKMARK [3][-]{subsubsection.4.11.2.7}{\376\377\0004\000.\0001\0001\000.\0002\000.\0007\000\040\000s\000e\000t\000V\000a\000l\000u\000e\000\050\000\051}{subsection.4.11.2}% 189
\BOOKMARK [2][-]{subsection.4.11.3}{\376\377\0004\000.\0001\0001\000.\0003\000\040\000M\000e\000m\000b\000e\000r\000\040\000D\000a\000t\000a\000\040\000D\000o\000c\000u\000m\000e\000n\000t\000a\000t\000i\000o\000n}{section.4.11}% 190
\BOOKMARK [3][-]{subsubsection.4.11.3.1}{\376\377\0004\000.\0001\0001\000.\0003\000.\0001\000\040\000n\000a\000m\000e}{subsection.4.11.3}% 191
\BOOKMARK [3][-]{subsubsection.4.11.3.2}{\376\377\0004\000.\0001\0001\000.\0003\000.\0002\000\040\000v\000a\000l\000u\000e}{subsection.4.11.3}% 192
\BOOKMARK [0][-]{chapter.5}{\376\377\0005\000\040\000F\000i\000l\000e\000\040\000D\000o\000c\000u\000m\000e\000n\000t\000a\000t\000i\000o\000n}{}% 193
\BOOKMARK [1][-]{section.5.1}{\376\377\0005\000.\0001\000\040\000/\000h\000o\000m\000e\000/\000p\000e\000d\000r\000o\000/\000D\000o\000w\000n\000l\000o\000a\000d\000s\000/\000U\000F\000O\000P\000/\000P\000e\000r\000i\000o\000d\000o\0006\000/\000E\000n\000g\000S\000o\000f\000t\000w\000a\000r\000e\0001\000/\000E\000n\000g\000e\000n\000h\000a\000r\000i\000a\000\137\000d\000e\000\137\000S\000o\000f\000t\000w\000a\000r\000e\0001\000\137\000t\000p\0001\000/\000s\000r\000c\000/\000F\000l\000o\000w\000.\000h\000p\000p\000\040\000F\000i\000l\000e\000\040\000R\000e\000f\000e\000r\000e\000n\000c\000e}{chapter.5}% 194
\BOOKMARK [1][-]{section.5.2}{\376\377\0005\000.\0002\000\040\000F\000l\000o\000w\000.\000h\000p\000p}{chapter.5}% 195
\BOOKMARK [1][-]{section.5.3}{\376\377\0005\000.\0003\000\040\000/\000h\000o\000m\000e\000/\000p\000e\000d\000r\000o\000/\000D\000o\000w\000n\000l\000o\000a\000d\000s\000/\000U\000F\000O\000P\000/\000P\000e\000r\000i\000o\000d\000o\0006\000/\000E\000n\000g\000S\000o\000f\000t\000w\000a\000r\000e\0001\000/\000E\000n\000g\000e\000n\000h\000a\000r\000i\000a\000\137\000d\000e\000\137\000S\000o\000f\000t\000w\000a\000r\000e\0001\000\137\000t\000p\0001\000/\000s\000r\000c\000/\000F\000l\000o\000w\000I\000M\000P\000.\000c\000p\000p\000\040\000F\000i\000l\000e\000\040\000R\000e\000f\000e\000r\000e\000n\000c\000e}{chapter.5}% 196
\BOOKMARK [1][-]{section.5.4}{\376\377\0005\000.\0004\000\040\000/\000h\000o\000m\000e\000/\000p\000e\000d\000r\000o\000/\000D\000o\000w\000n\000l\000o\000a\000d\000s\000/\000U\000F\000O\000P\000/\000P\000e\000r\000i\000o\000d\000o\0006\000/\000E\000n\000g\000S\000o\000f\000t\000w\000a\000r\000e\0001\000/\000E\000n\000g\000e\000n\000h\000a\000r\000i\000a\000\137\000d\000e\000\137\000S\000o\000f\000t\000w\000a\000r\000e\0001\000\137\000t\000p\0001\000/\000s\000r\000c\000/\000F\000l\000o\000w\000I\000M\000P\000.\000h\000p\000p\000\040\000F\000i\000l\000e\000\040\000R\000e\000f\000e\000r\000e\000n\000c\000e}{chapter.5}% 197
\BOOKMARK [1][-]{section.5.5}{\376\377\0005\000.\0005\000\040\000F\000l\000o\000w\000I\000M\000P\000.\000h\000p\000p}{chapter.5}% 198
\BOOKMARK [1][-]{section.5.6}{\376\377\0005\000.\0006\000\040\000/\000h\000o\000m\000e\000/\000p\000e\000d\000r\000o\000/\000D\000o\000w\000n\000l\000o\000a\000d\000s\000/\000U\000F\000O\000P\000/\000P\000e\000r\000i\000o\000d\000o\0006\000/\000E\000n\000g\000S\000o\000f\000t\000w\000a\000r\000e\0001\000/\000E\000n\000g\000e\000n\000h\000a\000r\000i\000a\000\137\000d\000e\000\137\000S\000o\000f\000t\000w\000a\000r\000e\0001\000\137\000t\000p\0001\000/\000s\000r\000c\000/\000M\000o\000d\000e\000l\000.\000h\000p\000p\000\040\000F\000i\000l\000e\000\040\000R\000e\000f\000e\000r\000e\000n\000c\000e}{chapter.5}% 199
\BOOKMARK [1][-]{section.5.7}{\376\377\0005\000.\0007\000\040\000M\000o\000d\000e\000l\000.\000h\000p\000p}{chapter.5}% 200
\BOOKMARK [1][-]{section.5.8}{\376\377\0005\000.\0008\000\040\000/\000h\000o\000m\000e\000/\000p\000e\000d\000r\000o\000/\000D\000o\000w\000n\000l\000o\000a\000d\000s\000/\000U\000F\000O\000P\000/\000P\000e\000r\000i\000o\000d\000o\0006\000/\000E\000n\000g\000S\000o\000f\000t\000w\000a\000r\000e\0001\000/\000E\000n\000g\000e\000n\000h\000a\000r\000i\000a\000\137\000d\000e\000\137\000S\000o\000f\000t\000w\000a\000r\000e\0001\000\137\000t\000p\0001\000/\000s\000r\000c\000/\000M\000o\000d\000e\000l\000I\000M\000P\000.\000c\000p\000p\000\040\000F\000i\000l\000e\000\040\000R\000e\000f\000e\000r\000e\000n\000c\000e}{chapter.5}% 201
\BOOKMARK [1][-]{section.5.9}{\376\377\0005\000.\0009\000\040\000/\000h\000o\000m\000e\000/\000p\000e\000d\000r\000o\000/\000D\000o\000w\000n\000l\000o\000a\000d\000s\000/\000U\000F\000O\000P\000/\000P\000e\000r\000i\000o\000d\000o\0006\000/\000E\000n\000g\000S\000o\000f\000t\000w\000a\000r\000e\0001\000/\000E\000n\000g\000e\000n\000h\000a\000r\000i\000a\000\137\000d\000e\000\137\000S\000o\000f\000t\000w\000a\000r\000e\0001\000\137\000t\000p\0001\000/\000s\000r\000c\000/\000M\000o\000d\000e\000l\000I\000M\000P\000.\000h\000p\000p\000\040\000F\000i\000l\000e\000\040\000R\000e\000f\000e\000r\000e\000n\000c\000e}{chapter.5}% 202
\BOOKMARK [1][-]{section.5.10}{\376\377\0005\000.\0001\0000\000\040\000M\000o\000d\000e\000l\000I\000M\000P\000.\000h\000p\000p}{chapter.5}% 203
\BOOKMARK [1][-]{section.5.11}{\376\377\0005\000.\0001\0001\000\040\000/\000h\000o\000m\000e\000/\000p\000e\000d\000r\000o\000/\000D\000o\000w\000n\000l\000o\000a\000d\000s\000/\000U\000F\000O\000P\000/\000P\000e\000r\000i\000o\000d\000o\0006\000/\000E\000n\000g\000S\000o\000f\000t\000w\000a\000r\000e\0001\000/\000E\000n\000g\000e\000n\000h\000a\000r\000i\000a\000\137\000d\000e\000\137\000S\000o\000f\000t\000w\000a\000r\000e\0001\000\137\000t\000p\0001\000/\000s\000r\000c\000/\000M\000y\000V\000e\000n\000s\000i\000m\000.\000h\000p\000p\000\040\000F\000i\000l\000e\000\040\000R\000e\000f\000e\000r\000e\000n\000c\000e}{chapter.5}% 204
\BOOKMARK [1][-]{section.5.12}{\376\377\0005\000.\0001\0002\000\040\000M\000y\000V\000e\000n\000s\000i\000m\000.\000h\000p\000p}{chapter.5}% 205
\BOOKMARK [1][-]{section.5.13}{\376\377\0005\000.\0001\0003\000\040\000/\000h\000o\000m\000e\000/\000p\000e\000d\000r\000o\000/\000D\000o\000w\000n\000l\000o\000a\000d\000s\000/\000U\000F\000O\000P\000/\000P\000e\000r\000i\000o\000d\000o\0006\000/\000E\000n\000g\000S\000o\000f\000t\000w\000a\000r\000e\0001\000/\000E\000n\000g\000e\000n\000h\000a\000r\000i\000a\000\137\000d\000e\000\137\000S\000o\000f\000t\000w\000a\000r\000e\0001\000\137\000t\000p\0001\000/\000s\000r\000c\000/\000M\000y\000V\000e\000n\000s\000i\000m\000I\000M\000P\000.\000c\000p\000p\000\040\000F\000i\000l\000e\000\040\000R\000e\000f\000e\000r\000e\000n\000c\000e}{chapter.5}% 206
\BOOKMARK [1][-]{section.5.14}{\376\377\0005\000.\0001\0004\000\040\000/\000h\000o\000m\000e\000/\000p\000e\000d\000r\000o\000/\000D\000o\000w\000n\000l\000o\000a\000d\000s\000/\000U\000F\000O\000P\000/\000P\000e\000r\000i\000o\000d\000o\0006\000/\000E\000n\000g\000S\000o\000f\000t\000w\000a\000r\000e\0001\000/\000E\000n\000g\000e\000n\000h\000a\000r\000i\000a\000\137\000d\000e\000\137\000S\000o\000f\000t\000w\000a\000r\000e\0001\000\137\000t\000p\0001\000/\000s\000r\000c\000/\000M\000y\000V\000e\000n\000s\000i\000m\000I\000M\000P\000.\000h\000p\000p\000\040\000F\000i\000l\000e\000\040\000R\000e\000f\000e\000r\000e\000n\000c\000e}{chapter.5}% 207
\BOOKMARK [1][-]{section.5.15}{\376\377\0005\000.\0001\0005\000\040\000M\000y\000V\000e\000n\000s\000i\000m\000I\000M\000P\000.\000h\000p\000p}{chapter.5}% 208
\BOOKMARK [1][-]{section.5.16}{\376\377\0005\000.\0001\0006\000\040\000/\000h\000o\000m\000e\000/\000p\000e\000d\000r\000o\000/\000D\000o\000w\000n\000l\000o\000a\000d\000s\000/\000U\000F\000O\000P\000/\000P\000e\000r\000i\000o\000d\000o\0006\000/\000E\000n\000g\000S\000o\000f\000t\000w\000a\000r\000e\0001\000/\000E\000n\000g\000e\000n\000h\000a\000r\000i\000a\000\137\000d\000e\000\137\000S\000o\000f\000t\000w\000a\000r\000e\0001\000\137\000t\000p\0001\000/\000s\000r\000c\000/\000S\000y\000s\000t\000e\000m\000.\000h\000p\000p\000\040\000F\000i\000l\000e\000\040\000R\000e\000f\000e\000r\000e\000n\000c\000e}{chapter.5}% 209
\BOOKMARK [1][-]{section.5.17}{\376\377\0005\000.\0001\0007\000\040\000S\000y\000s\000t\000e\000m\000.\000h\000p\000p}{chapter.5}% 210
\BOOKMARK [1][-]{section.5.18}{\376\377\0005\000.\0001\0008\000\040\000/\000h\000o\000m\000e\000/\000p\000e\000d\000r\000o\000/\000D\000o\000w\000n\000l\000o\000a\000d\000s\000/\000U\000F\000O\000P\000/\000P\000e\000r\000i\000o\000d\000o\0006\000/\000E\000n\000g\000S\000o\000f\000t\000w\000a\000r\000e\0001\000/\000E\000n\000g\000e\000n\000h\000a\000r\000i\000a\000\137\000d\000e\000\137\000S\000o\000f\000t\000w\000a\000r\000e\0001\000\137\000t\000p\0001\000/\000s\000r\000c\000/\000S\000y\000s\000t\000e\000m\000I\000M\000P\000.\000c\000p\000p\000\040\000F\000i\000l\000e\000\040\000R\000e\000f\000e\000r\000e\000n\000c\000e}{chapter.5}% 211
\BOOKMARK [1][-]{section.5.19}{\376\377\0005\000.\0001\0009\000\040\000/\000h\000o\000m\000e\000/\000p\000e\000d\000r\000o\000/\000D\000o\000w\000n\000l\000o\000a\000d\000s\000/\000U\000F\000O\000P\000/\000P\000e\000r\000i\000o\000d\000o\0006\000/\000E\000n\000g\000S\000o\000f\000t\000w\000a\000r\000e\0001\000/\000E\000n\000g\000e\000n\000h\000a\000r\000i\000a\000\137\000d\000e\000\137\000S\000o\000f\000t\000w\000a\000r\000e\0001\000\137\000t\000p\0001\000/\000s\000r\000c\000/\000S\000y\000s\000t\000e\000m\000I\000M\000P\000.\000h\000p\000p\000\040\000F\000i\000l\000e\000\040\000R\000e\000f\000e\000r\000e\000n\000c\000e}{chapter.5}% 212
\BOOKMARK [1][-]{section.5.20}{\376\377\0005\000.\0002\0000\000\040\000S\000y\000s\000t\000e\000m\000I\000M\000P\000.\000h\000p\000p}{chapter.5}% 213
\BOOKMARK [1][-]{section.5.21}{\376\377\0005\000.\0002\0001\000\040\000/\000h\000o\000m\000e\000/\000p\000e\000d\000r\000o\000/\000D\000o\000w\000n\000l\000o\000a\000d\000s\000/\000U\000F\000O\000P\000/\000P\000e\000r\000i\000o\000d\000o\0006\000/\000E\000n\000g\000S\000o\000f\000t\000w\000a\000r\000e\0001\000/\000E\000n\000g\000e\000n\000h\000a\000r\000i\000a\000\137\000d\000e\000\137\000S\000o\000f\000t\000w\000a\000r\000e\0001\000\137\000t\000p\0001\000/\000t\000e\000s\000t\000s\000/\000f\000u\000n\000c\000t\000i\000o\000n\000a\000l\000\137\000t\000e\000s\000t\000s\000/\000s\000r\000c\000/\000E\000x\000p\000o\000n\000e\000n\000c\000i\000a\000l\000.\000c\000p\000p\000\040\000F\000i\000l\000e\000\040\000R\000e\000f\000e\000r\000e\000n\000c\000e}{chapter.5}% 214
\BOOKMARK [1][-]{section.5.22}{\376\377\0005\000.\0002\0002\000\040\000/\000h\000o\000m\000e\000/\000p\000e\000d\000r\000o\000/\000D\000o\000w\000n\000l\000o\000a\000d\000s\000/\000U\000F\000O\000P\000/\000P\000e\000r\000i\000o\000d\000o\0006\000/\000E\000n\000g\000S\000o\000f\000t\000w\000a\000r\000e\0001\000/\000E\000n\000g\000e\000n\000h\000a\000r\000i\000a\000\137\000d\000e\000\137\000S\000o\000f\000t\000w\000a\000r\000e\0001\000\137\000t\000p\0001\000/\000t\000e\000s\000t\000s\000/\000f\000u\000n\000c\000t\000i\000o\000n\000a\000l\000\137\000t\000e\000s\000t\000s\000/\000s\000r\000c\000/\000E\000x\000p\000o\000n\000e\000n\000c\000i\000a\000l\000.\000h\000p\000p\000\040\000F\000i\000l\000e\000\040\000R\000e\000f\000e\000r\000e\000n\000c\000e}{chapter.5}% 215
\BOOKMARK [1][-]{section.5.23}{\376\377\0005\000.\0002\0003\000\040\000E\000x\000p\000o\000n\000e\000n\000c\000i\000a\000l\000.\000h\000p\000p}{chapter.5}% 216
\BOOKMARK [1][-]{section.5.24}{\376\377\0005\000.\0002\0004\000\040\000/\000h\000o\000m\000e\000/\000p\000e\000d\000r\000o\000/\000D\000o\000w\000n\000l\000o\000a\000d\000s\000/\000U\000F\000O\000P\000/\000P\000e\000r\000i\000o\000d\000o\0006\000/\000E\000n\000g\000S\000o\000f\000t\000w\000a\000r\000e\0001\000/\000E\000n\000g\000e\000n\000h\000a\000r\000i\000a\000\137\000d\000e\000\137\000S\000o\000f\000t\000w\000a\000r\000e\0001\000\137\000t\000p\0001\000/\000t\000e\000s\000t\000s\000/\000f\000u\000n\000c\000t\000i\000o\000n\000a\000l\000\137\000t\000e\000s\000t\000s\000/\000s\000r\000c\000/\000F\000u\000n\000c\000t\000i\000o\000n\000a\000l\000\137\000t\000e\000s\000t\000s\000.\000c\000p\000p\000\040\000F\000i\000l\000e\000\040\000R\000e\000f\000e\000r\000e\000n\000c\000e}{chapter.5}% 217
\BOOKMARK [2][-]{subsection.5.24.1}{\376\377\0005\000.\0002\0004\000.\0001\000\040\000F\000u\000n\000c\000t\000i\000o\000n\000\040\000D\000o\000c\000u\000m\000e\000n\000t\000a\000t\000i\000o\000n}{section.5.24}% 218
\BOOKMARK [3][-]{subsubsection.5.24.1.1}{\376\377\0005\000.\0002\0004\000.\0001\000.\0001\000\040\000C\000o\000m\000p\000l\000e\000x\000\137\000t\000e\000s\000t\000\137\000r\000u\000n\000\050\000\051}{subsection.5.24.1}% 219
\BOOKMARK [3][-]{subsubsection.5.24.1.2}{\376\377\0005\000.\0002\0004\000.\0001\000.\0002\000\040\000e\000x\000p\000o\000n\000e\000n\000c\000i\000a\000l\000\137\000t\000e\000s\000t\000\137\000r\000u\000n\000\050\000\051}{subsection.5.24.1}% 220
\BOOKMARK [3][-]{subsubsection.5.24.1.3}{\376\377\0005\000.\0002\0004\000.\0001\000.\0003\000\040\000l\000o\000g\000i\000s\000t\000i\000c\000a\000l\000\137\000t\000e\000s\000t\000\137\000r\000u\000n\000\050\000\051}{subsection.5.24.1}% 221
\BOOKMARK [1][-]{section.5.25}{\376\377\0005\000.\0002\0005\000\040\000/\000h\000o\000m\000e\000/\000p\000e\000d\000r\000o\000/\000D\000o\000w\000n\000l\000o\000a\000d\000s\000/\000U\000F\000O\000P\000/\000P\000e\000r\000i\000o\000d\000o\0006\000/\000E\000n\000g\000S\000o\000f\000t\000w\000a\000r\000e\0001\000/\000E\000n\000g\000e\000n\000h\000a\000r\000i\000a\000\137\000d\000e\000\137\000S\000o\000f\000t\000w\000a\000r\000e\0001\000\137\000t\000p\0001\000/\000t\000e\000s\000t\000s\000/\000f\000u\000n\000c\000t\000i\000o\000n\000a\000l\000\137\000t\000e\000s\000t\000s\000/\000s\000r\000c\000/\000F\000u\000n\000c\000t\000i\000o\000n\000a\000l\000\137\000t\000e\000s\000t\000s\000.\000h\000p\000p\000\040\000F\000i\000l\000e\000\040\000R\000e\000f\000e\000r\000e\000n\000c\000e}{chapter.5}% 222
\BOOKMARK [2][-]{subsection.5.25.1}{\376\377\0005\000.\0002\0005\000.\0001\000\040\000F\000u\000n\000c\000t\000i\000o\000n\000\040\000D\000o\000c\000u\000m\000e\000n\000t\000a\000t\000i\000o\000n}{section.5.25}% 223
\BOOKMARK [3][-]{subsubsection.5.25.1.1}{\376\377\0005\000.\0002\0005\000.\0001\000.\0001\000\040\000C\000o\000m\000p\000l\000e\000x\000\137\000t\000e\000s\000t\000\137\000r\000u\000n\000\050\000\051}{subsection.5.25.1}% 224
\BOOKMARK [3][-]{subsubsection.5.25.1.2}{\376\377\0005\000.\0002\0005\000.\0001\000.\0002\000\040\000e\000x\000p\000o\000n\000e\000n\000c\000i\000a\000l\000\137\000t\000e\000s\000t\000\137\000r\000u\000n\000\050\000\051}{subsection.5.25.1}% 225
\BOOKMARK [3][-]{subsubsection.5.25.1.3}{\376\377\0005\000.\0002\0005\000.\0001\000.\0003\000\040\000l\000o\000g\000i\000s\000t\000i\000c\000a\000l\000\137\000t\000e\000s\000t\000\137\000r\000u\000n\000\050\000\051}{subsection.5.25.1}% 226
\BOOKMARK [1][-]{section.5.26}{\376\377\0005\000.\0002\0006\000\040\000F\000u\000n\000c\000t\000i\000o\000n\000a\000l\000\137\000t\000e\000s\000t\000s\000.\000h\000p\000p}{chapter.5}% 227
\BOOKMARK [1][-]{section.5.27}{\376\377\0005\000.\0002\0007\000\040\000/\000h\000o\000m\000e\000/\000p\000e\000d\000r\000o\000/\000D\000o\000w\000n\000l\000o\000a\000d\000s\000/\000U\000F\000O\000P\000/\000P\000e\000r\000i\000o\000d\000o\0006\000/\000E\000n\000g\000S\000o\000f\000t\000w\000a\000r\000e\0001\000/\000E\000n\000g\000e\000n\000h\000a\000r\000i\000a\000\137\000d\000e\000\137\000S\000o\000f\000t\000w\000a\000r\000e\0001\000\137\000t\000p\0001\000/\000t\000e\000s\000t\000s\000/\000f\000u\000n\000c\000t\000i\000o\000n\000a\000l\000\137\000t\000e\000s\000t\000s\000/\000s\000r\000c\000/\000L\000o\000g\000i\000s\000t\000i\000c\000a\000l\000.\000c\000p\000p\000\040\000F\000i\000l\000e\000\040\000R\000e\000f\000e\000r\000e\000n\000c\000e}{chapter.5}% 228
\BOOKMARK [1][-]{section.5.28}{\376\377\0005\000.\0002\0008\000\040\000/\000h\000o\000m\000e\000/\000p\000e\000d\000r\000o\000/\000D\000o\000w\000n\000l\000o\000a\000d\000s\000/\000U\000F\000O\000P\000/\000P\000e\000r\000i\000o\000d\000o\0006\000/\000E\000n\000g\000S\000o\000f\000t\000w\000a\000r\000e\0001\000/\000E\000n\000g\000e\000n\000h\000a\000r\000i\000a\000\137\000d\000e\000\137\000S\000o\000f\000t\000w\000a\000r\000e\0001\000\137\000t\000p\0001\000/\000t\000e\000s\000t\000s\000/\000f\000u\000n\000c\000t\000i\000o\000n\000a\000l\000\137\000t\000e\000s\000t\000s\000/\000s\000r\000c\000/\000L\000o\000g\000i\000s\000t\000i\000c\000a\000l\000.\000h\000p\000p\000\040\000F\000i\000l\000e\000\040\000R\000e\000f\000e\000r\000e\000n\000c\000e}{chapter.5}% 229
\BOOKMARK [1][-]{section.5.29}{\376\377\0005\000.\0002\0009\000\040\000L\000o\000g\000i\000s\000t\000i\000c\000a\000l\000.\000h\000p\000p}{chapter.5}% 230
\BOOKMARK [1][-]{section.5.30}{\376\377\0005\000.\0003\0000\000\040\000/\000h\000o\000m\000e\000/\000p\000e\000d\000r\000o\000/\000D\000o\000w\000n\000l\000o\000a\000d\000s\000/\000U\000F\000O\000P\000/\000P\000e\000r\000i\000o\000d\000o\0006\000/\000E\000n\000g\000S\000o\000f\000t\000w\000a\000r\000e\0001\000/\000E\000n\000g\000e\000n\000h\000a\000r\000i\000a\000\137\000d\000e\000\137\000S\000o\000f\000t\000w\000a\000r\000e\0001\000\137\000t\000p\0001\000/\000t\000e\000s\000t\000s\000/\000f\000u\000n\000c\000t\000i\000o\000n\000a\000l\000\137\000t\000e\000s\000t\000s\000/\000s\000r\000c\000/\000m\000a\000i\000n\000.\000c\000p\000p\000\040\000F\000i\000l\000e\000\040\000R\000e\000f\000e\000r\000e\000n\000c\000e}{chapter.5}% 231
\BOOKMARK [2][-]{subsection.5.30.1}{\376\377\0005\000.\0003\0000\000.\0001\000\040\000F\000u\000n\000c\000t\000i\000o\000n\000\040\000D\000o\000c\000u\000m\000e\000n\000t\000a\000t\000i\000o\000n}{section.5.30}% 232
\BOOKMARK [3][-]{subsubsection.5.30.1.1}{\376\377\0005\000.\0003\0000\000.\0001\000.\0001\000\040\000m\000a\000i\000n\000\050\000\051}{subsection.5.30.1}% 233
\BOOKMARK [1][-]{section.5.31}{\376\377\0005\000.\0003\0001\000\040\000/\000h\000o\000m\000e\000/\000p\000e\000d\000r\000o\000/\000D\000o\000w\000n\000l\000o\000a\000d\000s\000/\000U\000F\000O\000P\000/\000P\000e\000r\000i\000o\000d\000o\0006\000/\000E\000n\000g\000S\000o\000f\000t\000w\000a\000r\000e\0001\000/\000E\000n\000g\000e\000n\000h\000a\000r\000i\000a\000\137\000d\000e\000\137\000S\000o\000f\000t\000w\000a\000r\000e\0001\000\137\000t\000p\0001\000/\000t\000e\000s\000t\000s\000/\000u\000n\000i\000t\000\137\000t\000e\000s\000t\000s\000/\000s\000r\000c\000/\000m\000a\000i\000n\000.\000c\000p\000p\000\040\000F\000i\000l\000e\000\040\000R\000e\000f\000e\000r\000e\000n\000c\000e}{chapter.5}% 234
\BOOKMARK [2][-]{subsection.5.31.1}{\376\377\0005\000.\0003\0001\000.\0001\000\040\000F\000u\000n\000c\000t\000i\000o\000n\000\040\000D\000o\000c\000u\000m\000e\000n\000t\000a\000t\000i\000o\000n}{section.5.31}% 235
\BOOKMARK [3][-]{subsubsection.5.31.1.1}{\376\377\0005\000.\0003\0001\000.\0001\000.\0001\000\040\000m\000a\000i\000n\000\050\000\051}{subsection.5.31.1}% 236
\BOOKMARK [1][-]{section.5.32}{\376\377\0005\000.\0003\0002\000\040\000/\000h\000o\000m\000e\000/\000p\000e\000d\000r\000o\000/\000D\000o\000w\000n\000l\000o\000a\000d\000s\000/\000U\000F\000O\000P\000/\000P\000e\000r\000i\000o\000d\000o\0006\000/\000E\000n\000g\000S\000o\000f\000t\000w\000a\000r\000e\0001\000/\000E\000n\000g\000e\000n\000h\000a\000r\000i\000a\000\137\000d\000e\000\137\000S\000o\000f\000t\000w\000a\000r\000e\0001\000\137\000t\000p\0001\000/\000t\000e\000s\000t\000s\000/\000u\000n\000i\000t\000\137\000t\000e\000s\000t\000s\000/\000s\000r\000c\000/\000u\000n\000i\000t\000\137\000F\000l\000o\000w\000.\000c\000p\000p\000\040\000F\000i\000l\000e\000\040\000R\000e\000f\000e\000r\000e\000n\000c\000e}{chapter.5}% 237
\BOOKMARK [2][-]{subsection.5.32.1}{\376\377\0005\000.\0003\0002\000.\0001\000\040\000F\000u\000n\000c\000t\000i\000o\000n\000\040\000D\000o\000c\000u\000m\000e\000n\000t\000a\000t\000i\000o\000n}{section.5.32}% 238
\BOOKMARK [3][-]{subsubsection.5.32.1.1}{\376\377\0005\000.\0003\0002\000.\0001\000.\0001\000\040\000r\000u\000n\000\137\000F\000l\000o\000w\000\137\000u\000n\000i\000t\000\137\000t\000e\000s\000t\000\050\000\051}{subsection.5.32.1}% 239
\BOOKMARK [3][-]{subsubsection.5.32.1.2}{\376\377\0005\000.\0003\0002\000.\0001\000.\0002\000\040\000t\000e\000s\000t\000\137\000F\000l\000o\000w\000\137\000c\000o\000n\000s\000t\000r\000u\000c\000t\000o\000r\000\050\000\051}{subsection.5.32.1}% 240
\BOOKMARK [3][-]{subsubsection.5.32.1.3}{\376\377\0005\000.\0003\0002\000.\0001\000.\0003\000\040\000t\000e\000s\000t\000\137\000F\000l\000o\000w\000\137\000d\000e\000s\000t\000r\000u\000c\000t\000o\000r\000\050\000\051}{subsection.5.32.1}% 241
\BOOKMARK [3][-]{subsubsection.5.32.1.4}{\376\377\0005\000.\0003\0002\000.\0001\000.\0004\000\040\000t\000e\000s\000t\000\137\000F\000l\000o\000w\000\137\000e\000q\000u\000a\000l\000\050\000\051}{subsection.5.32.1}% 242
\BOOKMARK [3][-]{subsubsection.5.32.1.5}{\376\377\0005\000.\0003\0002\000.\0001\000.\0005\000\040\000t\000e\000s\000t\000\137\000F\000l\000o\000w\000\137\000e\000x\000e\000c\000u\000t\000e\000\050\000\051}{subsection.5.32.1}% 243
\BOOKMARK [3][-]{subsubsection.5.32.1.6}{\376\377\0005\000.\0003\0002\000.\0001\000.\0006\000\040\000t\000e\000s\000t\000\137\000F\000l\000o\000w\000\137\000g\000e\000t\000N\000a\000m\000e\000\050\000\051}{subsection.5.32.1}% 244
\BOOKMARK [3][-]{subsubsection.5.32.1.7}{\376\377\0005\000.\0003\0002\000.\0001\000.\0007\000\040\000t\000e\000s\000t\000\137\000F\000l\000o\000w\000\137\000g\000e\000t\000S\000o\000u\000r\000c\000e\000\050\000\051}{subsection.5.32.1}% 245
\BOOKMARK [3][-]{subsubsection.5.32.1.8}{\376\377\0005\000.\0003\0002\000.\0001\000.\0008\000\040\000t\000e\000s\000t\000\137\000F\000l\000o\000w\000\137\000g\000e\000t\000T\000a\000r\000g\000e\000t\000\050\000\051}{subsection.5.32.1}% 246
\BOOKMARK [3][-]{subsubsection.5.32.1.9}{\376\377\0005\000.\0003\0002\000.\0001\000.\0009\000\040\000t\000e\000s\000t\000\137\000F\000l\000o\000w\000\137\000s\000e\000t\000N\000a\000m\000e\000\050\000\051}{subsection.5.32.1}% 247
\BOOKMARK [3][-]{subsubsection.5.32.1.10}{\376\377\0005\000.\0003\0002\000.\0001\000.\0001\0000\000\040\000t\000e\000s\000t\000\137\000F\000l\000o\000w\000\137\000s\000e\000t\000S\000o\000u\000r\000c\000e\000\050\000\051}{subsection.5.32.1}% 248
\BOOKMARK [3][-]{subsubsection.5.32.1.11}{\376\377\0005\000.\0003\0002\000.\0001\000.\0001\0001\000\040\000t\000e\000s\000t\000\137\000F\000l\000o\000w\000\137\000s\000e\000t\000T\000a\000r\000g\000e\000t\000\050\000\051}{subsection.5.32.1}% 249
\BOOKMARK [1][-]{section.5.33}{\376\377\0005\000.\0003\0003\000\040\000/\000h\000o\000m\000e\000/\000p\000e\000d\000r\000o\000/\000D\000o\000w\000n\000l\000o\000a\000d\000s\000/\000U\000F\000O\000P\000/\000P\000e\000r\000i\000o\000d\000o\0006\000/\000E\000n\000g\000S\000o\000f\000t\000w\000a\000r\000e\0001\000/\000E\000n\000g\000e\000n\000h\000a\000r\000i\000a\000\137\000d\000e\000\137\000S\000o\000f\000t\000w\000a\000r\000e\0001\000\137\000t\000p\0001\000/\000t\000e\000s\000t\000s\000/\000u\000n\000i\000t\000\137\000t\000e\000s\000t\000s\000/\000s\000r\000c\000/\000u\000n\000i\000t\000\137\000F\000l\000o\000w\000.\000h\000p\000p\000\040\000F\000i\000l\000e\000\040\000R\000e\000f\000e\000r\000e\000n\000c\000e}{chapter.5}% 250
\BOOKMARK [2][-]{subsection.5.33.1}{\376\377\0005\000.\0003\0003\000.\0001\000\040\000F\000u\000n\000c\000t\000i\000o\000n\000\040\000D\000o\000c\000u\000m\000e\000n\000t\000a\000t\000i\000o\000n}{section.5.33}% 251
\BOOKMARK [3][-]{subsubsection.5.33.1.1}{\376\377\0005\000.\0003\0003\000.\0001\000.\0001\000\040\000r\000u\000n\000\137\000F\000l\000o\000w\000\137\000u\000n\000i\000t\000\137\000t\000e\000s\000t\000\050\000\051}{subsection.5.33.1}% 252
\BOOKMARK [3][-]{subsubsection.5.33.1.2}{\376\377\0005\000.\0003\0003\000.\0001\000.\0002\000\040\000t\000e\000s\000t\000\137\000F\000l\000o\000w\000\137\000c\000o\000n\000s\000t\000r\000u\000c\000t\000o\000r\000\050\000\051}{subsection.5.33.1}% 253
\BOOKMARK [3][-]{subsubsection.5.33.1.3}{\376\377\0005\000.\0003\0003\000.\0001\000.\0003\000\040\000t\000e\000s\000t\000\137\000F\000l\000o\000w\000\137\000d\000e\000s\000t\000r\000u\000c\000t\000o\000r\000\050\000\051}{subsection.5.33.1}% 254
\BOOKMARK [3][-]{subsubsection.5.33.1.4}{\376\377\0005\000.\0003\0003\000.\0001\000.\0004\000\040\000t\000e\000s\000t\000\137\000F\000l\000o\000w\000\137\000e\000q\000u\000a\000l\000\050\000\051}{subsection.5.33.1}% 255
\BOOKMARK [3][-]{subsubsection.5.33.1.5}{\376\377\0005\000.\0003\0003\000.\0001\000.\0005\000\040\000t\000e\000s\000t\000\137\000F\000l\000o\000w\000\137\000e\000x\000e\000c\000u\000t\000e\000\050\000\051}{subsection.5.33.1}% 256
\BOOKMARK [3][-]{subsubsection.5.33.1.6}{\376\377\0005\000.\0003\0003\000.\0001\000.\0006\000\040\000t\000e\000s\000t\000\137\000F\000l\000o\000w\000\137\000g\000e\000t\000N\000a\000m\000e\000\050\000\051}{subsection.5.33.1}% 257
\BOOKMARK [3][-]{subsubsection.5.33.1.7}{\376\377\0005\000.\0003\0003\000.\0001\000.\0007\000\040\000t\000e\000s\000t\000\137\000F\000l\000o\000w\000\137\000g\000e\000t\000S\000o\000u\000r\000c\000e\000\050\000\051}{subsection.5.33.1}% 258
\BOOKMARK [3][-]{subsubsection.5.33.1.8}{\376\377\0005\000.\0003\0003\000.\0001\000.\0008\000\040\000t\000e\000s\000t\000\137\000F\000l\000o\000w\000\137\000g\000e\000t\000T\000a\000r\000g\000e\000t\000\050\000\051}{subsection.5.33.1}% 259
\BOOKMARK [3][-]{subsubsection.5.33.1.9}{\376\377\0005\000.\0003\0003\000.\0001\000.\0009\000\040\000t\000e\000s\000t\000\137\000F\000l\000o\000w\000\137\000s\000e\000t\000N\000a\000m\000e\000\050\000\051}{subsection.5.33.1}% 260
\BOOKMARK [3][-]{subsubsection.5.33.1.10}{\376\377\0005\000.\0003\0003\000.\0001\000.\0001\0000\000\040\000t\000e\000s\000t\000\137\000F\000l\000o\000w\000\137\000s\000e\000t\000S\000o\000u\000r\000c\000e\000\050\000\051}{subsection.5.33.1}% 261
\BOOKMARK [3][-]{subsubsection.5.33.1.11}{\376\377\0005\000.\0003\0003\000.\0001\000.\0001\0001\000\040\000t\000e\000s\000t\000\137\000F\000l\000o\000w\000\137\000s\000e\000t\000T\000a\000r\000g\000e\000t\000\050\000\051}{subsection.5.33.1}% 262
\BOOKMARK [1][-]{section.5.34}{\376\377\0005\000.\0003\0004\000\040\000u\000n\000i\000t\000\137\000F\000l\000o\000w\000.\000h\000p\000p}{chapter.5}% 263
\BOOKMARK [1][-]{section.5.35}{\376\377\0005\000.\0003\0005\000\040\000/\000h\000o\000m\000e\000/\000p\000e\000d\000r\000o\000/\000D\000o\000w\000n\000l\000o\000a\000d\000s\000/\000U\000F\000O\000P\000/\000P\000e\000r\000i\000o\000d\000o\0006\000/\000E\000n\000g\000S\000o\000f\000t\000w\000a\000r\000e\0001\000/\000E\000n\000g\000e\000n\000h\000a\000r\000i\000a\000\137\000d\000e\000\137\000S\000o\000f\000t\000w\000a\000r\000e\0001\000\137\000t\000p\0001\000/\000t\000e\000s\000t\000s\000/\000u\000n\000i\000t\000\137\000t\000e\000s\000t\000s\000/\000s\000r\000c\000/\000u\000n\000i\000t\000\137\000M\000o\000d\000e\000l\000.\000c\000p\000p\000\040\000F\000i\000l\000e\000\040\000R\000e\000f\000e\000r\000e\000n\000c\000e}{chapter.5}% 264
\BOOKMARK [2][-]{subsection.5.35.1}{\376\377\0005\000.\0003\0005\000.\0001\000\040\000F\000u\000n\000c\000t\000i\000o\000n\000\040\000D\000o\000c\000u\000m\000e\000n\000t\000a\000t\000i\000o\000n}{section.5.35}% 265
\BOOKMARK [3][-]{subsubsection.5.35.1.1}{\376\377\0005\000.\0003\0005\000.\0001\000.\0001\000\040\000r\000u\000n\000\137\000M\000o\000d\000e\000l\000\137\000u\000n\000i\000t\000\137\000t\000e\000s\000t\000\050\000\051}{subsection.5.35.1}% 266
\BOOKMARK [3][-]{subsubsection.5.35.1.2}{\376\377\0005\000.\0003\0005\000.\0001\000.\0002\000\040\000t\000e\000s\000t\000\137\000M\000o\000d\000e\000l\000\137\000c\000o\000n\000s\000t\000r\000u\000c\000t\000o\000r\000\050\000\051}{subsection.5.35.1}% 267
\BOOKMARK [3][-]{subsubsection.5.35.1.3}{\376\377\0005\000.\0003\0005\000.\0001\000.\0003\000\040\000t\000e\000s\000t\000\137\000M\000o\000d\000e\000l\000\137\000d\000e\000s\000t\000r\000u\000c\000t\000o\000r\000\050\000\051}{subsection.5.35.1}% 268
\BOOKMARK [3][-]{subsubsection.5.35.1.4}{\376\377\0005\000.\0003\0005\000.\0001\000.\0004\000\040\000t\000e\000s\000t\000\137\000M\000o\000d\000e\000l\000\137\000e\000q\000u\000a\000l\000\050\000\051}{subsection.5.35.1}% 269
\BOOKMARK [3][-]{subsubsection.5.35.1.5}{\376\377\0005\000.\0003\0005\000.\0001\000.\0005\000\040\000t\000e\000s\000t\000\137\000M\000o\000d\000e\000l\000\137\000g\000e\000t\000E\000n\000d\000T\000i\000m\000e\000\050\000\051}{subsection.5.35.1}% 270
\BOOKMARK [3][-]{subsubsection.5.35.1.6}{\376\377\0005\000.\0003\0005\000.\0001\000.\0006\000\040\000t\000e\000s\000t\000\137\000M\000o\000d\000e\000l\000\137\000g\000e\000t\000F\000l\000o\000w\000s\000\137\000a\000n\000d\000\137\000a\000d\000d\000\050\000\051}{subsection.5.35.1}% 271
\BOOKMARK [3][-]{subsubsection.5.35.1.7}{\376\377\0005\000.\0003\0005\000.\0001\000.\0007\000\040\000t\000e\000s\000t\000\137\000M\000o\000d\000e\000l\000\137\000g\000e\000t\000N\000a\000m\000e\000\050\000\051}{subsection.5.35.1}% 272
\BOOKMARK [3][-]{subsubsection.5.35.1.8}{\376\377\0005\000.\0003\0005\000.\0001\000.\0008\000\040\000t\000e\000s\000t\000\137\000M\000o\000d\000e\000l\000\137\000g\000e\000t\000S\000t\000a\000r\000t\000T\000i\000m\000e\000\050\000\051}{subsection.5.35.1}% 273
\BOOKMARK [3][-]{subsubsection.5.35.1.9}{\376\377\0005\000.\0003\0005\000.\0001\000.\0009\000\040\000t\000e\000s\000t\000\137\000M\000o\000d\000e\000l\000\137\000g\000e\000t\000S\000y\000s\000t\000e\000m\000s\000\137\000a\000n\000d\000\137\000a\000d\000d\000\050\000\051}{subsection.5.35.1}% 274
\BOOKMARK [3][-]{subsubsection.5.35.1.10}{\376\377\0005\000.\0003\0005\000.\0001\000.\0001\0000\000\040\000t\000e\000s\000t\000\137\000M\000o\000d\000e\000l\000\137\000r\000m\000v\000\137\000F\000l\000o\000w\000\050\000\051}{subsection.5.35.1}% 275
\BOOKMARK [3][-]{subsubsection.5.35.1.11}{\376\377\0005\000.\0003\0005\000.\0001\000.\0001\0001\000\040\000t\000e\000s\000t\000\137\000M\000o\000d\000e\000l\000\137\000r\000m\000v\000\137\000S\000y\000t\000e\000m\000\050\000\051}{subsection.5.35.1}% 276
\BOOKMARK [3][-]{subsubsection.5.35.1.12}{\376\377\0005\000.\0003\0005\000.\0001\000.\0001\0002\000\040\000t\000e\000s\000t\000\137\000M\000o\000d\000e\000l\000\137\000r\000u\000n\000\050\000\051}{subsection.5.35.1}% 277
\BOOKMARK [3][-]{subsubsection.5.35.1.13}{\376\377\0005\000.\0003\0005\000.\0001\000.\0001\0003\000\040\000t\000e\000s\000t\000\137\000M\000o\000d\000e\000l\000\137\000s\000e\000t\000E\000n\000d\000T\000i\000m\000e\000\050\000\051}{subsection.5.35.1}% 278
\BOOKMARK [3][-]{subsubsection.5.35.1.14}{\376\377\0005\000.\0003\0005\000.\0001\000.\0001\0004\000\040\000t\000e\000s\000t\000\137\000M\000o\000d\000e\000l\000\137\000s\000e\000t\000F\000l\000o\000w\000s\000\050\000\051}{subsection.5.35.1}% 279
\BOOKMARK [3][-]{subsubsection.5.35.1.15}{\376\377\0005\000.\0003\0005\000.\0001\000.\0001\0005\000\040\000t\000e\000s\000t\000\137\000M\000o\000d\000e\000l\000\137\000s\000e\000t\000N\000a\000m\000e\000\050\000\051}{subsection.5.35.1}% 280
\BOOKMARK [3][-]{subsubsection.5.35.1.16}{\376\377\0005\000.\0003\0005\000.\0001\000.\0001\0006\000\040\000t\000e\000s\000t\000\137\000M\000o\000d\000e\000l\000\137\000s\000e\000t\000S\000t\000a\000r\000t\000T\000i\000m\000e\000\050\000\051}{subsection.5.35.1}% 281
\BOOKMARK [3][-]{subsubsection.5.35.1.17}{\376\377\0005\000.\0003\0005\000.\0001\000.\0001\0007\000\040\000t\000e\000s\000t\000\137\000M\000o\000d\000e\000l\000\137\000s\000e\000t\000S\000y\000s\000t\000e\000m\000s\000\050\000\051}{subsection.5.35.1}% 282
\BOOKMARK [3][-]{subsubsection.5.35.1.18}{\376\377\0005\000.\0003\0005\000.\0001\000.\0001\0008\000\040\000t\000e\000s\000t\000\137\000M\000o\000d\000e\000l\000\137\000s\000e\000t\000T\000i\000m\000e\000\050\000\051}{subsection.5.35.1}% 283
\BOOKMARK [1][-]{section.5.36}{\376\377\0005\000.\0003\0006\000\040\000/\000h\000o\000m\000e\000/\000p\000e\000d\000r\000o\000/\000D\000o\000w\000n\000l\000o\000a\000d\000s\000/\000U\000F\000O\000P\000/\000P\000e\000r\000i\000o\000d\000o\0006\000/\000E\000n\000g\000S\000o\000f\000t\000w\000a\000r\000e\0001\000/\000E\000n\000g\000e\000n\000h\000a\000r\000i\000a\000\137\000d\000e\000\137\000S\000o\000f\000t\000w\000a\000r\000e\0001\000\137\000t\000p\0001\000/\000t\000e\000s\000t\000s\000/\000u\000n\000i\000t\000\137\000t\000e\000s\000t\000s\000/\000s\000r\000c\000/\000u\000n\000i\000t\000\137\000M\000o\000d\000e\000l\000.\000h\000p\000p\000\040\000F\000i\000l\000e\000\040\000R\000e\000f\000e\000r\000e\000n\000c\000e}{chapter.5}% 284
\BOOKMARK [2][-]{subsection.5.36.1}{\376\377\0005\000.\0003\0006\000.\0001\000\040\000F\000u\000n\000c\000t\000i\000o\000n\000\040\000D\000o\000c\000u\000m\000e\000n\000t\000a\000t\000i\000o\000n}{section.5.36}% 285
\BOOKMARK [3][-]{subsubsection.5.36.1.1}{\376\377\0005\000.\0003\0006\000.\0001\000.\0001\000\040\000r\000u\000n\000\137\000M\000o\000d\000e\000l\000\137\000u\000n\000i\000t\000\137\000t\000e\000s\000t\000\050\000\051}{subsection.5.36.1}% 286
\BOOKMARK [3][-]{subsubsection.5.36.1.2}{\376\377\0005\000.\0003\0006\000.\0001\000.\0002\000\040\000t\000e\000s\000t\000\137\000M\000o\000d\000e\000l\000\137\000c\000o\000n\000s\000t\000r\000u\000c\000t\000o\000r\000\050\000\051}{subsection.5.36.1}% 287
\BOOKMARK [3][-]{subsubsection.5.36.1.3}{\376\377\0005\000.\0003\0006\000.\0001\000.\0003\000\040\000t\000e\000s\000t\000\137\000M\000o\000d\000e\000l\000\137\000d\000e\000s\000t\000r\000u\000c\000t\000o\000r\000\050\000\051}{subsection.5.36.1}% 288
\BOOKMARK [3][-]{subsubsection.5.36.1.4}{\376\377\0005\000.\0003\0006\000.\0001\000.\0004\000\040\000t\000e\000s\000t\000\137\000M\000o\000d\000e\000l\000\137\000e\000q\000u\000a\000l\000\050\000\051}{subsection.5.36.1}% 289
\BOOKMARK [3][-]{subsubsection.5.36.1.5}{\376\377\0005\000.\0003\0006\000.\0001\000.\0005\000\040\000t\000e\000s\000t\000\137\000M\000o\000d\000e\000l\000\137\000g\000e\000t\000E\000n\000d\000T\000i\000m\000e\000\050\000\051}{subsection.5.36.1}% 290
\BOOKMARK [3][-]{subsubsection.5.36.1.6}{\376\377\0005\000.\0003\0006\000.\0001\000.\0006\000\040\000t\000e\000s\000t\000\137\000M\000o\000d\000e\000l\000\137\000g\000e\000t\000F\000l\000o\000w\000s\000\137\000a\000n\000d\000\137\000a\000d\000d\000\050\000\051}{subsection.5.36.1}% 291
\BOOKMARK [3][-]{subsubsection.5.36.1.7}{\376\377\0005\000.\0003\0006\000.\0001\000.\0007\000\040\000t\000e\000s\000t\000\137\000M\000o\000d\000e\000l\000\137\000g\000e\000t\000N\000a\000m\000e\000\050\000\051}{subsection.5.36.1}% 292
\BOOKMARK [3][-]{subsubsection.5.36.1.8}{\376\377\0005\000.\0003\0006\000.\0001\000.\0008\000\040\000t\000e\000s\000t\000\137\000M\000o\000d\000e\000l\000\137\000g\000e\000t\000S\000t\000a\000r\000t\000T\000i\000m\000e\000\050\000\051}{subsection.5.36.1}% 293
\BOOKMARK [3][-]{subsubsection.5.36.1.9}{\376\377\0005\000.\0003\0006\000.\0001\000.\0009\000\040\000t\000e\000s\000t\000\137\000M\000o\000d\000e\000l\000\137\000g\000e\000t\000S\000y\000s\000t\000e\000m\000s\000\137\000a\000n\000d\000\137\000a\000d\000d\000\050\000\051}{subsection.5.36.1}% 294
\BOOKMARK [3][-]{subsubsection.5.36.1.10}{\376\377\0005\000.\0003\0006\000.\0001\000.\0001\0000\000\040\000t\000e\000s\000t\000\137\000M\000o\000d\000e\000l\000\137\000r\000m\000v\000\137\000F\000l\000o\000w\000\050\000\051}{subsection.5.36.1}% 295
\BOOKMARK [3][-]{subsubsection.5.36.1.11}{\376\377\0005\000.\0003\0006\000.\0001\000.\0001\0001\000\040\000t\000e\000s\000t\000\137\000M\000o\000d\000e\000l\000\137\000r\000m\000v\000\137\000S\000y\000t\000e\000m\000\050\000\051}{subsection.5.36.1}% 296
\BOOKMARK [3][-]{subsubsection.5.36.1.12}{\376\377\0005\000.\0003\0006\000.\0001\000.\0001\0002\000\040\000t\000e\000s\000t\000\137\000M\000o\000d\000e\000l\000\137\000r\000u\000n\000\050\000\051}{subsection.5.36.1}% 297
\BOOKMARK [3][-]{subsubsection.5.36.1.13}{\376\377\0005\000.\0003\0006\000.\0001\000.\0001\0003\000\040\000t\000e\000s\000t\000\137\000M\000o\000d\000e\000l\000\137\000s\000e\000t\000E\000n\000d\000T\000i\000m\000e\000\050\000\051}{subsection.5.36.1}% 298
\BOOKMARK [3][-]{subsubsection.5.36.1.14}{\376\377\0005\000.\0003\0006\000.\0001\000.\0001\0004\000\040\000t\000e\000s\000t\000\137\000M\000o\000d\000e\000l\000\137\000s\000e\000t\000F\000l\000o\000w\000s\000\050\000\051}{subsection.5.36.1}% 299
\BOOKMARK [3][-]{subsubsection.5.36.1.15}{\376\377\0005\000.\0003\0006\000.\0001\000.\0001\0005\000\040\000t\000e\000s\000t\000\137\000M\000o\000d\000e\000l\000\137\000s\000e\000t\000N\000a\000m\000e\000\050\000\051}{subsection.5.36.1}% 300
\BOOKMARK [3][-]{subsubsection.5.36.1.16}{\376\377\0005\000.\0003\0006\000.\0001\000.\0001\0006\000\040\000t\000e\000s\000t\000\137\000M\000o\000d\000e\000l\000\137\000s\000e\000t\000S\000t\000a\000r\000t\000T\000i\000m\000e\000\050\000\051}{subsection.5.36.1}% 301
\BOOKMARK [3][-]{subsubsection.5.36.1.17}{\376\377\0005\000.\0003\0006\000.\0001\000.\0001\0007\000\040\000t\000e\000s\000t\000\137\000M\000o\000d\000e\000l\000\137\000s\000e\000t\000S\000y\000s\000t\000e\000m\000s\000\050\000\051}{subsection.5.36.1}% 302
\BOOKMARK [3][-]{subsubsection.5.36.1.18}{\376\377\0005\000.\0003\0006\000.\0001\000.\0001\0008\000\040\000t\000e\000s\000t\000\137\000M\000o\000d\000e\000l\000\137\000s\000e\000t\000T\000i\000m\000e\000\050\000\051}{subsection.5.36.1}% 303
\BOOKMARK [1][-]{section.5.37}{\376\377\0005\000.\0003\0007\000\040\000u\000n\000i\000t\000\137\000M\000o\000d\000e\000l\000.\000h\000p\000p}{chapter.5}% 304
\BOOKMARK [1][-]{section.5.38}{\376\377\0005\000.\0003\0008\000\040\000/\000h\000o\000m\000e\000/\000p\000e\000d\000r\000o\000/\000D\000o\000w\000n\000l\000o\000a\000d\000s\000/\000U\000F\000O\000P\000/\000P\000e\000r\000i\000o\000d\000o\0006\000/\000E\000n\000g\000S\000o\000f\000t\000w\000a\000r\000e\0001\000/\000E\000n\000g\000e\000n\000h\000a\000r\000i\000a\000\137\000d\000e\000\137\000S\000o\000f\000t\000w\000a\000r\000e\0001\000\137\000t\000p\0001\000/\000t\000e\000s\000t\000s\000/\000u\000n\000i\000t\000\137\000t\000e\000s\000t\000s\000/\000s\000r\000c\000/\000u\000n\000i\000t\000\137\000M\000y\000V\000e\000n\000s\000i\000m\000.\000c\000p\000p\000\040\000F\000i\000l\000e\000\040\000R\000e\000f\000e\000r\000e\000n\000c\000e}{chapter.5}% 305
\BOOKMARK [2][-]{subsection.5.38.1}{\376\377\0005\000.\0003\0008\000.\0001\000\040\000F\000u\000n\000c\000t\000i\000o\000n\000\040\000D\000o\000c\000u\000m\000e\000n\000t\000a\000t\000i\000o\000n}{section.5.38}% 306
\BOOKMARK [3][-]{subsubsection.5.38.1.1}{\376\377\0005\000.\0003\0008\000.\0001\000.\0001\000\040\000r\000u\000n\000\137\000M\000y\000V\000e\000n\000s\000i\000m\000\137\000u\000n\000i\000t\000\137\000t\000e\000s\000t\000\050\000\051}{subsection.5.38.1}% 307
\BOOKMARK [3][-]{subsubsection.5.38.1.2}{\376\377\0005\000.\0003\0008\000.\0001\000.\0002\000\040\000t\000e\000s\000t\000\137\000M\000y\000V\000e\000n\000s\000i\000m\000\137\000c\000o\000n\000s\000t\000r\000u\000c\000t\000o\000r\000\050\000\051}{subsection.5.38.1}% 308
\BOOKMARK [3][-]{subsubsection.5.38.1.3}{\376\377\0005\000.\0003\0008\000.\0001\000.\0003\000\040\000t\000e\000s\000t\000\137\000M\000y\000V\000e\000n\000s\000i\000m\000\137\000d\000e\000s\000t\000r\000u\000c\000t\000o\000r\000\050\000\051}{subsection.5.38.1}% 309
\BOOKMARK [3][-]{subsubsection.5.38.1.4}{\376\377\0005\000.\0003\0008\000.\0001\000.\0004\000\040\000t\000e\000s\000t\000\137\000M\000y\000V\000e\000n\000s\000i\000m\000\137\000e\000q\000u\000a\000l\000\050\000\051}{subsection.5.38.1}% 310
\BOOKMARK [3][-]{subsubsection.5.38.1.5}{\376\377\0005\000.\0003\0008\000.\0001\000.\0005\000\040\000t\000e\000s\000t\000\137\000M\000y\000V\000e\000n\000s\000i\000m\000\137\000g\000e\000t\000F\000l\000o\000w\000s\000\137\000a\000n\000d\000\137\000a\000d\000d\000\050\000\051}{subsection.5.38.1}% 311
\BOOKMARK [3][-]{subsubsection.5.38.1.6}{\376\377\0005\000.\0003\0008\000.\0001\000.\0006\000\040\000t\000e\000s\000t\000\137\000M\000y\000V\000e\000n\000s\000i\000m\000\137\000g\000e\000t\000M\000o\000d\000e\000l\000s\000\137\000a\000n\000d\000\137\000a\000d\000d\000\050\000\051}{subsection.5.38.1}% 312
\BOOKMARK [3][-]{subsubsection.5.38.1.7}{\376\377\0005\000.\0003\0008\000.\0001\000.\0007\000\040\000t\000e\000s\000t\000\137\000M\000y\000V\000e\000n\000s\000i\000m\000\137\000g\000e\000t\000N\000a\000m\000e\000\050\000\051}{subsection.5.38.1}% 313
\BOOKMARK [3][-]{subsubsection.5.38.1.8}{\376\377\0005\000.\0003\0008\000.\0001\000.\0008\000\040\000t\000e\000s\000t\000\137\000M\000y\000V\000e\000n\000s\000i\000m\000\137\000g\000e\000t\000S\000y\000s\000t\000e\000m\000s\000\137\000a\000n\000d\000\137\000a\000d\000d\000\050\000\051}{subsection.5.38.1}% 314
\BOOKMARK [3][-]{subsubsection.5.38.1.9}{\376\377\0005\000.\0003\0008\000.\0001\000.\0009\000\040\000t\000e\000s\000t\000\137\000M\000y\000V\000e\000n\000s\000i\000m\000\137\000r\000m\000v\000\137\000F\000l\000o\000w\000\050\000\051}{subsection.5.38.1}% 315
\BOOKMARK [3][-]{subsubsection.5.38.1.10}{\376\377\0005\000.\0003\0008\000.\0001\000.\0001\0000\000\040\000t\000e\000s\000t\000\137\000M\000y\000V\000e\000n\000s\000i\000m\000\137\000r\000m\000v\000\137\000M\000o\000d\000e\000l\000\050\000\051}{subsection.5.38.1}% 316
\BOOKMARK [3][-]{subsubsection.5.38.1.11}{\376\377\0005\000.\0003\0008\000.\0001\000.\0001\0001\000\040\000t\000e\000s\000t\000\137\000M\000y\000V\000e\000n\000s\000i\000m\000\137\000r\000m\000v\000\137\000S\000y\000t\000e\000m\000\050\000\051}{subsection.5.38.1}% 317
\BOOKMARK [3][-]{subsubsection.5.38.1.12}{\376\377\0005\000.\0003\0008\000.\0001\000.\0001\0002\000\040\000t\000e\000s\000t\000\137\000M\000y\000V\000e\000n\000s\000i\000m\000\137\000r\000u\000n\000\050\000\051}{subsection.5.38.1}% 318
\BOOKMARK [3][-]{subsubsection.5.38.1.13}{\376\377\0005\000.\0003\0008\000.\0001\000.\0001\0003\000\040\000t\000e\000s\000t\000\137\000M\000y\000V\000e\000n\000s\000i\000m\000\137\000s\000e\000t\000F\000l\000o\000w\000s\000\050\000\051}{subsection.5.38.1}% 319
\BOOKMARK [3][-]{subsubsection.5.38.1.14}{\376\377\0005\000.\0003\0008\000.\0001\000.\0001\0004\000\040\000t\000e\000s\000t\000\137\000M\000y\000V\000e\000n\000s\000i\000m\000\137\000s\000e\000t\000M\000o\000d\000e\000l\000s\000\050\000\051}{subsection.5.38.1}% 320
\BOOKMARK [3][-]{subsubsection.5.38.1.15}{\376\377\0005\000.\0003\0008\000.\0001\000.\0001\0005\000\040\000t\000e\000s\000t\000\137\000M\000y\000V\000e\000n\000s\000i\000m\000\137\000s\000e\000t\000N\000a\000m\000e\000\050\000\051}{subsection.5.38.1}% 321
\BOOKMARK [3][-]{subsubsection.5.38.1.16}{\376\377\0005\000.\0003\0008\000.\0001\000.\0001\0006\000\040\000t\000e\000s\000t\000\137\000M\000y\000V\000e\000n\000s\000i\000m\000\137\000s\000e\000t\000S\000y\000s\000t\000e\000m\000s\000\050\000\051}{subsection.5.38.1}% 322
\BOOKMARK [1][-]{section.5.39}{\376\377\0005\000.\0003\0009\000\040\000/\000h\000o\000m\000e\000/\000p\000e\000d\000r\000o\000/\000D\000o\000w\000n\000l\000o\000a\000d\000s\000/\000U\000F\000O\000P\000/\000P\000e\000r\000i\000o\000d\000o\0006\000/\000E\000n\000g\000S\000o\000f\000t\000w\000a\000r\000e\0001\000/\000E\000n\000g\000e\000n\000h\000a\000r\000i\000a\000\137\000d\000e\000\137\000S\000o\000f\000t\000w\000a\000r\000e\0001\000\137\000t\000p\0001\000/\000t\000e\000s\000t\000s\000/\000u\000n\000i\000t\000\137\000t\000e\000s\000t\000s\000/\000s\000r\000c\000/\000u\000n\000i\000t\000\137\000M\000y\000V\000e\000n\000s\000i\000m\000.\000h\000p\000p\000\040\000F\000i\000l\000e\000\040\000R\000e\000f\000e\000r\000e\000n\000c\000e}{chapter.5}% 323
\BOOKMARK [2][-]{subsection.5.39.1}{\376\377\0005\000.\0003\0009\000.\0001\000\040\000F\000u\000n\000c\000t\000i\000o\000n\000\040\000D\000o\000c\000u\000m\000e\000n\000t\000a\000t\000i\000o\000n}{section.5.39}% 324
\BOOKMARK [3][-]{subsubsection.5.39.1.1}{\376\377\0005\000.\0003\0009\000.\0001\000.\0001\000\040\000r\000u\000n\000\137\000M\000y\000V\000e\000n\000s\000i\000m\000\137\000u\000n\000i\000t\000\137\000t\000e\000s\000t\000\050\000\051}{subsection.5.39.1}% 325
\BOOKMARK [3][-]{subsubsection.5.39.1.2}{\376\377\0005\000.\0003\0009\000.\0001\000.\0002\000\040\000t\000e\000s\000t\000\137\000M\000y\000V\000e\000n\000s\000i\000m\000\137\000c\000o\000n\000s\000t\000r\000u\000c\000t\000o\000r\000\050\000\051}{subsection.5.39.1}% 326
\BOOKMARK [3][-]{subsubsection.5.39.1.3}{\376\377\0005\000.\0003\0009\000.\0001\000.\0003\000\040\000t\000e\000s\000t\000\137\000M\000y\000V\000e\000n\000s\000i\000m\000\137\000d\000e\000s\000t\000r\000u\000c\000t\000o\000r\000\050\000\051}{subsection.5.39.1}% 327
\BOOKMARK [3][-]{subsubsection.5.39.1.4}{\376\377\0005\000.\0003\0009\000.\0001\000.\0004\000\040\000t\000e\000s\000t\000\137\000M\000y\000V\000e\000n\000s\000i\000m\000\137\000e\000q\000u\000a\000l\000\050\000\051}{subsection.5.39.1}% 328
\BOOKMARK [3][-]{subsubsection.5.39.1.5}{\376\377\0005\000.\0003\0009\000.\0001\000.\0005\000\040\000t\000e\000s\000t\000\137\000M\000y\000V\000e\000n\000s\000i\000m\000\137\000g\000e\000t\000F\000l\000o\000w\000s\000\137\000a\000n\000d\000\137\000a\000d\000d\000\050\000\051}{subsection.5.39.1}% 329
\BOOKMARK [3][-]{subsubsection.5.39.1.6}{\376\377\0005\000.\0003\0009\000.\0001\000.\0006\000\040\000t\000e\000s\000t\000\137\000M\000y\000V\000e\000n\000s\000i\000m\000\137\000g\000e\000t\000M\000o\000d\000e\000l\000s\000\137\000a\000n\000d\000\137\000a\000d\000d\000\050\000\051}{subsection.5.39.1}% 330
\BOOKMARK [3][-]{subsubsection.5.39.1.7}{\376\377\0005\000.\0003\0009\000.\0001\000.\0007\000\040\000t\000e\000s\000t\000\137\000M\000y\000V\000e\000n\000s\000i\000m\000\137\000g\000e\000t\000N\000a\000m\000e\000\050\000\051}{subsection.5.39.1}% 331
\BOOKMARK [3][-]{subsubsection.5.39.1.8}{\376\377\0005\000.\0003\0009\000.\0001\000.\0008\000\040\000t\000e\000s\000t\000\137\000M\000y\000V\000e\000n\000s\000i\000m\000\137\000g\000e\000t\000S\000y\000s\000t\000e\000m\000s\000\137\000a\000n\000d\000\137\000a\000d\000d\000\050\000\051}{subsection.5.39.1}% 332
\BOOKMARK [3][-]{subsubsection.5.39.1.9}{\376\377\0005\000.\0003\0009\000.\0001\000.\0009\000\040\000t\000e\000s\000t\000\137\000M\000y\000V\000e\000n\000s\000i\000m\000\137\000r\000m\000v\000\137\000F\000l\000o\000w\000\050\000\051}{subsection.5.39.1}% 333
\BOOKMARK [3][-]{subsubsection.5.39.1.10}{\376\377\0005\000.\0003\0009\000.\0001\000.\0001\0000\000\040\000t\000e\000s\000t\000\137\000M\000y\000V\000e\000n\000s\000i\000m\000\137\000r\000m\000v\000\137\000M\000o\000d\000e\000l\000\050\000\051}{subsection.5.39.1}% 334
\BOOKMARK [3][-]{subsubsection.5.39.1.11}{\376\377\0005\000.\0003\0009\000.\0001\000.\0001\0001\000\040\000t\000e\000s\000t\000\137\000M\000y\000V\000e\000n\000s\000i\000m\000\137\000r\000m\000v\000\137\000S\000y\000t\000e\000m\000\050\000\051}{subsection.5.39.1}% 335
\BOOKMARK [3][-]{subsubsection.5.39.1.12}{\376\377\0005\000.\0003\0009\000.\0001\000.\0001\0002\000\040\000t\000e\000s\000t\000\137\000M\000y\000V\000e\000n\000s\000i\000m\000\137\000r\000u\000n\000\050\000\051}{subsection.5.39.1}% 336
\BOOKMARK [3][-]{subsubsection.5.39.1.13}{\376\377\0005\000.\0003\0009\000.\0001\000.\0001\0003\000\040\000t\000e\000s\000t\000\137\000M\000y\000V\000e\000n\000s\000i\000m\000\137\000s\000e\000t\000F\000l\000o\000w\000s\000\050\000\051}{subsection.5.39.1}% 337
\BOOKMARK [3][-]{subsubsection.5.39.1.14}{\376\377\0005\000.\0003\0009\000.\0001\000.\0001\0004\000\040\000t\000e\000s\000t\000\137\000M\000y\000V\000e\000n\000s\000i\000m\000\137\000s\000e\000t\000M\000o\000d\000e\000l\000s\000\050\000\051}{subsection.5.39.1}% 338
\BOOKMARK [3][-]{subsubsection.5.39.1.15}{\376\377\0005\000.\0003\0009\000.\0001\000.\0001\0005\000\040\000t\000e\000s\000t\000\137\000M\000y\000V\000e\000n\000s\000i\000m\000\137\000s\000e\000t\000N\000a\000m\000e\000\050\000\051}{subsection.5.39.1}% 339
\BOOKMARK [3][-]{subsubsection.5.39.1.16}{\376\377\0005\000.\0003\0009\000.\0001\000.\0001\0006\000\040\000t\000e\000s\000t\000\137\000M\000y\000V\000e\000n\000s\000i\000m\000\137\000s\000e\000t\000S\000y\000s\000t\000e\000m\000s\000\050\000\051}{subsection.5.39.1}% 340
\BOOKMARK [1][-]{section.5.40}{\376\377\0005\000.\0004\0000\000\040\000u\000n\000i\000t\000\137\000M\000y\000V\000e\000n\000s\000i\000m\000.\000h\000p\000p}{chapter.5}% 341
\BOOKMARK [1][-]{section.5.41}{\376\377\0005\000.\0004\0001\000\040\000/\000h\000o\000m\000e\000/\000p\000e\000d\000r\000o\000/\000D\000o\000w\000n\000l\000o\000a\000d\000s\000/\000U\000F\000O\000P\000/\000P\000e\000r\000i\000o\000d\000o\0006\000/\000E\000n\000g\000S\000o\000f\000t\000w\000a\000r\000e\0001\000/\000E\000n\000g\000e\000n\000h\000a\000r\000i\000a\000\137\000d\000e\000\137\000S\000o\000f\000t\000w\000a\000r\000e\0001\000\137\000t\000p\0001\000/\000t\000e\000s\000t\000s\000/\000u\000n\000i\000t\000\137\000t\000e\000s\000t\000s\000/\000s\000r\000c\000/\000u\000n\000i\000t\000\137\000S\000y\000s\000t\000e\000m\000.\000c\000p\000p\000\040\000F\000i\000l\000e\000\040\000R\000e\000f\000e\000r\000e\000n\000c\000e}{chapter.5}% 342
\BOOKMARK [2][-]{subsection.5.41.1}{\376\377\0005\000.\0004\0001\000.\0001\000\040\000F\000u\000n\000c\000t\000i\000o\000n\000\040\000D\000o\000c\000u\000m\000e\000n\000t\000a\000t\000i\000o\000n}{section.5.41}% 343
\BOOKMARK [3][-]{subsubsection.5.41.1.1}{\376\377\0005\000.\0004\0001\000.\0001\000.\0001\000\040\000r\000u\000n\000\137\000S\000y\000s\000t\000e\000m\000\137\000u\000n\000i\000t\000\137\000t\000e\000s\000t\000\050\000\051}{subsection.5.41.1}% 344
\BOOKMARK [3][-]{subsubsection.5.41.1.2}{\376\377\0005\000.\0004\0001\000.\0001\000.\0002\000\040\000t\000e\000s\000t\000\137\000S\000y\000s\000t\000e\000m\000\137\000c\000o\000n\000s\000t\000r\000u\000c\000t\000o\000r\000\050\000\051}{subsection.5.41.1}% 345
\BOOKMARK [3][-]{subsubsection.5.41.1.3}{\376\377\0005\000.\0004\0001\000.\0001\000.\0003\000\040\000t\000e\000s\000t\000\137\000S\000y\000s\000t\000e\000m\000\137\000d\000e\000s\000t\000r\000u\000c\000t\000o\000r\000\050\000\051}{subsection.5.41.1}% 346
\BOOKMARK [3][-]{subsubsection.5.41.1.4}{\376\377\0005\000.\0004\0001\000.\0001\000.\0004\000\040\000t\000e\000s\000t\000\137\000S\000y\000s\000t\000e\000m\000\137\000e\000q\000u\000a\000l\000\050\000\051}{subsection.5.41.1}% 347
\BOOKMARK [3][-]{subsubsection.5.41.1.5}{\376\377\0005\000.\0004\0001\000.\0001\000.\0005\000\040\000t\000e\000s\000t\000\137\000S\000y\000s\000t\000e\000m\000\137\000g\000e\000t\000N\000a\000m\000e\000\050\000\051}{subsection.5.41.1}% 348
\BOOKMARK [3][-]{subsubsection.5.41.1.6}{\376\377\0005\000.\0004\0001\000.\0001\000.\0006\000\040\000t\000e\000s\000t\000\137\000S\000y\000s\000t\000e\000m\000\137\000g\000e\000t\000V\000a\000l\000u\000e\000\050\000\051}{subsection.5.41.1}% 349
\BOOKMARK [3][-]{subsubsection.5.41.1.7}{\376\377\0005\000.\0004\0001\000.\0001\000.\0007\000\040\000t\000e\000s\000t\000\137\000S\000y\000s\000t\000e\000m\000\137\000s\000e\000t\000N\000a\000m\000e\000\050\000\051}{subsection.5.41.1}% 350
\BOOKMARK [3][-]{subsubsection.5.41.1.8}{\376\377\0005\000.\0004\0001\000.\0001\000.\0008\000\040\000t\000e\000s\000t\000\137\000S\000y\000s\000t\000e\000m\000\137\000s\000e\000t\000V\000a\000l\000u\000e\000\050\000\051}{subsection.5.41.1}% 351
\BOOKMARK [1][-]{section.5.42}{\376\377\0005\000.\0004\0002\000\040\000/\000h\000o\000m\000e\000/\000p\000e\000d\000r\000o\000/\000D\000o\000w\000n\000l\000o\000a\000d\000s\000/\000U\000F\000O\000P\000/\000P\000e\000r\000i\000o\000d\000o\0006\000/\000E\000n\000g\000S\000o\000f\000t\000w\000a\000r\000e\0001\000/\000E\000n\000g\000e\000n\000h\000a\000r\000i\000a\000\137\000d\000e\000\137\000S\000o\000f\000t\000w\000a\000r\000e\0001\000\137\000t\000p\0001\000/\000t\000e\000s\000t\000s\000/\000u\000n\000i\000t\000\137\000t\000e\000s\000t\000s\000/\000s\000r\000c\000/\000u\000n\000i\000t\000\137\000S\000y\000s\000t\000e\000m\000.\000h\000p\000p\000\040\000F\000i\000l\000e\000\040\000R\000e\000f\000e\000r\000e\000n\000c\000e}{chapter.5}% 352
\BOOKMARK [2][-]{subsection.5.42.1}{\376\377\0005\000.\0004\0002\000.\0001\000\040\000F\000u\000n\000c\000t\000i\000o\000n\000\040\000D\000o\000c\000u\000m\000e\000n\000t\000a\000t\000i\000o\000n}{section.5.42}% 353
\BOOKMARK [3][-]{subsubsection.5.42.1.1}{\376\377\0005\000.\0004\0002\000.\0001\000.\0001\000\040\000r\000u\000n\000\137\000S\000y\000s\000t\000e\000m\000\137\000u\000n\000i\000t\000\137\000t\000e\000s\000t\000\050\000\051}{subsection.5.42.1}% 354
\BOOKMARK [3][-]{subsubsection.5.42.1.2}{\376\377\0005\000.\0004\0002\000.\0001\000.\0002\000\040\000t\000e\000s\000t\000\137\000S\000y\000s\000t\000e\000m\000\137\000c\000o\000n\000s\000t\000r\000u\000c\000t\000o\000r\000\050\000\051}{subsection.5.42.1}% 355
\BOOKMARK [3][-]{subsubsection.5.42.1.3}{\376\377\0005\000.\0004\0002\000.\0001\000.\0003\000\040\000t\000e\000s\000t\000\137\000S\000y\000s\000t\000e\000m\000\137\000d\000e\000s\000t\000r\000u\000c\000t\000o\000r\000\050\000\051}{subsection.5.42.1}% 356
\BOOKMARK [3][-]{subsubsection.5.42.1.4}{\376\377\0005\000.\0004\0002\000.\0001\000.\0004\000\040\000t\000e\000s\000t\000\137\000S\000y\000s\000t\000e\000m\000\137\000e\000q\000u\000a\000l\000\050\000\051}{subsection.5.42.1}% 357
\BOOKMARK [3][-]{subsubsection.5.42.1.5}{\376\377\0005\000.\0004\0002\000.\0001\000.\0005\000\040\000t\000e\000s\000t\000\137\000S\000y\000s\000t\000e\000m\000\137\000g\000e\000t\000N\000a\000m\000e\000\050\000\051}{subsection.5.42.1}% 358
\BOOKMARK [3][-]{subsubsection.5.42.1.6}{\376\377\0005\000.\0004\0002\000.\0001\000.\0006\000\040\000t\000e\000s\000t\000\137\000S\000y\000s\000t\000e\000m\000\137\000g\000e\000t\000V\000a\000l\000u\000e\000\050\000\051}{subsection.5.42.1}% 359
\BOOKMARK [3][-]{subsubsection.5.42.1.7}{\376\377\0005\000.\0004\0002\000.\0001\000.\0007\000\040\000t\000e\000s\000t\000\137\000S\000y\000s\000t\000e\000m\000\137\000s\000e\000t\000N\000a\000m\000e\000\050\000\051}{subsection.5.42.1}% 360
\BOOKMARK [3][-]{subsubsection.5.42.1.8}{\376\377\0005\000.\0004\0002\000.\0001\000.\0008\000\040\000t\000e\000s\000t\000\137\000S\000y\000s\000t\000e\000m\000\137\000s\000e\000t\000V\000a\000l\000u\000e\000\050\000\051}{subsection.5.42.1}% 361
\BOOKMARK [1][-]{section.5.43}{\376\377\0005\000.\0004\0003\000\040\000u\000n\000i\000t\000\137\000S\000y\000s\000t\000e\000m\000.\000h\000p\000p}{chapter.5}% 362
